#
# There is insufficient memory for the Java Runtime Environment to continue.
# Native memory allocation (malloc) failed to allocate 248176 bytes for Chunk::new
# Possible reasons:
#   The system is out of physical RAM or swap space
#   The process is running with CompressedOops enabled, and the Java Heap may be blocking the growth of the native heap
# Possible solutions:
#   Reduce memory load on the system
#   Increase physical memory or swap space
#   Check if swap backing store is full
#   Decrease Java heap size (-Xmx/-Xms)
#   Decrease number of Java threads
#   Decrease Java thread stack sizes (-Xss)
#   Set larger code cache with -XX:ReservedCodeCacheSize=
#   JVM is running with Unscaled Compressed Oops mode in which the Java heap is
#     placed in the first 4GB address space. The Java Heap base address is the
#     maximum limit for the native heap growth. Please use -XX:HeapBaseMinAddress
#     to set the Java Heap base and to place the Java Heap above 4GB virtual address.
# This output file may be truncated or incomplete.
#
#  Out of Memory Error (arena.cpp:189), pid=32732, tid=37200
#
# JRE version: Java(TM) SE Runtime Environment (17.0.5+9) (build 17.0.5+9-LTS-191)
# Java VM: Java HotSpot(TM) 64-Bit Server VM (17.0.5+9-LTS-191, mixed mode, sharing, tiered, compressed oops, compressed class ptrs, g1 gc, windows-amd64)
# No core dump will be written. Minidumps are not enabled by default on client versions of Windows
#

---------------  S U M M A R Y ------------

Command Line: -Xmx64m -Xms64m -Dorg.gradle.appname=gradlew org.gradle.wrapper.GradleWrapperMain app:installDebug -PreactNativeDevServerPort=8081

Host: Intel(R) Core(TM) i7-6500U CPU @ 2.50GHz, 4 cores, 7G,  Windows 10 , 64 bit Build 19041 (10.0.19041.2546)
Time: Fri Feb 24 17:18:25 2023 Eastern Standard Time elapsed time: 136.019178 seconds (0d 0h 2m 16s)

---------------  T H R E A D  ---------------

Current thread (0x00000231a38e7890):  JavaThread "C2 CompilerThread0" daemon [_thread_in_native, id=37200, stack(0x0000005ea0900000,0x0000005ea0a00000)]


Current CompileTask:
C2: 136019 1609 % !   4       java.io.BufferedReader::readLine @ 139 (327 bytes)

Stack: [0x0000005ea0900000,0x0000005ea0a00000]
Native frames: (J=compiled Java code, j=interpreted, Vv=VM code, C=native code)
V  [jvm.dll+0x672eea]
V  [jvm.dll+0x7d2a04]
V  [jvm.dll+0x7d41ae]
V  [jvm.dll+0x7d4813]
V  [jvm.dll+0x242c15]
V  [jvm.dll+0xaa57b]
V  [jvm.dll+0xaab0c]
V  [jvm.dll+0x35ff97]
V  [jvm.dll+0x32a631]
V  [jvm.dll+0x329ada]
V  [jvm.dll+0x215cc1]
V  [jvm.dll+0x2150e1]
V  [jvm.dll+0x1a18ed]
V  [jvm.dll+0x22493a]
V  [jvm.dll+0x222aa5]
V  [jvm.dll+0x7885db]
V  [jvm.dll+0x782b4a]
V  [jvm.dll+0x671d75]
C  [ucrtbase.dll+0x21bb2]
C  [KERNEL32.DLL+0x17614]
C  [ntdll.dll+0x526a1]


---------------  P R O C E S S  ---------------

Threads class SMR info:
_java_thread_list=0x00000231a4e69190, length=15, elements={
0x000002318aa35d10, 0x000002318ab0c840, 0x000002318ab0d6b0, 0x00000231a38e4ad0,
0x00000231a38e5390, 0x00000231a38e5d40, 0x00000231a38e66f0, 0x00000231a38e7890,
0x00000231a3953720, 0x00000231a39604d0, 0x00000231a44347a0, 0x00000231a443d0e0,
0x00000231a4d4d810, 0x00000231a472a6b0, 0x00000231a4e693a0
}

Java Threads: ( => current thread )
  0x000002318aa35d10 JavaThread "main" [_thread_blocked, id=39796, stack(0x0000005e9fc00000,0x0000005e9fd00000)]
  0x000002318ab0c840 JavaThread "Reference Handler" daemon [_thread_blocked, id=40656, stack(0x0000005ea0300000,0x0000005ea0400000)]
  0x000002318ab0d6b0 JavaThread "Finalizer" daemon [_thread_blocked, id=41780, stack(0x0000005ea0400000,0x0000005ea0500000)]
  0x00000231a38e4ad0 JavaThread "Signal Dispatcher" daemon [_thread_blocked, id=37464, stack(0x0000005ea0500000,0x0000005ea0600000)]
  0x00000231a38e5390 JavaThread "Attach Listener" daemon [_thread_blocked, id=44688, stack(0x0000005ea0600000,0x0000005ea0700000)]
  0x00000231a38e5d40 JavaThread "Service Thread" daemon [_thread_blocked, id=27052, stack(0x0000005ea0700000,0x0000005ea0800000)]
  0x00000231a38e66f0 JavaThread "Monitor Deflation Thread" daemon [_thread_blocked, id=43900, stack(0x0000005ea0800000,0x0000005ea0900000)]
=>0x00000231a38e7890 JavaThread "C2 CompilerThread0" daemon [_thread_in_native, id=37200, stack(0x0000005ea0900000,0x0000005ea0a00000)]
  0x00000231a3953720 JavaThread "C1 CompilerThread0" daemon [_thread_blocked, id=40940, stack(0x0000005ea0a00000,0x0000005ea0b00000)]
  0x00000231a39604d0 JavaThread "Sweeper thread" daemon [_thread_blocked, id=44876, stack(0x0000005ea0b00000,0x0000005ea0c00000)]
  0x00000231a44347a0 JavaThread "Notification Thread" daemon [_thread_blocked, id=14620, stack(0x0000005ea0c00000,0x0000005ea0d00000)]
  0x00000231a443d0e0 JavaThread "Common-Cleaner" daemon [_thread_blocked, id=33880, stack(0x0000005ea0e00000,0x0000005ea0f00000)]
  0x00000231a4d4d810 JavaThread "pool-1-thread-1" [_thread_in_native, id=23660, stack(0x0000005ea1200000,0x0000005ea1300000)]
  0x00000231a472a6b0 JavaThread "DisconnectableInputStream source reader" daemon [_thread_in_native, id=42744, stack(0x0000005ea1400000,0x0000005ea1500000)]
  0x00000231a4e693a0 JavaThread "Forward input" [_thread_blocked, id=44524, stack(0x0000005ea1500000,0x0000005ea1600000)]

Other Threads:
  0x000002318ab04bd0 VMThread "VM Thread" [stack: 0x0000005ea0200000,0x0000005ea0300000] [id=38936]
  0x00000231a4436c80 WatcherThread [stack: 0x0000005ea0d00000,0x0000005ea0e00000] [id=12920]
  0x000002318aa558f0 GCTaskThread "GC Thread#0" [stack: 0x0000005e9fd00000,0x0000005e9fe00000] [id=43412]
  0x00000231a4749000 GCTaskThread "GC Thread#1" [stack: 0x0000005ea0f00000,0x0000005ea1000000] [id=29020]
  0x00000231a47bacb0 GCTaskThread "GC Thread#2" [stack: 0x0000005ea1000000,0x0000005ea1100000] [id=37944]
  0x00000231a47baf60 GCTaskThread "GC Thread#3" [stack: 0x0000005ea1100000,0x0000005ea1200000] [id=15344]
  0x000002318aa57030 ConcurrentGCThread "G1 Main Marker" [stack: 0x0000005e9fe00000,0x0000005e9ff00000] [id=43536]
  0x000002318aa57a40 ConcurrentGCThread "G1 Conc#0" [stack: 0x0000005e9ff00000,0x0000005ea0000000] [id=43628]
  0x000002318aaa4580 ConcurrentGCThread "G1 Refine#0" [stack: 0x0000005ea0000000,0x0000005ea0100000] [id=39228]
  0x000002318aaa4fa0 ConcurrentGCThread "G1 Service" [stack: 0x0000005ea0100000,0x0000005ea0200000] [id=22380]

Threads with active compile tasks:
C2 CompilerThread0   136078 1609 % !   4       java.io.BufferedReader::readLine @ 139 (327 bytes)

VM state: not at safepoint (normal execution)

VM Mutex/Monitor currently owned by a thread: None

Heap address: 0x00000000fc000000, size: 64 MB, Compressed Oops mode: 32-bit

CDS archive(s) mapped at: [0x0000000800000000-0x0000000800bd0000-0x0000000800bd0000), size 12386304, SharedBaseAddress: 0x0000000800000000, ArchiveRelocationMode: 0.
Compressed class space mapped at: 0x0000000800c00000-0x0000000840c00000, reserved size: 1073741824
Narrow klass base: 0x0000000800000000, Narrow klass shift: 0, Narrow klass range: 0x100000000

GC Precious Log:
 CPUs: 4 total, 4 available
 Memory: 8049M
 Large Page Support: Disabled
 NUMA Support: Disabled
 Compressed Oops: Enabled (32-bit)
 Heap Region Size: 1M
 Heap Min Capacity: 64M
 Heap Initial Capacity: 64M
 Heap Max Capacity: 64M
 Pre-touch: Disabled
 Parallel Workers: 4
 Concurrent Workers: 1
 Concurrent Refinement Workers: 4
 Periodic GC: Disabled

Heap:
 garbage-first heap   total 65536K, used 22094K [0x00000000fc000000, 0x0000000100000000)
  region size 1024K, 16 young (16384K), 3 survivors (3072K)
 Metaspace       used 8727K, committed 8832K, reserved 1056768K
  class space    used 1160K, committed 1216K, reserved 1048576K

Heap Regions: E=young(eden), S=young(survivor), O=old, HS=humongous(starts), HC=humongous(continues), CS=collection set, F=free, OA=open archive, CA=closed archive, TAMS=top-at-mark-start (previous, next)
|   0|0x00000000fc000000, 0x00000000fc100000, 0x00000000fc100000|100%|HS|  |TAMS 0x00000000fc000000, 0x00000000fc000000| Complete 
|   1|0x00000000fc100000, 0x00000000fc200000, 0x00000000fc200000|100%|HC|  |TAMS 0x00000000fc100000, 0x00000000fc100000| Complete 
|   2|0x00000000fc200000, 0x00000000fc300000, 0x00000000fc300000|100%|HC|  |TAMS 0x00000000fc200000, 0x00000000fc200000| Complete 
|   3|0x00000000fc300000, 0x00000000fc400000, 0x00000000fc400000|100%| O|  |TAMS 0x00000000fc300000, 0x00000000fc300000| Untracked 
|   4|0x00000000fc400000, 0x00000000fc500000, 0x00000000fc500000|100%| O|  |TAMS 0x00000000fc400000, 0x00000000fc400000| Untracked 
|   5|0x00000000fc500000, 0x00000000fc600000, 0x00000000fc600000|100%| O|  |TAMS 0x00000000fc500000, 0x00000000fc500000| Untracked 
|   6|0x00000000fc600000, 0x00000000fc693800, 0x00000000fc700000| 57%| O|  |TAMS 0x00000000fc600000, 0x00000000fc600000| Untracked 
|   7|0x00000000fc700000, 0x00000000fc700000, 0x00000000fc800000|  0%| F|  |TAMS 0x00000000fc700000, 0x00000000fc700000| Untracked 
|   8|0x00000000fc800000, 0x00000000fc800000, 0x00000000fc900000|  0%| F|  |TAMS 0x00000000fc800000, 0x00000000fc800000| Untracked 
|   9|0x00000000fc900000, 0x00000000fc900000, 0x00000000fca00000|  0%| F|  |TAMS 0x00000000fc900000, 0x00000000fc900000| Untracked 
|  10|0x00000000fca00000, 0x00000000fca00000, 0x00000000fcb00000|  0%| F|  |TAMS 0x00000000fca00000, 0x00000000fca00000| Untracked 
|  11|0x00000000fcb00000, 0x00000000fcb00000, 0x00000000fcc00000|  0%| F|  |TAMS 0x00000000fcb00000, 0x00000000fcb00000| Untracked 
|  12|0x00000000fcc00000, 0x00000000fcc00000, 0x00000000fcd00000|  0%| F|  |TAMS 0x00000000fcc00000, 0x00000000fcc00000| Untracked 
|  13|0x00000000fcd00000, 0x00000000fcd00000, 0x00000000fce00000|  0%| F|  |TAMS 0x00000000fcd00000, 0x00000000fcd00000| Untracked 
|  14|0x00000000fce00000, 0x00000000fce00000, 0x00000000fcf00000|  0%| F|  |TAMS 0x00000000fce00000, 0x00000000fce00000| Untracked 
|  15|0x00000000fcf00000, 0x00000000fcf00000, 0x00000000fd000000|  0%| F|  |TAMS 0x00000000fcf00000, 0x00000000fcf00000| Untracked 
|  16|0x00000000fd000000, 0x00000000fd000000, 0x00000000fd100000|  0%| F|  |TAMS 0x00000000fd000000, 0x00000000fd000000| Untracked 
|  17|0x00000000fd100000, 0x00000000fd100000, 0x00000000fd200000|  0%| F|  |TAMS 0x00000000fd100000, 0x00000000fd100000| Untracked 
|  18|0x00000000fd200000, 0x00000000fd200000, 0x00000000fd300000|  0%| F|  |TAMS 0x00000000fd200000, 0x00000000fd200000| Untracked 
|  19|0x00000000fd300000, 0x00000000fd300000, 0x00000000fd400000|  0%| F|  |TAMS 0x00000000fd300000, 0x00000000fd300000| Untracked 
|  20|0x00000000fd400000, 0x00000000fd400000, 0x00000000fd500000|  0%| F|  |TAMS 0x00000000fd400000, 0x00000000fd400000| Untracked 
|  21|0x00000000fd500000, 0x00000000fd500000, 0x00000000fd600000|  0%| F|  |TAMS 0x00000000fd500000, 0x00000000fd500000| Untracked 
|  22|0x00000000fd600000, 0x00000000fd600000, 0x00000000fd700000|  0%| F|  |TAMS 0x00000000fd600000, 0x00000000fd600000| Untracked 
|  23|0x00000000fd700000, 0x00000000fd700000, 0x00000000fd800000|  0%| F|  |TAMS 0x00000000fd700000, 0x00000000fd700000| Untracked 
|  24|0x00000000fd800000, 0x00000000fd800000, 0x00000000fd900000|  0%| F|  |TAMS 0x00000000fd800000, 0x00000000fd800000| Untracked 
|  25|0x00000000fd900000, 0x00000000fd900000, 0x00000000fda00000|  0%| F|  |TAMS 0x00000000fd900000, 0x00000000fd900000| Untracked 
|  26|0x00000000fda00000, 0x00000000fda00000, 0x00000000fdb00000|  0%| F|  |TAMS 0x00000000fda00000, 0x00000000fda00000| Untracked 
|  27|0x00000000fdb00000, 0x00000000fdb00000, 0x00000000fdc00000|  0%| F|  |TAMS 0x00000000fdb00000, 0x00000000fdb00000| Untracked 
|  28|0x00000000fdc00000, 0x00000000fdc00000, 0x00000000fdd00000|  0%| F|  |TAMS 0x00000000fdc00000, 0x00000000fdc00000| Untracked 
|  29|0x00000000fdd00000, 0x00000000fdd00000, 0x00000000fde00000|  0%| F|  |TAMS 0x00000000fdd00000, 0x00000000fdd00000| Untracked 
|  30|0x00000000fde00000, 0x00000000fde00000, 0x00000000fdf00000|  0%| F|  |TAMS 0x00000000fde00000, 0x00000000fde00000| Untracked 
|  31|0x00000000fdf00000, 0x00000000fdf00000, 0x00000000fe000000|  0%| F|  |TAMS 0x00000000fdf00000, 0x00000000fdf00000| Untracked 
|  32|0x00000000fe000000, 0x00000000fe000000, 0x00000000fe100000|  0%| F|  |TAMS 0x00000000fe000000, 0x00000000fe000000| Untracked 
|  33|0x00000000fe100000, 0x00000000fe100000, 0x00000000fe200000|  0%| F|  |TAMS 0x00000000fe100000, 0x00000000fe100000| Untracked 
|  34|0x00000000fe200000, 0x00000000fe200000, 0x00000000fe300000|  0%| F|  |TAMS 0x00000000fe200000, 0x00000000fe200000| Untracked 
|  35|0x00000000fe300000, 0x00000000fe300000, 0x00000000fe400000|  0%| F|  |TAMS 0x00000000fe300000, 0x00000000fe300000| Untracked 
|  36|0x00000000fe400000, 0x00000000fe400000, 0x00000000fe500000|  0%| F|  |TAMS 0x00000000fe400000, 0x00000000fe400000| Untracked 
|  37|0x00000000fe500000, 0x00000000fe500000, 0x00000000fe600000|  0%| F|  |TAMS 0x00000000fe500000, 0x00000000fe500000| Untracked 
|  38|0x00000000fe600000, 0x00000000fe600000, 0x00000000fe700000|  0%| F|  |TAMS 0x00000000fe600000, 0x00000000fe600000| Untracked 
|  39|0x00000000fe700000, 0x00000000fe700000, 0x00000000fe800000|  0%| F|  |TAMS 0x00000000fe700000, 0x00000000fe700000| Untracked 
|  40|0x00000000fe800000, 0x00000000fe800000, 0x00000000fe900000|  0%| F|  |TAMS 0x00000000fe800000, 0x00000000fe800000| Untracked 
|  41|0x00000000fe900000, 0x00000000fe900000, 0x00000000fea00000|  0%| F|  |TAMS 0x00000000fe900000, 0x00000000fe900000| Untracked 
|  42|0x00000000fea00000, 0x00000000fea00000, 0x00000000feb00000|  0%| F|  |TAMS 0x00000000fea00000, 0x00000000fea00000| Untracked 
|  43|0x00000000feb00000, 0x00000000feb00000, 0x00000000fec00000|  0%| F|  |TAMS 0x00000000feb00000, 0x00000000feb00000| Untracked 
|  44|0x00000000fec00000, 0x00000000fed00000, 0x00000000fed00000|100%| S|CS|TAMS 0x00000000fec00000, 0x00000000fec00000| Complete 
|  45|0x00000000fed00000, 0x00000000fee00000, 0x00000000fee00000|100%| S|CS|TAMS 0x00000000fed00000, 0x00000000fed00000| Complete 
|  46|0x00000000fee00000, 0x00000000fef00000, 0x00000000fef00000|100%| S|CS|TAMS 0x00000000fee00000, 0x00000000fee00000| Complete 
|  47|0x00000000fef00000, 0x00000000fef00000, 0x00000000ff000000|  0%| F|  |TAMS 0x00000000fef00000, 0x00000000fef00000| Untracked 
|  48|0x00000000ff000000, 0x00000000ff000000, 0x00000000ff100000|  0%| F|  |TAMS 0x00000000ff000000, 0x00000000ff000000| Untracked 
|  49|0x00000000ff100000, 0x00000000ff100000, 0x00000000ff200000|  0%| F|  |TAMS 0x00000000ff100000, 0x00000000ff100000| Untracked 
|  50|0x00000000ff200000, 0x00000000ff200000, 0x00000000ff300000|  0%| F|  |TAMS 0x00000000ff200000, 0x00000000ff200000| Untracked 
|  51|0x00000000ff300000, 0x00000000ff325e80, 0x00000000ff400000| 14%| E|  |TAMS 0x00000000ff300000, 0x00000000ff300000| Complete 
|  52|0x00000000ff400000, 0x00000000ff500000, 0x00000000ff500000|100%| E|CS|TAMS 0x00000000ff400000, 0x00000000ff400000| Complete 
|  53|0x00000000ff500000, 0x00000000ff600000, 0x00000000ff600000|100%| E|CS|TAMS 0x00000000ff500000, 0x00000000ff500000| Complete 
|  54|0x00000000ff600000, 0x00000000ff700000, 0x00000000ff700000|100%| E|CS|TAMS 0x00000000ff600000, 0x00000000ff600000| Complete 
|  55|0x00000000ff700000, 0x00000000ff800000, 0x00000000ff800000|100%| E|CS|TAMS 0x00000000ff700000, 0x00000000ff700000| Complete 
|  56|0x00000000ff800000, 0x00000000ff900000, 0x00000000ff900000|100%| E|CS|TAMS 0x00000000ff800000, 0x00000000ff800000| Complete 
|  57|0x00000000ff900000, 0x00000000ffa00000, 0x00000000ffa00000|100%| E|CS|TAMS 0x00000000ff900000, 0x00000000ff900000| Complete 
|  58|0x00000000ffa00000, 0x00000000ffb00000, 0x00000000ffb00000|100%| E|CS|TAMS 0x00000000ffa00000, 0x00000000ffa00000| Complete 
|  59|0x00000000ffb00000, 0x00000000ffc00000, 0x00000000ffc00000|100%| E|CS|TAMS 0x00000000ffb00000, 0x00000000ffb00000| Complete 
|  60|0x00000000ffc00000, 0x00000000ffd00000, 0x00000000ffd00000|100%| E|CS|TAMS 0x00000000ffc00000, 0x00000000ffc00000| Complete 
|  61|0x00000000ffd00000, 0x00000000ffe00000, 0x00000000ffe00000|100%| E|CS|TAMS 0x00000000ffd00000, 0x00000000ffd00000| Complete 
|  62|0x00000000ffe00000, 0x00000000fff00000, 0x00000000fff00000|100%| E|CS|TAMS 0x00000000ffe00000, 0x00000000ffe00000| Complete 
|  63|0x00000000fff00000, 0x0000000100000000, 0x0000000100000000|100%| E|CS|TAMS 0x00000000fff00000, 0x00000000fff00000| Complete 

Card table byte_map: [0x0000023188b90000,0x0000023188bb0000] _byte_map_base: 0x00000231883b0000

Marking Bits (Prev, Next): (CMBitMap*) 0x000002318aa55f00, (CMBitMap*) 0x000002318aa55f40
 Prev Bits: [0x000002318a840000, 0x000002318a940000)
 Next Bits: [0x00000231a12b0000, 0x00000231a13b0000)

Polling page: 0x00000231888a0000

Metaspace:

Usage:
  Non-class:      7.39 MB used.
      Class:      1.13 MB used.
       Both:      8.52 MB used.

Virtual space:
  Non-class space:        8.00 MB reserved,       7.44 MB ( 93%) committed,  1 nodes.
      Class space:        1.00 GB reserved,       1.19 MB ( <1%) committed,  1 nodes.
             Both:        1.01 GB reserved,       8.62 MB ( <1%) committed. 

Chunk freelists:
   Non-Class:  128.00 KB
       Class:  2.64 MB
        Both:  2.76 MB

MaxMetaspaceSize: unlimited
CompressedClassSpaceSize: 1.00 GB
Initial GC threshold: 21.00 MB
Current GC threshold: 21.00 MB
CDS: on
MetaspaceReclaimPolicy: balanced
 - commit_granule_bytes: 65536.
 - commit_granule_words: 8192.
 - virtual_space_node_default_size: 1048576.
 - enlarge_chunks_in_place: 1.
 - new_chunks_are_fully_committed: 0.
 - uncommit_free_chunks: 1.
 - use_allocation_guard: 0.
 - handle_deallocations: 1.


Internal statistics:

num_allocs_failed_limit: 0.
num_arena_births: 78.
num_arena_deaths: 0.
num_vsnodes_births: 2.
num_vsnodes_deaths: 0.
num_space_committed: 138.
num_space_uncommitted: 0.
num_chunks_returned_to_freelist: 0.
num_chunks_taken_from_freelist: 315.
num_chunk_merges: 0.
num_chunk_splits: 203.
num_chunks_enlarged: 167.
num_purges: 0.
num_inconsistent_stats: 0.

CodeHeap 'non-profiled nmethods': size=120000Kb used=572Kb max_used=572Kb free=119427Kb
 bounds [0x0000023199d80000, 0x0000023199ff0000, 0x00000231a12b0000]
CodeHeap 'profiled nmethods': size=120000Kb used=3136Kb max_used=3136Kb free=116863Kb
 bounds [0x0000023192850000, 0x0000023192b70000, 0x0000023199d80000]
CodeHeap 'non-nmethods': size=5760Kb used=1167Kb max_used=1200Kb free=4592Kb
 bounds [0x00000231922b0000, 0x0000023192520000, 0x0000023192850000]
 total_blobs=2080 nmethods=1615 adapters=378
 compilation: enabled
              stopped_count=0, restarted_count=0
 full_count=0

Compilation events (20 events):
Event: 135.917 Thread 0x00000231a38e7890 1609 % !   4       java.io.BufferedReader::readLine @ 139 (327 bytes)
Event: 135.917 Thread 0x00000231a3953720 nmethod 1607 0x0000023192b5bc10 code [0x0000023192b5bda0, 0x0000023192b5bf58]
Event: 135.917 Thread 0x00000231a3953720 1608       3       java.nio.CharBuffer::hasArray (20 bytes)
Event: 135.917 Thread 0x00000231a3953720 nmethod 1608 0x0000023192b5c010 code [0x0000023192b5c1a0, 0x0000023192b5c358]
Event: 135.917 Thread 0x00000231a3953720 1610       3       java.util.LinkedList::checkPositionIndex (22 bytes)
Event: 135.918 Thread 0x00000231a3953720 nmethod 1610 0x0000023192b5c410 code [0x0000023192b5c660, 0x0000023192b5cdc8]
Event: 135.918 Thread 0x00000231a3953720 1611       3       java.util.LinkedList::isPositionIndex (18 bytes)
Event: 135.918 Thread 0x00000231a3953720 nmethod 1611 0x0000023192b5d110 code [0x0000023192b5d2a0, 0x0000023192b5d438]
Event: 135.918 Thread 0x00000231a3953720 1612       3       org.gradle.util.internal.LimitedDescription::append (33 bytes)
Event: 135.918 Thread 0x00000231a3953720 nmethod 1612 0x0000023192b5d510 code [0x0000023192b5d740, 0x0000023192b5de88]
Event: 135.918 Thread 0x00000231a3953720 1614       3       java.util.LinkedList::add (32 bytes)
Event: 135.919 Thread 0x00000231a3953720 nmethod 1614 0x0000023192b5e190 code [0x0000023192b5e3a0, 0x0000023192b5e888]
Event: 135.919 Thread 0x00000231a3953720 1615       3       java.util.LinkedList::linkBefore (63 bytes)
Event: 135.919 Thread 0x00000231a3953720 nmethod 1615 0x0000023192b5ea90 code [0x0000023192b5ec60, 0x0000023192b5f118]
Event: 135.919 Thread 0x00000231a3953720 1613       3       java.util.LinkedList::node (65 bytes)
Event: 135.920 Thread 0x00000231a3953720 nmethod 1613 0x0000023192b5f290 code [0x0000023192b5f440, 0x0000023192b5f718]
Event: 135.920 Thread 0x00000231a3953720 1616       3       java.util.LinkedList::removeLast (23 bytes)
Event: 135.920 Thread 0x00000231a3953720 nmethod 1616 0x0000023192b5f890 code [0x0000023192b5fa40, 0x0000023192b5fc98]
Event: 135.920 Thread 0x00000231a3953720 1617       3       java.util.LinkedList::unlinkLast (64 bytes)
Event: 135.920 Thread 0x00000231a3953720 nmethod 1617 0x0000023192b5fd90 code [0x0000023192b5ff40, 0x0000023192b601d8]

GC Heap History (4 events):
Event: 2.258 GC heap before
{Heap before GC invocations=0 (full 0):
 garbage-first heap   total 65536K, used 15360K [0x00000000fc000000, 0x0000000100000000)
  region size 1024K, 13 young (13312K), 0 survivors (0K)
 Metaspace       used 1776K, committed 1920K, reserved 1056768K
  class space    used 161K, committed 192K, reserved 1048576K
}
Event: 2.299 GC heap after
{Heap after GC invocations=1 (full 0):
 garbage-first heap   total 65536K, used 3416K [0x00000000fc000000, 0x0000000100000000)
  region size 1024K, 2 young (2048K), 2 survivors (2048K)
 Metaspace       used 1776K, committed 1920K, reserved 1056768K
  class space    used 161K, committed 192K, reserved 1048576K
}
Event: 4.188 GC heap before
{Heap before GC invocations=1 (full 0):
 garbage-first heap   total 65536K, used 20824K [0x00000000fc000000, 0x0000000100000000)
  region size 1024K, 17 young (17408K), 2 survivors (2048K)
 Metaspace       used 5081K, committed 5312K, reserved 1056768K
  class space    used 683K, committed 768K, reserved 1048576K
}
Event: 4.194 GC heap after
{Heap after GC invocations=2 (full 0):
 garbage-first heap   total 65536K, used 9806K [0x00000000fc000000, 0x0000000100000000)
  region size 1024K, 3 young (3072K), 3 survivors (3072K)
 Metaspace       used 5081K, committed 5312K, reserved 1056768K
  class space    used 683K, committed 768K, reserved 1048576K
}

Deoptimization events (20 events):
Event: 4.569 Thread 0x000002318aa35d10 Uncommon trap: trap_request=0xffffffc6 fr.pc=0x0000023199dded8c relative=0x00000000000005ac
Event: 4.569 Thread 0x000002318aa35d10 Uncommon trap: reason=bimorphic_or_optimized_type_check action=maybe_recompile pc=0x0000023199dded8c method=java.util.concurrent.ConcurrentHashMap.get(Ljava/lang/Object;)Ljava/lang/Object; @ 149 c2
Event: 4.569 Thread 0x000002318aa35d10 DEOPT PACKING pc=0x0000023199dded8c sp=0x0000005e9fcfa570
Event: 4.569 Thread 0x000002318aa35d10 DEOPT UNPACKING pc=0x00000231923023a3 sp=0x0000005e9fcfa510 mode 2
Event: 4.569 Thread 0x000002318aa35d10 Uncommon trap: trap_request=0xffffffc6 fr.pc=0x0000023199dded8c relative=0x00000000000005ac
Event: 4.569 Thread 0x000002318aa35d10 Uncommon trap: reason=bimorphic_or_optimized_type_check action=maybe_recompile pc=0x0000023199dded8c method=java.util.concurrent.ConcurrentHashMap.get(Ljava/lang/Object;)Ljava/lang/Object; @ 149 c2
Event: 4.569 Thread 0x000002318aa35d10 DEOPT PACKING pc=0x0000023199dded8c sp=0x0000005e9fcfa570
Event: 4.569 Thread 0x000002318aa35d10 DEOPT UNPACKING pc=0x00000231923023a3 sp=0x0000005e9fcfa510 mode 2
Event: 6.071 Thread 0x000002318aa35d10 Uncommon trap: trap_request=0xffffff45 fr.pc=0x0000023199dbf324 relative=0x0000000000000664
Event: 6.071 Thread 0x000002318aa35d10 Uncommon trap: reason=unstable_if action=reinterpret pc=0x0000023199dbf324 method=java.lang.AbstractStringBuilder.append(Ljava/lang/String;)Ljava/lang/AbstractStringBuilder; @ 1 c2
Event: 6.071 Thread 0x000002318aa35d10 DEOPT PACKING pc=0x0000023199dbf324 sp=0x0000005e9fcfc300
Event: 6.071 Thread 0x000002318aa35d10 DEOPT UNPACKING pc=0x00000231923023a3 sp=0x0000005e9fcfc280 mode 2
Event: 6.072 Thread 0x000002318aa35d10 Uncommon trap: trap_request=0xffffff45 fr.pc=0x0000023199db9224 relative=0x0000000000000664
Event: 6.072 Thread 0x000002318aa35d10 Uncommon trap: reason=unstable_if action=reinterpret pc=0x0000023199db9224 method=java.lang.AbstractStringBuilder.append(Ljava/lang/String;)Ljava/lang/AbstractStringBuilder; @ 1 c2
Event: 6.072 Thread 0x000002318aa35d10 DEOPT PACKING pc=0x0000023199db9224 sp=0x0000005e9fcfc2a0
Event: 6.072 Thread 0x000002318aa35d10 DEOPT UNPACKING pc=0x00000231923023a3 sp=0x0000005e9fcfc288 mode 2
Event: 133.433 Thread 0x000002318aa35d10 Uncommon trap: trap_request=0xffffff45 fr.pc=0x0000023199e0c460 relative=0x00000000000001c0
Event: 133.433 Thread 0x000002318aa35d10 Uncommon trap: reason=unstable_if action=reinterpret pc=0x0000023199e0c460 method=com.esotericsoftware.kryo.io.Input.require(I)I @ 65 c2
Event: 133.433 Thread 0x000002318aa35d10 DEOPT PACKING pc=0x0000023199e0c460 sp=0x0000005e9fcfc080
Event: 133.433 Thread 0x000002318aa35d10 DEOPT UNPACKING pc=0x00000231923023a3 sp=0x0000005e9fcfc030 mode 2

Classes unloaded (0 events):
No events

Classes redefined (0 events):
No events

Internal exceptions (20 events):
Event: 0.936 Thread 0x000002318aa35d10 Exception <a 'java/lang/NoSuchMethodError'{0x00000000ffc51130}: 'int java.lang.invoke.DirectMethodHandle$Holder.invokeStaticInit(java.lang.Object, java.lang.Object)'> (0x00000000ffc51130) 
thrown [s\open\src\hotspot\share\interpreter\linkResolver.cpp, line 759]
Event: 3.510 Thread 0x000002318aa35d10 Exception <a 'java/lang/NoSuchMethodError'{0x00000000ff71bd60}: 'void java.lang.invoke.DirectMethodHandle$Holder.invokeStatic(java.lang.Object, java.lang.Object)'> (0x00000000ff71bd60) 
thrown [s\open\src\hotspot\share\interpreter\linkResolver.cpp, line 759]
Event: 3.589 Thread 0x000002318aa35d10 Exception <a 'java/lang/NoClassDefFoundError'{0x00000000ff79bd70}: org/slf4j/impl/StaticMarkerBinder> (0x00000000ff79bd70) 
thrown [s\open\src\hotspot\share\classfile\systemDictionary.cpp, line 245]
Event: 3.674 Thread 0x000002318aa35d10 Exception <a 'java/lang/NoSuchMethodError'{0x00000000ff638320}: 'java.lang.Object java.lang.invoke.DirectMethodHandle$Holder.invokeVirtual(java.lang.Object, java.lang.Object, java.lang.Object, java.lang.Object, java.lang.Object, java.lang.Object, java.lang.Object)'> (0x00000000ff638320) 
thrown [s\open\src\hotspot\share\interpreter\linkResolver.cpp, line 759]
Event: 3.686 Thread 0x000002318aa35d10 Exception <a 'java/lang/NoSuchMethodError'{0x00000000ff649930}: 'java.lang.Object java.lang.invoke.Invokers$Holder.invoker(java.lang.Object, java.lang.Object, java.lang.Object)'> (0x00000000ff649930) 
thrown [s\open\src\hotspot\share\interpreter\linkResolver.cpp, line 759]
Event: 3.689 Thread 0x000002318aa35d10 Exception <a 'java/lang/NoSuchMethodError'{0x00000000ff652c40}: 'java.lang.Object java.lang.invoke.DirectMethodHandle$Holder.invokeStatic(java.lang.Object, java.lang.Object, int)'> (0x00000000ff652c40) 
thrown [s\open\src\hotspot\share\interpreter\linkResolver.cpp, line 759]
Event: 3.693 Thread 0x000002318aa35d10 Exception <a 'java/lang/NoSuchMethodError'{0x00000000ff65e930}: 'void java.lang.invoke.DelegatingMethodHandle$Holder.delegate(java.lang.Object, java.lang.Object, int, java.lang.Object)'> (0x00000000ff65e930) 
thrown [s\open\src\hotspot\share\interpreter\linkResolver.cpp, line 759]
Event: 3.697 Thread 0x000002318aa35d10 Exception <a 'java/lang/NoSuchMethodError'{0x00000000ff662a78}: 'int java.lang.invoke.DirectMethodHandle$Holder.invokeSpecial(java.lang.Object, java.lang.Object, java.lang.Object)'> (0x00000000ff662a78) 
thrown [s\open\src\hotspot\share\interpreter\linkResolver.cpp, line 759]
Event: 3.706 Thread 0x000002318aa35d10 Exception <a 'java/lang/NoSuchMethodError'{0x00000000ff675bc0}: 'java.lang.Object java.lang.invoke.Invokers$Holder.invokeExact_MT(java.lang.Object, java.lang.Object, java.lang.Object, java.lang.Object)'> (0x00000000ff675bc0) 
thrown [s\open\src\hotspot\share\interpreter\linkResolver.cpp, line 759]
Event: 4.223 Thread 0x000002318aa35d10 Exception <a 'java/lang/NoSuchMethodError'{0x00000000fff36b50}: 'java.lang.Object java.lang.invoke.DirectMethodHandle$Holder.invokeInterface(java.lang.Object, java.lang.Object, java.lang.Object)'> (0x00000000fff36b50) 
thrown [s\open\src\hotspot\share\interpreter\linkResolver.cpp, line 759]
Event: 4.239 Thread 0x000002318aa35d10 Exception <a 'java/lang/NoSuchMethodError'{0x00000000fff585b8}: 'void java.lang.invoke.DirectMethodHandle$Holder.invokeSpecial(java.lang.Object, java.lang.Object, java.lang.Object)'> (0x00000000fff585b8) 
thrown [s\open\src\hotspot\share\interpreter\linkResolver.cpp, line 759]
Event: 4.288 Thread 0x000002318aa35d10 Implicit null exception at 0x0000023199dd2193 to 0x0000023199dd25ec
Event: 4.288 Thread 0x000002318aa35d10 Implicit null exception at 0x0000023199dc0291 to 0x0000023199dc06c8
Event: 4.359 Thread 0x000002318aa35d10 Exception <a 'java/lang/NoSuchMethodError'{0x00000000ffebb430}: 'java.lang.Object java.lang.invoke.DirectMethodHandle$Holder.invokeStaticInit(java.lang.Object)'> (0x00000000ffebb430) 
thrown [s\open\src\hotspot\share\interpreter\linkResolver.cpp, line 759]
Event: 4.740 Thread 0x000002318aa35d10 Exception <a 'java/lang/NoSuchMethodError'{0x00000000ffaaa4c0}: 'java.lang.Object java.lang.invoke.DirectMethodHandle$Holder.invokeStaticInit(java.lang.Object, int, int, int, int)'> (0x00000000ffaaa4c0) 
thrown [s\open\src\hotspot\share\interpreter\linkResolver.cpp, line 759]
Event: 4.943 Thread 0x000002318aa35d10 Exception <a 'java/lang/NoSuchMethodError'{0x00000000ff91f3c8}: 'java.lang.Object java.lang.invoke.DirectMethodHandle$Holder.invokeStaticInit(java.lang.Object, java.lang.Object, int, int, int, int)'> (0x00000000ff91f3c8) 
thrown [s\open\src\hotspot\share\interpreter\linkResolver.cpp, line 759]
Event: 6.007 Thread 0x000002318aa35d10 Exception <a 'java/lang/NoSuchMethodError'{0x00000000ff94d710}: 'void java.lang.invoke.DirectMethodHandle$Holder.invokeStatic(java.lang.Object, java.lang.Object, java.lang.Object)'> (0x00000000ff94d710) 
thrown [s\open\src\hotspot\share\interpreter\linkResolver.cpp, line 759]
Event: 6.071 Thread 0x000002318aa35d10 Implicit null exception at 0x0000023199dbecf2 to 0x0000023199dbf30c
Event: 6.071 Thread 0x000002318aa35d10 Implicit null exception at 0x0000023199db8bf2 to 0x0000023199db920c
Event: 135.665 Thread 0x000002318aa35d10 Exception <a 'sun/net/ConnectionResetException'{0x00000000ff49d2d8}: Connection reset> (0x00000000ff49d2d8) 
thrown [s\open\src\hotspot\share\prims\jni.cpp, line 535]

VM Operations (20 events):
Event: 88.298 Executing VM operation: Cleanup
Event: 88.298 Executing VM operation: Cleanup done
Event: 89.299 Executing VM operation: Cleanup
Event: 89.299 Executing VM operation: Cleanup done
Event: 95.341 Executing VM operation: Cleanup
Event: 95.341 Executing VM operation: Cleanup done
Event: 96.347 Executing VM operation: Cleanup
Event: 96.347 Executing VM operation: Cleanup done
Event: 104.393 Executing VM operation: Cleanup
Event: 104.393 Executing VM operation: Cleanup done
Event: 105.407 Executing VM operation: Cleanup
Event: 105.407 Executing VM operation: Cleanup done
Event: 106.408 Executing VM operation: Cleanup
Event: 106.408 Executing VM operation: Cleanup done
Event: 107.413 Executing VM operation: Cleanup
Event: 107.413 Executing VM operation: Cleanup done
Event: 110.438 Executing VM operation: Cleanup
Event: 110.438 Executing VM operation: Cleanup done
Event: 116.476 Executing VM operation: Cleanup
Event: 116.476 Executing VM operation: Cleanup done

Events (20 events):
Event: 42.940 loading class jdk/internal/reflect/ByteVector done
Event: 42.940 loading class jdk/internal/reflect/ByteVectorImpl done
Event: 42.940 loading class jdk/internal/reflect/ClassFileAssembler
Event: 42.940 loading class jdk/internal/reflect/ClassFileAssembler done
Event: 42.941 loading class jdk/internal/reflect/UTF8
Event: 42.941 loading class jdk/internal/reflect/UTF8 done
Event: 42.942 loading class jdk/internal/reflect/Label
Event: 42.942 loading class jdk/internal/reflect/Label done
Event: 42.942 loading class jdk/internal/reflect/Label$PatchInfo
Event: 42.943 loading class jdk/internal/reflect/Label$PatchInfo done
Event: 42.943 loading class jdk/internal/reflect/MethodAccessorGenerator$1
Event: 42.943 loading class jdk/internal/reflect/MethodAccessorGenerator$1 done
Event: 42.943 loading class jdk/internal/reflect/ClassDefiner
Event: 42.943 loading class jdk/internal/reflect/ClassDefiner done
Event: 42.943 loading class jdk/internal/reflect/ClassDefiner$1
Event: 42.943 loading class jdk/internal/reflect/ClassDefiner$1 done
Event: 44.053 loading class java/util/ArrayList$ListItr
Event: 44.053 loading class java/util/ArrayList$ListItr done
Event: 135.665 loading class sun/net/ConnectionResetException
Event: 135.665 loading class sun/net/ConnectionResetException done


Dynamic libraries:
0x00007ff790e70000 - 0x00007ff790e80000 	C:\Program Files\Java\jdk-17.0.5\bin\java.exe
0x00007ffacf5f0000 - 0x00007ffacf7e8000 	C:\WINDOWS\SYSTEM32\ntdll.dll
0x00007ffaceaa0000 - 0x00007ffaceb5f000 	C:\WINDOWS\System32\KERNEL32.DLL
0x00007ffacd180000 - 0x00007ffacd452000 	C:\WINDOWS\System32\KERNELBASE.dll
0x00007ffaccdf0000 - 0x00007ffaccef0000 	C:\WINDOWS\System32\ucrtbase.dll
0x00007ffaac590000 - 0x00007ffaac5a8000 	C:\Program Files\Java\jdk-17.0.5\bin\jli.dll
0x00007ffacdb20000 - 0x00007ffacdbce000 	C:\WINDOWS\System32\ADVAPI32.dll
0x00007ffacefd0000 - 0x00007ffacf06e000 	C:\WINDOWS\System32\msvcrt.dll
0x00007ffacd720000 - 0x00007ffacd7bc000 	C:\WINDOWS\System32\sechost.dll
0x00007ffacf070000 - 0x00007ffacf195000 	C:\WINDOWS\System32\RPCRT4.dll
0x00007ffacd8d0000 - 0x00007ffacda71000 	C:\WINDOWS\System32\USER32.dll
0x00007ffaccff0000 - 0x00007ffacd012000 	C:\WINDOWS\System32\win32u.dll
0x00007fface850000 - 0x00007fface87b000 	C:\WINDOWS\System32\GDI32.dll
0x00007ffaccce0000 - 0x00007ffaccdef000 	C:\WINDOWS\System32\gdi32full.dll
0x00007ffacd020000 - 0x00007ffacd0bd000 	C:\WINDOWS\System32\msvcp_win.dll
0x00007ffaa4630000 - 0x00007ffaa464a000 	C:\Program Files\Java\jdk-17.0.5\bin\VCRUNTIME140.dll
0x00007ffaba8c0000 - 0x00007ffabab5a000 	C:\WINDOWS\WinSxS\amd64_microsoft.windows.common-controls_6595b64144ccf1df_6.0.19041.1110_none_60b5254171f9507e\COMCTL32.dll
0x00007ffac3f30000 - 0x00007ffac3f3a000 	C:\WINDOWS\SYSTEM32\VERSION.dll
0x00007ffacdae0000 - 0x00007ffacdb12000 	C:\WINDOWS\System32\IMM32.DLL
0x00007ffac4030000 - 0x00007ffac403c000 	C:\Program Files\Java\jdk-17.0.5\bin\vcruntime140_1.dll
0x00007ffa49ed0000 - 0x00007ffa49f5d000 	C:\Program Files\Java\jdk-17.0.5\bin\msvcp140.dll
0x00007ffa32d80000 - 0x00007ffa33942000 	C:\Program Files\Java\jdk-17.0.5\bin\server\jvm.dll
0x00007fface9b0000 - 0x00007fface9b8000 	C:\WINDOWS\System32\PSAPI.DLL
0x00007ffab1d90000 - 0x00007ffab1d99000 	C:\WINDOWS\SYSTEM32\WSOCK32.dll
0x00007ffacdbd0000 - 0x00007ffacdc3b000 	C:\WINDOWS\System32\WS2_32.dll
0x00007ffaba2b0000 - 0x00007ffaba2d7000 	C:\WINDOWS\SYSTEM32\WINMM.dll
0x00007ffacb540000 - 0x00007ffacb552000 	C:\WINDOWS\SYSTEM32\kernel.appcore.dll
0x00007ffaac580000 - 0x00007ffaac58a000 	C:\Program Files\Java\jdk-17.0.5\bin\jimage.dll
0x00007ffab2390000 - 0x00007ffab2574000 	C:\WINDOWS\SYSTEM32\DBGHELP.DLL
0x00007ffab0b60000 - 0x00007ffab0b95000 	C:\WINDOWS\SYSTEM32\dbgcore.DLL
0x00007ffacd0f0000 - 0x00007ffacd172000 	C:\WINDOWS\System32\bcryptPrimitives.dll
0x00007ffa85e20000 - 0x00007ffa85e45000 	C:\Program Files\Java\jdk-17.0.5\bin\java.dll
0x00007ffa45350000 - 0x00007ffa45426000 	C:\Program Files\Java\jdk-17.0.5\bin\jsvml.dll
0x00007fface100000 - 0x00007fface845000 	C:\WINDOWS\System32\SHELL32.dll
0x00007ffacab20000 - 0x00007ffacb2b2000 	C:\WINDOWS\SYSTEM32\windows.storage.dll
0x00007ffacf250000 - 0x00007ffacf5a5000 	C:\WINDOWS\System32\combase.dll
0x00007ffacc660000 - 0x00007ffacc690000 	C:\WINDOWS\SYSTEM32\Wldp.dll
0x00007ffacd7c0000 - 0x00007ffacd86d000 	C:\WINDOWS\System32\SHCORE.dll
0x00007ffacd6c0000 - 0x00007ffacd715000 	C:\WINDOWS\System32\shlwapi.dll
0x00007ffaccc20000 - 0x00007ffaccc3f000 	C:\WINDOWS\SYSTEM32\profapi.dll
0x00007ffa91400000 - 0x00007ffa91419000 	C:\Program Files\Java\jdk-17.0.5\bin\net.dll
0x00007ffac1f40000 - 0x00007ffac204c000 	C:\WINDOWS\SYSTEM32\WINHTTP.dll
0x00007ffacc440000 - 0x00007ffacc4aa000 	C:\WINDOWS\system32\mswsock.dll
0x00007ffa8ffb0000 - 0x00007ffa8ffc6000 	C:\Program Files\Java\jdk-17.0.5\bin\nio.dll
0x00007ffa8f430000 - 0x00007ffa8f448000 	C:\Program Files\Java\jdk-17.0.5\bin\zip.dll
0x00007ffaa7510000 - 0x00007ffaa7520000 	C:\Program Files\Java\jdk-17.0.5\bin\verify.dll
0x00007ffab8c70000 - 0x00007ffab8c97000 	C:\Users\Harmit\.gradle\native\e1d6ef7f7dcc3fd88c89a11ec53ec762bb8ba0a96d01ffa2cd45eb1d1d8dd5c5\windows-amd64\native-platform.dll
0x00007ffaafd40000 - 0x00007ffaafd4a000 	C:\Users\Harmit\.gradle\native\jansi\1.18\windows64\jansi.dll
0x00007ffaa8940000 - 0x00007ffaa8949000 	C:\Program Files\Java\jdk-17.0.5\bin\management.dll
0x00007ffaa5410000 - 0x00007ffaa541b000 	C:\Program Files\Java\jdk-17.0.5\bin\management_ext.dll
0x00007ffacc6a0000 - 0x00007ffacc6b8000 	C:\WINDOWS\SYSTEM32\CRYPTSP.dll
0x00007ffacbd10000 - 0x00007ffacbd44000 	C:\WINDOWS\system32\rsaenh.dll
0x00007ffacd0c0000 - 0x00007ffacd0e7000 	C:\WINDOWS\System32\bcrypt.dll
0x00007ffaccba0000 - 0x00007ffaccbce000 	C:\WINDOWS\SYSTEM32\USERENV.dll
0x00007ffacc5d0000 - 0x00007ffacc5dc000 	C:\WINDOWS\SYSTEM32\CRYPTBASE.dll
0x00007ffacc100000 - 0x00007ffacc13b000 	C:\WINDOWS\SYSTEM32\IPHLPAPI.DLL
0x00007fface9a0000 - 0x00007fface9a8000 	C:\WINDOWS\System32\NSI.dll
0x00007ffac0270000 - 0x00007ffac0287000 	C:\WINDOWS\SYSTEM32\dhcpcsvc6.DLL
0x00007ffac3e60000 - 0x00007ffac3e7d000 	C:\WINDOWS\SYSTEM32\dhcpcsvc.DLL
0x00007ffacc150000 - 0x00007ffacc21b000 	C:\WINDOWS\SYSTEM32\DNSAPI.dll
0x00007ffac69a0000 - 0x00007ffac69ae000 	C:\Program Files\Java\jdk-17.0.5\bin\sunmscapi.dll
0x00007ffacd460000 - 0x00007ffacd5b6000 	C:\WINDOWS\System32\CRYPT32.dll
0x00007ffacc7b0000 - 0x00007ffacc7d7000 	C:\WINDOWS\SYSTEM32\ncrypt.dll
0x00007ffacc770000 - 0x00007ffacc7ab000 	C:\WINDOWS\SYSTEM32\NTASN1.dll
0x00007ffac6900000 - 0x00007ffac6907000 	C:\WINDOWS\system32\wshunix.dll

dbghelp: loaded successfully - version: 4.0.5 - missing functions: none
symbol engine: initialized successfully - sym options: 0x614 - pdb path: .;C:\Program Files\Java\jdk-17.0.5\bin;C:\WINDOWS\SYSTEM32;C:\WINDOWS\WinSxS\amd64_microsoft.windows.common-controls_6595b64144ccf1df_6.0.19041.1110_none_60b5254171f9507e;C:\Program Files\Java\jdk-17.0.5\bin\server;C:\Users\Harmit\.gradle\native\e1d6ef7f7dcc3fd88c89a11ec53ec762bb8ba0a96d01ffa2cd45eb1d1d8dd5c5\windows-amd64;C:\Users\Harmit\.gradle\native\jansi\1.18\windows64

VM Arguments:
jvm_args: -Xmx64m -Xms64m -Dorg.gradle.appname=gradlew 
java_command: org.gradle.wrapper.GradleWrapperMain app:installDebug -PreactNativeDevServerPort=8081
java_class_path (initial): D:\Blueprint\sistema\android\\gradle\wrapper\gradle-wrapper.jar
Launcher Type: SUN_STANDARD

[Global flags]
     intx CICompilerCount                          = 3                                         {product} {ergonomic}
     uint ConcGCThreads                            = 1                                         {product} {ergonomic}
     uint G1ConcRefinementThreads                  = 4                                         {product} {ergonomic}
   size_t G1HeapRegionSize                         = 1048576                                   {product} {ergonomic}
    uintx GCDrainStackTargetSize                   = 64                                        {product} {ergonomic}
   size_t InitialHeapSize                          = 67108864                                  {product} {command line}
   size_t MarkStackSize                            = 4194304                                   {product} {ergonomic}
   size_t MaxHeapSize                              = 67108864                                  {product} {command line}
   size_t MaxNewSize                               = 39845888                                  {product} {ergonomic}
   size_t MinHeapDeltaBytes                        = 1048576                                   {product} {ergonomic}
   size_t MinHeapSize                              = 67108864                                  {product} {command line}
    uintx NonNMethodCodeHeapSize                   = 5832780                                {pd product} {ergonomic}
    uintx NonProfiledCodeHeapSize                  = 122912730                              {pd product} {ergonomic}
    uintx ProfiledCodeHeapSize                     = 122912730                              {pd product} {ergonomic}
    uintx ReservedCodeCacheSize                    = 251658240                              {pd product} {ergonomic}
     bool SegmentedCodeCache                       = true                                      {product} {ergonomic}
   size_t SoftMaxHeapSize                          = 67108864                               {manageable} {ergonomic}
     bool UseCompressedClassPointers               = true                           {product lp64_product} {ergonomic}
     bool UseCompressedOops                        = true                           {product lp64_product} {ergonomic}
     bool UseG1GC                                  = true                                      {product} {ergonomic}
     bool UseLargePagesIndividualAllocation        = false                                  {pd product} {ergonomic}

Logging:
Log output configuration:
 #0: stdout all=warning uptime,level,tags
 #1: stderr all=off uptime,level,tags

Environment Variables:
JAVA_HOME=C:\Program Files\Java\jdk-17.0.5
CLASSPATH=D:\Blueprint\sistema\android\\gradle\wrapper\gradle-wrapper.jar
PATH=D:\Blueprint\sistema\android\node_modules\.bin;D:\Blueprint\sistema\node_modules\.bin;D:\Blueprint\node_modules\.bin;D:\node_modules\.bin;C:\Program Files\nodejs;C:\Users\Harmit\AppData\Local\Temp\yarn--1677276956650-0.5211963954951611;D:\Blueprint\sistema\node_modules\.bin;C:\Users\Harmit\AppData\Local\Yarn\Data\link\node_modules\.bin;C:\Users\Harmit\AppData\Local\Yarn\bin;C:\Program Files\libexec\lib\node_modules\npm\bin\node-gyp-bin;C:\Program Files\lib\node_modules\npm\bin\node-gyp-bin;C:\Program Files\nodejs\node_modules\npm\bin\node-gyp-bin;C:\Program Files\Common Files\Oracle\Java\javapath;C:\Program Files (x86)\Common Files\Oracle\Java\javapath;C:\Program Files (x86)\Intel\iCLS Client\;C:\Program Files\Intel\iCLS Client\;C:\Windows\system32;C:\Windows;C:\Windows\System32\Wbem;C:\Windows\System32\WindowsPowerShell\v1.0\;C:\Program Files (x86)\Intel\Intel(R) Management Engine Components\DAL;C:\Program Files\Intel\Intel(R) Management Engine Components\DAL;C:\Program Files (x86)\Intel\Intel(R) Management Engine Components\IPT;C:\Program Files\Intel\Intel(R) Management Engine Components\IPT;C:\Program Files (x86)\Wireless Docking\;C:\Program Files (x86)\NVIDIA Corporation\PhysX\Common;C:\WINDOWS\system32;C:\WINDOWS;C:\WINDOWS\System32\Wbem;C:\WINDOWS\System32\WindowsPowerShell\v1.0\;C:\WINDOWS\System32\OpenSSH\;C:\Program Files (x86)\Codebox\BitMeterOS;C:\WINDOWS\system32;C:\WINDOWS;C:\WINDOWS\System32\Wbem;C:\WINDOWS\System32\WindowsPowerShell\v1.0\;C:\WINDOWS\System32\OpenSSH\;C:\Program Files\Git\cmd;C:\ProgramData\chocolatey\bin;C:\Program Files\nodejs\;C:\Program Files\dotnet\;D:\PuTTY\;C:\Program Files\MySQL\MySQL Shell 8.0\bin\;C:\Users\Harmit\AppData\Local\Microsoft\WindowsApps;D:\Microsoft VS Code\bin;D:\msys64\mingw64\bin;C:\Users\Harmit\AppData\Roaming\npm;C:\Users\Harmit\AppData\Local\Android\Sdk\platform-tools;
USERNAME=Harmit
OS=Windows_NT
PROCESSOR_IDENTIFIER=Intel64 Family 6 Model 78 Stepping 3, GenuineIntel



---------------  S Y S T E M  ---------------

OS:
 Windows 10 , 64 bit Build 19041 (10.0.19041.2546)
OS uptime: 3 days 21:49 hours
Hyper-V role detected

CPU: total 4 (initial active 4) (2 cores per cpu, 2 threads per core) family 6 model 78 stepping 3 microcode 0xcc, cx8, cmov, fxsr, ht, mmx, 3dnowpref, sse, sse2, sse3, ssse3, sse4.1, sse4.2, popcnt, lzcnt, tsc, tscinvbit, avx, avx2, aes, erms, clmul, bmi1, bmi2, adx, fma, vzeroupper, clflush, clflushopt, hv

Memory: 4k page, system-wide physical 8049M (391M free)
TotalPageFile size 17846M (AvailPageFile size 0M)
current process WorkingSet (physical memory assigned to process): 80M, peak: 82M
current process commit charge ("private bytes"): 154M, peak: 157M

vm_info: Java HotSpot(TM) 64-Bit Server VM (17.0.5+9-LTS-191) for windows-amd64 JRE (17.0.5+9-LTS-191), built on Sep 13 2022 17:31:43 by "mach5one" with MS VC++ 16.8 / 16.9 (VS2019)

END.
