#
# There is insufficient memory for the Java Runtime Environment to continue.
# Native memory allocation (mmap) failed to map 132120576 bytes for G1 virtual space
# Possible reasons:
#   The system is out of physical RAM or swap space
#   The process is running with CompressedOops enabled, and the Java Heap may be blocking the growth of the native heap
# Possible solutions:
#   Reduce memory load on the system
#   Increase physical memory or swap space
#   Check if swap backing store is full
#   Decrease Java heap size (-Xmx/-Xms)
#   Decrease number of Java threads
#   Decrease Java thread stack sizes (-Xss)
#   Set larger code cache with -XX:ReservedCodeCacheSize=
#   JVM is running with Unscaled Compressed Oops mode in which the Java heap is
#     placed in the first 4GB address space. The Java Heap base address is the
#     maximum limit for the native heap growth. Please use -XX:HeapBaseMinAddress
#     to set the Java Heap base and to place the Java Heap above 4GB virtual address.
# This output file may be truncated or incomplete.
#
#  Out of Memory Error (os_windows.cpp:3541), pid=54300, tid=6540
#
# JRE version:  (17.0.5+9) (build )
# Java VM: Java HotSpot(TM) 64-Bit Server VM (17.0.5+9-LTS-191, mixed mode, sharing, tiered, compressed oops, compressed class ptrs, g1 gc, windows-amd64)
# No core dump will be written. Minidumps are not enabled by default on client versions of Windows
#

---------------  S U M M A R Y ------------

Command Line: org.jetbrains.kotlin.cli.jvm.K2JVMCompiler @D:\Blueprint\sistema\node_modules\react-native-safe-area-context\android\build\20230214_1663722370441476610.compiler.options

Host: Intel(R) Core(TM) i7-6500U CPU @ 2.50GHz, 4 cores, 7G,  Windows 10 , 64 bit Build 19041 (10.0.19041.1202)
Time: Tue Feb 14 21:43:28 2023 Eastern Standard Time elapsed time: 0.407610 seconds (0d 0h 0m 0s)

---------------  T H R E A D  ---------------

Current thread (0x000001825fd27900):  JavaThread "Unknown thread" [_thread_in_vm, id=6540, stack(0x0000007fbf000000,0x0000007fbf100000)]

Stack: [0x0000007fbf000000,0x0000007fbf100000]
Native frames: (J=compiled Java code, j=interpreted, Vv=VM code, C=native code)
V  [jvm.dll+0x672eea]
V  [jvm.dll+0x7d2a04]
V  [jvm.dll+0x7d41ae]
V  [jvm.dll+0x7d4813]
V  [jvm.dll+0x242c15]
V  [jvm.dll+0x66fe09]
V  [jvm.dll+0x664682]
V  [jvm.dll+0x300e8b]
V  [jvm.dll+0x308426]
V  [jvm.dll+0x357ffe]
V  [jvm.dll+0x35822f]
V  [jvm.dll+0x2d80a8]
V  [jvm.dll+0x2d9014]
V  [jvm.dll+0x7a44e1]
V  [jvm.dll+0x365df1]
V  [jvm.dll+0x7838fc]
V  [jvm.dll+0x3e873f]
V  [jvm.dll+0x3ea1e1]
C  [jli.dll+0x527b]
C  [ucrtbase.dll+0x21bb2]
C  [KERNEL32.DLL+0x17034]
C  [ntdll.dll+0x52651]


---------------  P R O C E S S  ---------------

Threads class SMR info:
_java_thread_list=0x00007ff906aea8d8, length=0, elements={
}

Java Threads: ( => current thread )

Other Threads:
  0x000001825fd81810 GCTaskThread "GC Thread#0" [stack: 0x0000007fbf100000,0x0000007fbf200000] [id=52692]
  0x000001825fd92310 ConcurrentGCThread "G1 Main Marker" [stack: 0x0000007fbf200000,0x0000007fbf300000] [id=53328]
  0x000001825fd92d20 ConcurrentGCThread "G1 Conc#0" [stack: 0x0000007fbf300000,0x0000007fbf400000] [id=7188]

[error occurred during error reporting (printing all threads), id 0xc0000005, EXCEPTION_ACCESS_VIOLATION (0xc0000005) at pc=0x00007ff906338a97]

VM state: not at safepoint (not fully initialized)

VM Mutex/Monitor currently owned by a thread:  ([mutex/lock_event])
[0x000001825fd24a10] Heap_lock - owner thread: 0x000001825fd27900

Heap address: 0x0000000082200000, size: 2014 MB, Compressed Oops mode: 32-bit

CDS archive(s) mapped at: [0x0000000000000000-0x0000000000000000-0x0000000000000000), size 0, SharedBaseAddress: 0x0000000800000000, ArchiveRelocationMode: 0.
Narrow klass base: 0x0000000000000000, Narrow klass shift: 0, Narrow klass range: 0x0

GC Precious Log:
<Empty>

Heap:
 garbage-first heap   total 0K, used 0K [0x0000000082200000, 0x0000000100000000)
  region size 1024K, 0 young (0K), 0 survivors (0K)

[error occurred during error reporting (printing heap information), id 0xc0000005, EXCEPTION_ACCESS_VIOLATION (0xc0000005) at pc=0x00007ff90671c399]

GC Heap History (0 events):
No events

Deoptimization events (0 events):
No events

Classes unloaded (0 events):
No events

Classes redefined (0 events):
No events

Internal exceptions (0 events):
No events

VM Operations (0 events):
No events

Events (1 events):
Event: 0.280 Loaded shared library C:\Program Files\Java\jdk-17.0.5\bin\java.dll


Dynamic libraries:
0x00007ff6e7330000 - 0x00007ff6e7340000 	C:\Program Files\Java\jdk-17.0.5\bin\java.exe
0x00007ff961350000 - 0x00007ff961545000 	C:\WINDOWS\SYSTEM32\ntdll.dll
0x00007ff961060000 - 0x00007ff96111e000 	C:\WINDOWS\System32\KERNEL32.DLL
0x00007ff95eaa0000 - 0x00007ff95ed69000 	C:\WINDOWS\System32\KERNELBASE.dll
0x00007ff95f030000 - 0x00007ff95f130000 	C:\WINDOWS\System32\ucrtbase.dll
0x00007ff94d1c0000 - 0x00007ff94d1d8000 	C:\Program Files\Java\jdk-17.0.5\bin\jli.dll
0x00007ff95f980000 - 0x00007ff95fa2c000 	C:\WINDOWS\System32\ADVAPI32.dll
0x00007ff95ffe0000 - 0x00007ff96007e000 	C:\WINDOWS\System32\msvcrt.dll
0x00007ff9611a0000 - 0x00007ff96123b000 	C:\WINDOWS\System32\sechost.dll
0x00007ff960f30000 - 0x00007ff96105a000 	C:\WINDOWS\System32\RPCRT4.dll
0x00007ff95f5e0000 - 0x00007ff95f781000 	C:\WINDOWS\System32\USER32.dll
0x00007ff95ea70000 - 0x00007ff95ea92000 	C:\WINDOWS\System32\win32u.dll
0x00007ff960090000 - 0x00007ff9600bb000 	C:\WINDOWS\System32\GDI32.dll
0x00007ff95f290000 - 0x00007ff95f39b000 	C:\WINDOWS\System32\gdi32full.dll
0x00007ff95eea0000 - 0x00007ff95ef3d000 	C:\WINDOWS\System32\msvcp_win.dll
0x00007ff94c7a0000 - 0x00007ff94ca3a000 	C:\WINDOWS\WinSxS\amd64_microsoft.windows.common-controls_6595b64144ccf1df_6.0.19041.1110_none_60b5254171f9507e\COMCTL32.dll
0x00007ff956d70000 - 0x00007ff956d7a000 	C:\WINDOWS\SYSTEM32\VERSION.dll
0x00007ff94d1a0000 - 0x00007ff94d1ba000 	C:\Program Files\Java\jdk-17.0.5\bin\VCRUNTIME140.dll
0x00007ff960e50000 - 0x00007ff960e80000 	C:\WINDOWS\System32\IMM32.DLL
0x00007ff94d150000 - 0x00007ff94d15c000 	C:\Program Files\Java\jdk-17.0.5\bin\vcruntime140_1.dll
0x00007ff93b990000 - 0x00007ff93ba1d000 	C:\Program Files\Java\jdk-17.0.5\bin\msvcp140.dll
0x00007ff906050000 - 0x00007ff906c12000 	C:\Program Files\Java\jdk-17.0.5\bin\server\jvm.dll
0x00007ff95f5d0000 - 0x00007ff95f5d8000 	C:\WINDOWS\System32\PSAPI.DLL
0x00007ff943330000 - 0x00007ff943339000 	C:\WINDOWS\SYSTEM32\WSOCK32.dll
0x00007ff95f790000 - 0x00007ff95f7fb000 	C:\WINDOWS\System32\WS2_32.dll
0x00007ff94ca40000 - 0x00007ff94ca67000 	C:\WINDOWS\SYSTEM32\WINMM.dll
0x00007ff95d2b0000 - 0x00007ff95d2c2000 	C:\WINDOWS\SYSTEM32\kernel.appcore.dll
0x00007ff94d140000 - 0x00007ff94d14a000 	C:\Program Files\Java\jdk-17.0.5\bin\jimage.dll
0x00007ff9437f0000 - 0x00007ff9439d4000 	C:\WINDOWS\SYSTEM32\DBGHELP.DLL
0x00007ff943070000 - 0x00007ff94309c000 	C:\WINDOWS\SYSTEM32\dbgcore.DLL
0x00007ff95efa0000 - 0x00007ff95f023000 	C:\WINDOWS\System32\bcryptPrimitives.dll
0x00007ff945f10000 - 0x00007ff945f35000 	C:\Program Files\Java\jdk-17.0.5\bin\java.dll

dbghelp: loaded successfully - version: 4.0.5 - missing functions: none
symbol engine: initialized successfully - sym options: 0x614 - pdb path: .;C:\Program Files\Java\jdk-17.0.5\bin;C:\WINDOWS\SYSTEM32;C:\WINDOWS\WinSxS\amd64_microsoft.windows.common-controls_6595b64144ccf1df_6.0.19041.1110_none_60b5254171f9507e;C:\Program Files\Java\jdk-17.0.5\bin\server

VM Arguments:
java_command: org.jetbrains.kotlin.cli.jvm.K2JVMCompiler @D:\Blueprint\sistema\node_modules\react-native-safe-area-context\android\build\20230214_1663722370441476610.compiler.options
java_class_path (initial): C:\Users\Harmit\.gradle\caches\modules-2\files-2.1\org.jetbrains.kotlin\kotlin-compiler-embeddable\1.6.20\18f66cca4301c12893ebe4ef47d65c3d9d2bff9b\kotlin-compiler-embeddable-1.6.20.jar;C:\Users\Harmit\.gradle\caches\modules-2\files-2.1\org.jetbrains.kotlin\kotlin-reflect\1.6.20\669965154723f1a712e8677af0cc5470dfdab81c\kotlin-reflect-1.6.20.jar;C:\Users\Harmit\.gradle\caches\modules-2\files-2.1\org.jetbrains.kotlin\kotlin-stdlib\1.6.20\6cedc143badbb4f1c6b7f5a340b04edff1743208\kotlin-stdlib-1.6.20.jar;C:\Users\Harmit\.gradle\caches\modules-2\files-2.1\org.jetbrains.kotlin\kotlin-script-runtime\1.6.20\a115c367e0fd9c8909293b208689afca0c88a6f1\kotlin-script-runtime-1.6.20.jar;C:\Users\Harmit\.gradle\caches\modules-2\files-2.1\org.jetbrains.kotlin\kotlin-daemon-embeddable\1.6.20\d4cac343029f48f106c57f457384771165d7deb5\kotlin-daemon-embeddable-1.6.20.jar;C:\Users\Harmit\.gradle\caches\modules-2\files-2.1\org.jetbrains.intellij.deps\trove4j\1.0.20200330\3afb14d5f9ceb459d724e907a21145e8ff394f02\trove4j-1.0.20200330.jar;C:\Users\Harmit\.gradle\caches\modules-2\files-2.1\net.java.dev.jna\jna\5.6.0\330f2244e9030119ab3030fc3fededc86713d9cc\jna-5.6.0.jar;C:\Users\Harmit\.gradle\caches\modules-2\files-2.1\org.jetbrains.kotlin\kotlin-stdlib-common\1.6.20\27b4562b6713d70f458c6d7ea39aadacb8e6a92b\kotlin-stdlib-common-1.6.20.jar;C:\Users\Harmit\.gradle\caches\modules-2\files-2.1\org.jetbrains\annotations\13.0\919f0dfe192fb4e063e7dacadee7f8bb9a2672a9\annotations-13.0.jar
Launcher Type: SUN_STANDARD

[Global flags]
     intx CICompilerCount                          = 3                                         {product} {ergonomic}
     uint ConcGCThreads                            = 1                                         {product} {ergonomic}
     uint G1ConcRefinementThreads                  = 4                                         {product} {ergonomic}
   size_t G1HeapRegionSize                         = 1048576                                   {product} {ergonomic}
    uintx GCDrainStackTargetSize                   = 64                                        {product} {ergonomic}
   size_t InitialHeapSize                          = 132120576                                 {product} {ergonomic}
   size_t MarkStackSize                            = 4194304                                   {product} {ergonomic}
   size_t MaxHeapSize                              = 2111832064                                {product} {ergonomic}
   size_t MinHeapDeltaBytes                        = 1048576                                   {product} {ergonomic}
   size_t MinHeapSize                              = 8388608                                   {product} {ergonomic}
    uintx NonNMethodCodeHeapSize                   = 5832780                                {pd product} {ergonomic}
    uintx NonProfiledCodeHeapSize                  = 122912730                              {pd product} {ergonomic}
    uintx ProfiledCodeHeapSize                     = 122912730                              {pd product} {ergonomic}
    uintx ReservedCodeCacheSize                    = 251658240                              {pd product} {ergonomic}
     bool SegmentedCodeCache                       = true                                      {product} {ergonomic}
   size_t SoftMaxHeapSize                          = 2111832064                             {manageable} {ergonomic}
     bool UseCompressedClassPointers               = true                           {product lp64_product} {ergonomic}
     bool UseCompressedOops                        = true                           {product lp64_product} {ergonomic}
     bool UseG1GC                                  = true                                      {product} {ergonomic}
     bool UseLargePagesIndividualAllocation        = false                                  {pd product} {ergonomic}

Logging:
Log output configuration:
 #0: stdout all=warning uptime,level,tags
 #1: stderr all=off uptime,level,tags

Environment Variables:
JAVA_HOME=C:\Program Files\Java\jdk-17.0.5
CLASSPATH=D:\Blueprint\sistema\android\\gradle\wrapper\gradle-wrapper.jar
PATH=D:\Blueprint\sistema\android\node_modules\.bin;D:\Blueprint\sistema\node_modules\.bin;D:\Blueprint\node_modules\.bin;D:\node_modules\.bin;C:\Program Files\nodejs;C:\Users\Harmit\AppData\Local\Temp\yarn--1676428678351-0.44658530619767856;D:\Blueprint\sistema\node_modules\.bin;C:\Users\Harmit\AppData\Local\Yarn\Data\link\node_modules\.bin;C:\Users\Harmit\AppData\Local\Yarn\bin;C:\Program Files\libexec\lib\node_modules\npm\bin\node-gyp-bin;C:\Program Files\lib\node_modules\npm\bin\node-gyp-bin;C:\Program Files\nodejs\node_modules\npm\bin\node-gyp-bin;C:\Program Files\Common Files\Oracle\Java\javapath;C:\Program Files (x86)\Common Files\Oracle\Java\javapath;C:\Program Files (x86)\Intel\iCLS Client\;C:\Program Files\Intel\iCLS Client\;C:\Windows\system32;C:\Windows;C:\Windows\System32\Wbem;C:\Windows\System32\WindowsPowerShell\v1.0\;C:\Program Files (x86)\Intel\Intel(R) Management Engine Components\DAL;C:\Program Files\Intel\Intel(R) Management Engine Components\DAL;C:\Program Files (x86)\Intel\Intel(R) Management Engine Components\IPT;C:\Program Files\Intel\Intel(R) Management Engine Components\IPT;C:\Program Files (x86)\Wireless Docking\;C:\Program Files (x86)\NVIDIA Corporation\PhysX\Common;C:\WINDOWS\system32;C:\WINDOWS;C:\WINDOWS\System32\Wbem;C:\WINDOWS\System32\WindowsPowerShell\v1.0\;C:\WINDOWS\System32\OpenSSH\;C:\Program Files (x86)\Codebox\BitMeterOS;C:\WINDOWS\system32;C:\WINDOWS;C:\WINDOWS\System32\Wbem;C:\WINDOWS\System32\WindowsPowerShell\v1.0\;C:\WINDOWS\System32\OpenSSH\;C:\Program Files\Git\cmd;C:\ProgramData\chocolatey\bin;C:\Program Files\nodejs\;C:\Program Files\dotnet\;D:\PuTTY\;C:\Program Files\MySQL\MySQL Shell 8.0\bin\;C:\Users\Harmit\AppData\Local\Microsoft\WindowsApps;D:\Microsoft VS Code\bin;D:\msys64\mingw64\bin;C:\Users\Harmit\AppData\Roaming\npm;C:\Users\Harmit\AppData\Local\Android\Sdk\platform-tools;
USERNAME=Harmit
OS=Windows_NT
PROCESSOR_IDENTIFIER=Intel64 Family 6 Model 78 Stepping 3, GenuineIntel



---------------  S Y S T E M  ---------------

OS:
 Windows 10 , 64 bit Build 19041 (10.0.19041.1202)
OS uptime: 2 days 10:41 hours
Hyper-V role detected

CPU: total 4 (initial active 4) (2 cores per cpu, 2 threads per core) family 6 model 78 stepping 3 microcode 0xcc, cx8, cmov, fxsr, ht, mmx, 3dnowpref, sse, sse2, sse3, ssse3, sse4.1, sse4.2, popcnt, lzcnt, tsc, tscinvbit, avx, avx2, aes, erms, clmul, bmi1, bmi2, adx, fma, vzeroupper, clflush, clflushopt, hv

Memory: 4k page, system-wide physical 8049M (270M free)
TotalPageFile size 17846M (AvailPageFile size 23M)
current process WorkingSet (physical memory assigned to process): 9M, peak: 9M
current process commit charge ("private bytes"): 51M, peak: 177M

vm_info: Java HotSpot(TM) 64-Bit Server VM (17.0.5+9-LTS-191) for windows-amd64 JRE (17.0.5+9-LTS-191), built on Sep 13 2022 17:31:43 by "mach5one" with MS VC++ 16.8 / 16.9 (VS2019)

END.
