#
# There is insufficient memory for the Java Runtime Environment to continue.
# Native memory allocation (mmap) failed to map 7340032 bytes for G1 virtual space
# Possible reasons:
#   The system is out of physical RAM or swap space
#   The process is running with CompressedOops enabled, and the Java Heap may be blocking the growth of the native heap
# Possible solutions:
#   Reduce memory load on the system
#   Increase physical memory or swap space
#   Check if swap backing store is full
#   Decrease Java heap size (-Xmx/-Xms)
#   Decrease number of Java threads
#   Decrease Java thread stack sizes (-Xss)
#   Set larger code cache with -XX:ReservedCodeCacheSize=
#   JVM is running with Unscaled Compressed Oops mode in which the Java heap is
#     placed in the first 4GB address space. The Java Heap base address is the
#     maximum limit for the native heap growth. Please use -XX:HeapBaseMinAddress
#     to set the Java Heap base and to place the Java Heap above 4GB virtual address.
# This output file may be truncated or incomplete.
#
#  Out of Memory Error (os_windows.cpp:3541), pid=40132, tid=42632
#
# JRE version: Java(TM) SE Runtime Environment (17.0.5+9) (build 17.0.5+9-LTS-191)
# Java VM: Java HotSpot(TM) 64-Bit Server VM (17.0.5+9-LTS-191, mixed mode, sharing, tiered, compressed oops, compressed class ptrs, g1 gc, windows-amd64)
# No core dump will be written. Minidumps are not enabled by default on client versions of Windows
#

---------------  S U M M A R Y ------------

Command Line: org.jetbrains.kotlin.cli.jvm.K2JVMCompiler @D:\Blueprint\sistema\node_modules\react-native-safe-area-context\android\build\20230224_16083263089710445282.compiler.options

Host: Intel(R) Core(TM) i7-6500U CPU @ 2.50GHz, 4 cores, 7G,  Windows 10 , 64 bit Build 19041 (10.0.19041.2546)
Time: Fri Feb 24 17:13:40 2023 Eastern Standard Time elapsed time: 97.237964 seconds (0d 0h 1m 37s)

---------------  T H R E A D  ---------------

Current thread (0x00000250b3cc3780):  VMThread "VM Thread" [stack: 0x000000f297d00000,0x000000f297e00000] [id=42632]

Stack: [0x000000f297d00000,0x000000f297e00000]
Native frames: (J=compiled Java code, j=interpreted, Vv=VM code, C=native code)
V  [jvm.dll+0x672eea]
V  [jvm.dll+0x7d2a04]
V  [jvm.dll+0x7d41ae]
V  [jvm.dll+0x7d4813]
V  [jvm.dll+0x242c15]
V  [jvm.dll+0x66fe09]
V  [jvm.dll+0x664682]
V  [jvm.dll+0x300e8b]
V  [jvm.dll+0x308426]
V  [jvm.dll+0x357ffe]
V  [jvm.dll+0x35822f]
V  [jvm.dll+0x2d80a8]
V  [jvm.dll+0x2db126]
V  [jvm.dll+0x2e5778]
V  [jvm.dll+0x319600]
V  [jvm.dll+0x7d8ceb]
V  [jvm.dll+0x7d9a24]
V  [jvm.dll+0x7d9f3c]
V  [jvm.dll+0x7da314]
V  [jvm.dll+0x7da3e0]
V  [jvm.dll+0x782b4a]
V  [jvm.dll+0x671d75]
C  [ucrtbase.dll+0x21bb2]
C  [KERNEL32.DLL+0x17614]
C  [ntdll.dll+0x526a1]

VM_Operation (0x000000f2979ff4e0): G1Concurrent, mode: safepoint, requested by thread 0x0000025096562f40


---------------  P R O C E S S  ---------------

Threads class SMR info:
_java_thread_list=0x00000250b523f730, length=12, elements={
0x00000250964f8600, 0x00000250b3cc9710, 0x00000250b3cca580, 0x00000250b3ce29b0,
0x00000250b3ce4280, 0x00000250b3ce4c30, 0x00000250b3ce55e0, 0x00000250b3ce6370,
0x00000250b3ce7e20, 0x00000250b3d502e0, 0x00000250b48ad340, 0x00000250b48afab0
}

Java Threads: ( => current thread )
  0x00000250964f8600 JavaThread "main" [_thread_blocked, id=42892, stack(0x000000f297700000,0x000000f297800000)]
  0x00000250b3cc9710 JavaThread "Reference Handler" daemon [_thread_blocked, id=10964, stack(0x000000f297e00000,0x000000f297f00000)]
  0x00000250b3cca580 JavaThread "Finalizer" daemon [_thread_blocked, id=13992, stack(0x000000f297f00000,0x000000f298000000)]
  0x00000250b3ce29b0 JavaThread "Signal Dispatcher" daemon [_thread_blocked, id=43248, stack(0x000000f298000000,0x000000f298100000)]
  0x00000250b3ce4280 JavaThread "Attach Listener" daemon [_thread_blocked, id=37844, stack(0x000000f298100000,0x000000f298200000)]
  0x00000250b3ce4c30 JavaThread "Service Thread" daemon [_thread_blocked, id=35264, stack(0x000000f298200000,0x000000f298300000)]
  0x00000250b3ce55e0 JavaThread "Monitor Deflation Thread" daemon [_thread_blocked, id=26160, stack(0x000000f298300000,0x000000f298400000)]
  0x00000250b3ce6370 JavaThread "C2 CompilerThread0" daemon [_thread_blocked, id=44144, stack(0x000000f298400000,0x000000f298500000)]
  0x00000250b3ce7e20 JavaThread "C1 CompilerThread0" daemon [_thread_blocked, id=44684, stack(0x000000f298500000,0x000000f298600000)]
  0x00000250b3d502e0 JavaThread "Sweeper thread" daemon [_thread_blocked, id=11584, stack(0x000000f298600000,0x000000f298700000)]
  0x00000250b48ad340 JavaThread "Notification Thread" daemon [_thread_blocked, id=8528, stack(0x000000f298700000,0x000000f298800000)]
  0x00000250b48afab0 JavaThread "Common-Cleaner" daemon [_thread_blocked, id=42556, stack(0x000000f298900000,0x000000f298a00000)]

Other Threads:
=>0x00000250b3cc3780 VMThread "VM Thread" [stack: 0x000000f297d00000,0x000000f297e00000] [id=42632]
  0x00000250b48af820 WatcherThread [stack: 0x000000f298800000,0x000000f298900000] [id=41620]
  0x0000025096552440 GCTaskThread "GC Thread#0" [stack: 0x000000f297800000,0x000000f297900000] [id=44088]
  0x00000250b4bd0a80 GCTaskThread "GC Thread#1" [stack: 0x000000f298a00000,0x000000f298b00000] [id=8572]
  0x00000250b4be3ae0 GCTaskThread "GC Thread#2" [stack: 0x000000f298b00000,0x000000f298c00000] [id=35940]
  0x00000250b4bce440 GCTaskThread "GC Thread#3" [stack: 0x000000f298c00000,0x000000f298d00000] [id=38724]
  0x0000025096562f40 ConcurrentGCThread "G1 Main Marker" [stack: 0x000000f297900000,0x000000f297a00000] [id=38352]
  0x0000025096563950 ConcurrentGCThread "G1 Conc#0" [stack: 0x000000f297a00000,0x000000f297b00000] [id=11908]
  0x00000250965c90f0 ConcurrentGCThread "G1 Refine#0" [stack: 0x000000f297b00000,0x000000f297c00000] [id=40880]
  0x00000250b5096cf0 ConcurrentGCThread "G1 Refine#1" [stack: 0x000000f298d00000,0x000000f298e00000] [id=44896]
  0x00000250965c9b10 ConcurrentGCThread "G1 Service" [stack: 0x000000f297c00000,0x000000f297d00000] [id=11304]

Threads with active compile tasks:

VM state: at safepoint (normal execution)

VM Mutex/Monitor currently owned by a thread:  ([mutex/lock_event])
[0x00000250964f5560] Threads_lock - owner thread: 0x00000250b3cc3780
[0x00000250964f5200] Heap_lock - owner thread: 0x0000025096562f40

Heap address: 0x0000000082200000, size: 2014 MB, Compressed Oops mode: 32-bit

CDS archive(s) mapped at: [0x0000000800000000-0x0000000800bd0000-0x0000000800bd0000), size 12386304, SharedBaseAddress: 0x0000000800000000, ArchiveRelocationMode: 0.
Compressed class space mapped at: 0x0000000800c00000-0x0000000840c00000, reserved size: 1073741824
Narrow klass base: 0x0000000800000000, Narrow klass shift: 0, Narrow klass range: 0x100000000

GC Precious Log:
 CPUs: 4 total, 4 available
 Memory: 8049M
 Large Page Support: Disabled
 NUMA Support: Disabled
 Compressed Oops: Enabled (32-bit)
 Heap Region Size: 1M
 Heap Min Capacity: 8M
 Heap Initial Capacity: 126M
 Heap Max Capacity: 2014M
 Pre-touch: Disabled
 Parallel Workers: 4
 Concurrent Workers: 1
 Concurrent Refinement Workers: 4
 Periodic GC: Disabled

Heap:
 garbage-first heap   total 107520K, used 66504K [0x0000000082200000, 0x0000000100000000)
  region size 1024K, 3 young (3072K), 2 survivors (2048K)
 Metaspace       used 75283K, committed 75584K, reserved 1122304K
  class space    used 8493K, committed 8640K, reserved 1048576K

Heap Regions: E=young(eden), S=young(survivor), O=old, HS=humongous(starts), HC=humongous(continues), CS=collection set, F=free, OA=open archive, CA=closed archive, TAMS=top-at-mark-start (previous, next)
|   0|0x0000000082200000, 0x0000000082300000, 0x0000000082300000|100%|HS|  |TAMS 0x0000000082300000, 0x0000000082200000| Complete 
|   1|0x0000000082300000, 0x0000000082400000, 0x0000000082400000|100%|HC|  |TAMS 0x0000000082400000, 0x0000000082300000| Complete 
|   2|0x0000000082400000, 0x0000000082500000, 0x0000000082500000|100%|HC|  |TAMS 0x0000000082500000, 0x0000000082400000| Complete 
|   3|0x0000000082500000, 0x0000000082600000, 0x0000000082600000|100%| O|  |TAMS 0x0000000082600000, 0x0000000082500000| Untracked 
|   4|0x0000000082600000, 0x0000000082700000, 0x0000000082700000|100%| O|  |TAMS 0x0000000082700000, 0x0000000082600000| Untracked 
|   5|0x0000000082700000, 0x0000000082800000, 0x0000000082800000|100%| O|  |TAMS 0x0000000082800000, 0x0000000082700000| Untracked 
|   6|0x0000000082800000, 0x0000000082900000, 0x0000000082900000|100%|HS|  |TAMS 0x0000000082900000, 0x0000000082800000| Complete 
|   7|0x0000000082900000, 0x0000000082a00000, 0x0000000082a00000|100%|HC|  |TAMS 0x0000000082a00000, 0x0000000082900000| Complete 
|   8|0x0000000082a00000, 0x0000000082b00000, 0x0000000082b00000|100%|HC|  |TAMS 0x0000000082b00000, 0x0000000082a00000| Complete 
|   9|0x0000000082b00000, 0x0000000082c00000, 0x0000000082c00000|100%| O|  |TAMS 0x0000000082c00000, 0x0000000082b00000| Untracked 
|  10|0x0000000082c00000, 0x0000000082d00000, 0x0000000082d00000|100%| O|  |TAMS 0x0000000082d00000, 0x0000000082c00000| Untracked 
|  11|0x0000000082d00000, 0x0000000082e00000, 0x0000000082e00000|100%| O|  |TAMS 0x0000000082e00000, 0x0000000082d00000| Untracked 
|  12|0x0000000082e00000, 0x0000000082f00000, 0x0000000082f00000|100%| O|  |TAMS 0x0000000082f00000, 0x0000000082e00000| Updating 
|  13|0x0000000082f00000, 0x0000000083000000, 0x0000000083000000|100%| O|  |TAMS 0x0000000083000000, 0x0000000082f00000| Untracked 
|  14|0x0000000083000000, 0x0000000083100000, 0x0000000083100000|100%| O|  |TAMS 0x0000000083100000, 0x0000000083000000| Untracked 
|  15|0x0000000083100000, 0x0000000083200000, 0x0000000083200000|100%| O|  |TAMS 0x0000000083200000, 0x0000000083100000| Untracked 
|  16|0x0000000083200000, 0x0000000083300000, 0x0000000083300000|100%| O|  |TAMS 0x0000000083300000, 0x0000000083200000| Untracked 
|  17|0x0000000083300000, 0x0000000083400000, 0x0000000083400000|100%| O|  |TAMS 0x0000000083400000, 0x0000000083300000| Untracked 
|  18|0x0000000083400000, 0x0000000083500000, 0x0000000083500000|100%| O|  |TAMS 0x0000000083500000, 0x0000000083400000| Updating 
|  19|0x0000000083500000, 0x0000000083600000, 0x0000000083600000|100%|HS|  |TAMS 0x0000000083600000, 0x0000000083500000| Complete 
|  20|0x0000000083600000, 0x0000000083700000, 0x0000000083700000|100%|HC|  |TAMS 0x0000000083700000, 0x0000000083600000| Complete 
|  21|0x0000000083700000, 0x0000000083800000, 0x0000000083800000|100%| O|  |TAMS 0x0000000083800000, 0x0000000083700000| Untracked 
|  22|0x0000000083800000, 0x0000000083900000, 0x0000000083900000|100%| O|  |TAMS 0x0000000083900000, 0x0000000083800000| Untracked 
|  23|0x0000000083900000, 0x0000000083a00000, 0x0000000083a00000|100%| O|  |TAMS 0x0000000083a00000, 0x0000000083900000| Untracked 
|  24|0x0000000083a00000, 0x0000000083b00000, 0x0000000083b00000|100%| O|  |TAMS 0x0000000083b00000, 0x0000000083a00000| Untracked 
|  25|0x0000000083b00000, 0x0000000083c00000, 0x0000000083c00000|100%| O|  |TAMS 0x0000000083c00000, 0x0000000083b00000| Updating 
|  26|0x0000000083c00000, 0x0000000083d00000, 0x0000000083d00000|100%| O|  |TAMS 0x0000000083d00000, 0x0000000083c00000| Untracked 
|  27|0x0000000083d00000, 0x0000000083e00000, 0x0000000083e00000|100%| O|  |TAMS 0x0000000083e00000, 0x0000000083d00000| Untracked 
|  28|0x0000000083e00000, 0x0000000083f00000, 0x0000000083f00000|100%| O|  |TAMS 0x0000000083f00000, 0x0000000083e00000| Updating 
|  29|0x0000000083f00000, 0x0000000084000000, 0x0000000084000000|100%| O|  |TAMS 0x0000000084000000, 0x0000000083f00000| Updating 
|  30|0x0000000084000000, 0x0000000084100000, 0x0000000084100000|100%| O|  |TAMS 0x0000000084100000, 0x0000000084000000| Untracked 
|  31|0x0000000084100000, 0x0000000084200000, 0x0000000084200000|100%| O|  |TAMS 0x0000000084200000, 0x0000000084100000| Untracked 
|  32|0x0000000084200000, 0x0000000084300000, 0x0000000084300000|100%| O|  |TAMS 0x0000000084300000, 0x0000000084200000| Updating 
|  33|0x0000000084300000, 0x0000000084400000, 0x0000000084400000|100%| O|  |TAMS 0x0000000084400000, 0x0000000084300000| Updating 
|  34|0x0000000084400000, 0x0000000084500000, 0x0000000084500000|100%| O|  |TAMS 0x0000000084500000, 0x0000000084400000| Untracked 
|  35|0x0000000084500000, 0x0000000084600000, 0x0000000084600000|100%| O|  |TAMS 0x0000000084600000, 0x0000000084500000| Untracked 
|  36|0x0000000084600000, 0x0000000084700000, 0x0000000084700000|100%| O|  |TAMS 0x0000000084700000, 0x0000000084600000| Untracked 
|  37|0x0000000084700000, 0x0000000084800000, 0x0000000084800000|100%| O|  |TAMS 0x0000000084800000, 0x0000000084700000| Untracked 
|  38|0x0000000084800000, 0x0000000084900000, 0x0000000084900000|100%| O|  |TAMS 0x0000000084900000, 0x0000000084800000| Untracked 
|  39|0x0000000084900000, 0x0000000084a00000, 0x0000000084a00000|100%| O|  |TAMS 0x0000000084a00000, 0x0000000084900000| Untracked 
|  40|0x0000000084a00000, 0x0000000084b00000, 0x0000000084b00000|100%| O|  |TAMS 0x0000000084b00000, 0x0000000084a00000| Untracked 
|  41|0x0000000084b00000, 0x0000000084c00000, 0x0000000084c00000|100%| O|  |TAMS 0x0000000084c00000, 0x0000000084b00000| Untracked 
|  42|0x0000000084c00000, 0x0000000084d00000, 0x0000000084d00000|100%| O|  |TAMS 0x0000000084d00000, 0x0000000084c00000| Updating 
|  43|0x0000000084d00000, 0x0000000084e00000, 0x0000000084e00000|100%| O|  |TAMS 0x0000000084e00000, 0x0000000084d00000| Untracked 
|  44|0x0000000084e00000, 0x0000000084f00000, 0x0000000084f00000|100%| O|  |TAMS 0x0000000084f00000, 0x0000000084e00000| Updating 
|  45|0x0000000084f00000, 0x0000000085000000, 0x0000000085000000|100%| O|  |TAMS 0x0000000085000000, 0x0000000084f00000| Untracked 
|  46|0x0000000085000000, 0x0000000085100000, 0x0000000085100000|100%| O|  |TAMS 0x0000000085100000, 0x0000000085000000| Updating 
|  47|0x0000000085100000, 0x0000000085200000, 0x0000000085200000|100%| O|  |TAMS 0x0000000085200000, 0x0000000085100000| Untracked 
|  48|0x0000000085200000, 0x0000000085300000, 0x0000000085300000|100%| O|  |TAMS 0x0000000085300000, 0x0000000085200000| Updating 
|  49|0x0000000085300000, 0x0000000085400000, 0x0000000085400000|100%| O|  |TAMS 0x0000000085400000, 0x0000000085300000| Updating 
|  50|0x0000000085400000, 0x0000000085500000, 0x0000000085500000|100%| O|  |TAMS 0x0000000085500000, 0x0000000085400000| Untracked 
|  51|0x0000000085500000, 0x0000000085600000, 0x0000000085600000|100%| O|  |TAMS 0x0000000085600000, 0x0000000085500000| Untracked 
|  52|0x0000000085600000, 0x0000000085700000, 0x0000000085700000|100%| O|  |TAMS 0x0000000085700000, 0x0000000085600000| Updating 
|  53|0x0000000085700000, 0x0000000085800000, 0x0000000085800000|100%| O|  |TAMS 0x0000000085800000, 0x0000000085700000| Untracked 
|  54|0x0000000085800000, 0x0000000085900000, 0x0000000085900000|100%| O|  |TAMS 0x0000000085900000, 0x0000000085800000| Updating 
|  55|0x0000000085900000, 0x0000000085a00000, 0x0000000085a00000|100%| O|  |TAMS 0x0000000085a00000, 0x0000000085900000| Untracked 
|  56|0x0000000085a00000, 0x0000000085b00000, 0x0000000085b00000|100%| O|  |TAMS 0x0000000085b00000, 0x0000000085a00000| Untracked 
|  57|0x0000000085b00000, 0x0000000085c00000, 0x0000000085c00000|100%| O|  |TAMS 0x0000000085c00000, 0x0000000085b00000| Updating 
|  58|0x0000000085c00000, 0x0000000085d00000, 0x0000000085d00000|100%| O|  |TAMS 0x0000000085d00000, 0x0000000085c00000| Untracked 
|  59|0x0000000085d00000, 0x0000000085e00000, 0x0000000085e00000|100%| O|  |TAMS 0x0000000085e00000, 0x0000000085d00000| Updating 
|  60|0x0000000085e00000, 0x0000000085f00000, 0x0000000085f00000|100%| O|  |TAMS 0x0000000085f00000, 0x0000000085e00000| Updating 
|  61|0x0000000085f00000, 0x0000000086000000, 0x0000000086000000|100%| O|  |TAMS 0x0000000086000000, 0x0000000085f00000| Untracked 
|  62|0x0000000086000000, 0x0000000086100000, 0x0000000086100000|100%| O|  |TAMS 0x0000000086100000, 0x0000000086000000| Untracked 
|  63|0x0000000086100000, 0x0000000086110e00, 0x0000000086200000|  6%| O|  |TAMS 0x0000000086110e00, 0x0000000086100000| Updating 
|  64|0x0000000086200000, 0x0000000086200000, 0x0000000086300000|  0%| F|  |TAMS 0x0000000086200000, 0x0000000086200000| Untracked 
|  65|0x0000000086300000, 0x0000000086300000, 0x0000000086400000|  0%| F|  |TAMS 0x0000000086300000, 0x0000000086300000| Untracked 
|  66|0x0000000086400000, 0x0000000086400000, 0x0000000086500000|  0%| F|  |TAMS 0x0000000086400000, 0x0000000086400000| Untracked 
|  67|0x0000000086500000, 0x0000000086500000, 0x0000000086600000|  0%| F|  |TAMS 0x0000000086500000, 0x0000000086500000| Untracked 
|  68|0x0000000086600000, 0x0000000086600000, 0x0000000086700000|  0%| F|  |TAMS 0x0000000086600000, 0x0000000086600000| Untracked 
|  69|0x0000000086700000, 0x0000000086700000, 0x0000000086800000|  0%| F|  |TAMS 0x0000000086700000, 0x0000000086700000| Untracked 
|  70|0x0000000086800000, 0x0000000086800000, 0x0000000086900000|  0%| F|  |TAMS 0x0000000086800000, 0x0000000086800000| Untracked 
|  71|0x0000000086900000, 0x0000000086900000, 0x0000000086a00000|  0%| F|  |TAMS 0x0000000086900000, 0x0000000086900000| Untracked 
|  72|0x0000000086a00000, 0x0000000086a00000, 0x0000000086b00000|  0%| F|  |TAMS 0x0000000086a00000, 0x0000000086a00000| Untracked 
|  73|0x0000000086b00000, 0x0000000086b00000, 0x0000000086c00000|  0%| F|  |TAMS 0x0000000086b00000, 0x0000000086b00000| Untracked 
|  74|0x0000000086c00000, 0x0000000086c00000, 0x0000000086d00000|  0%| F|  |TAMS 0x0000000086c00000, 0x0000000086c00000| Untracked 
|  75|0x0000000086d00000, 0x0000000086d00000, 0x0000000086e00000|  0%| F|  |TAMS 0x0000000086d00000, 0x0000000086d00000| Untracked 
|  76|0x0000000086e00000, 0x0000000086e00000, 0x0000000086f00000|  0%| F|  |TAMS 0x0000000086e00000, 0x0000000086e00000| Untracked 
|  77|0x0000000086f00000, 0x0000000086f00000, 0x0000000087000000|  0%| F|  |TAMS 0x0000000086f00000, 0x0000000086f00000| Untracked 
|  78|0x0000000087000000, 0x0000000087000000, 0x0000000087100000|  0%| F|  |TAMS 0x0000000087000000, 0x0000000087000000| Untracked 
|  79|0x0000000087100000, 0x00000000871e1378, 0x0000000087200000| 87%| S|CS|TAMS 0x0000000087100000, 0x0000000087100000| Complete 
|  80|0x0000000087200000, 0x0000000087300000, 0x0000000087300000|100%| S|CS|TAMS 0x0000000087200000, 0x0000000087200000| Complete 
|  81|0x0000000087300000, 0x0000000087300000, 0x0000000087400000|  0%| F|  |TAMS 0x0000000087300000, 0x0000000087300000| Untracked 
|  82|0x0000000087400000, 0x0000000087400000, 0x0000000087500000|  0%| F|  |TAMS 0x0000000087400000, 0x0000000087400000| Untracked 
|  83|0x0000000087500000, 0x0000000087500000, 0x0000000087600000|  0%| F|  |TAMS 0x0000000087500000, 0x0000000087500000| Untracked 
|  84|0x0000000087600000, 0x0000000087600000, 0x0000000087700000|  0%| F|  |TAMS 0x0000000087600000, 0x0000000087600000| Untracked 
|  85|0x0000000087700000, 0x0000000087700000, 0x0000000087800000|  0%| F|  |TAMS 0x0000000087700000, 0x0000000087700000| Untracked 
|  86|0x0000000087800000, 0x0000000087800000, 0x0000000087900000|  0%| F|  |TAMS 0x0000000087800000, 0x0000000087800000| Untracked 
|  87|0x0000000087900000, 0x0000000087900000, 0x0000000087a00000|  0%| F|  |TAMS 0x0000000087900000, 0x0000000087900000| Untracked 
|  88|0x0000000087a00000, 0x0000000087a00000, 0x0000000087b00000|  0%| F|  |TAMS 0x0000000087a00000, 0x0000000087a00000| Untracked 
|  89|0x0000000087b00000, 0x0000000087b00000, 0x0000000087c00000|  0%| F|  |TAMS 0x0000000087b00000, 0x0000000087b00000| Untracked 
|  90|0x0000000087c00000, 0x0000000087c00000, 0x0000000087d00000|  0%| F|  |TAMS 0x0000000087c00000, 0x0000000087c00000| Untracked 
|  91|0x0000000087d00000, 0x0000000087d00000, 0x0000000087e00000|  0%| F|  |TAMS 0x0000000087d00000, 0x0000000087d00000| Untracked 
|  92|0x0000000087e00000, 0x0000000087e00000, 0x0000000087f00000|  0%| F|  |TAMS 0x0000000087e00000, 0x0000000087e00000| Untracked 
|  93|0x0000000087f00000, 0x0000000087f00000, 0x0000000088000000|  0%| F|  |TAMS 0x0000000087f00000, 0x0000000087f00000| Untracked 
|  94|0x0000000088000000, 0x0000000088000000, 0x0000000088100000|  0%| F|  |TAMS 0x0000000088000000, 0x0000000088000000| Untracked 
|  95|0x0000000088100000, 0x0000000088100000, 0x0000000088200000|  0%| F|  |TAMS 0x0000000088100000, 0x0000000088100000| Untracked 
|  96|0x0000000088200000, 0x0000000088200000, 0x0000000088300000|  0%| F|  |TAMS 0x0000000088200000, 0x0000000088200000| Untracked 
|  97|0x0000000088300000, 0x0000000088300000, 0x0000000088400000|  0%| F|  |TAMS 0x0000000088300000, 0x0000000088300000| Untracked 
|  98|0x0000000088400000, 0x0000000088400000, 0x0000000088500000|  0%| F|  |TAMS 0x0000000088400000, 0x0000000088400000| Untracked 
|  99|0x0000000088500000, 0x0000000088500000, 0x0000000088600000|  0%| F|  |TAMS 0x0000000088500000, 0x0000000088500000| Untracked 
| 100|0x0000000088600000, 0x0000000088600000, 0x0000000088700000|  0%| F|  |TAMS 0x0000000088600000, 0x0000000088600000| Untracked 
| 101|0x0000000088700000, 0x0000000088700000, 0x0000000088800000|  0%| F|  |TAMS 0x0000000088700000, 0x0000000088700000| Untracked 
| 102|0x0000000088800000, 0x0000000088800000, 0x0000000088900000|  0%| F|  |TAMS 0x0000000088800000, 0x0000000088800000| Untracked 
| 103|0x0000000088900000, 0x0000000088900000, 0x0000000088a00000|  0%| F|  |TAMS 0x0000000088900000, 0x0000000088900000| Untracked 
| 125|0x0000000089f00000, 0x0000000089fefd80, 0x000000008a000000| 93%| E|  |TAMS 0x0000000089f00000, 0x0000000089f00000| Complete 

Card table byte_map: [0x00000250ad160000,0x00000250ad550000] _byte_map_base: 0x00000250acd4f000

Marking Bits (Prev, Next): (CMBitMap*) 0x0000025096552a50, (CMBitMap*) 0x0000025096552a90
 Prev Bits: [0x00000250ad940000, 0x00000250af8b8000)
 Next Bits: [0x00000250af8c0000, 0x00000250b1838000)

Polling page: 0x0000025094430000

Metaspace:

Usage:
  Non-class:     65.22 MB used.
      Class:      8.29 MB used.
       Both:     73.52 MB used.

Virtual space:
  Non-class space:       72.00 MB reserved,      65.38 MB ( 91%) committed,  9 nodes.
      Class space:        1.00 GB reserved,       8.44 MB ( <1%) committed,  1 nodes.
             Both:        1.07 GB reserved,      73.81 MB (  7%) committed. 

Chunk freelists:
   Non-Class:  2.59 MB
       Class:  3.55 MB
        Both:  6.14 MB

MaxMetaspaceSize: unlimited
CompressedClassSpaceSize: 1.00 GB
Initial GC threshold: 21.00 MB
Current GC threshold: 108.25 MB
CDS: on
MetaspaceReclaimPolicy: balanced
 - commit_granule_bytes: 65536.
 - commit_granule_words: 8192.
 - virtual_space_node_default_size: 1048576.
 - enlarge_chunks_in_place: 1.
 - new_chunks_are_fully_committed: 0.
 - uncommit_free_chunks: 1.
 - use_allocation_guard: 0.
 - handle_deallocations: 1.


Internal statistics:

num_allocs_failed_limit: 6.
num_arena_births: 340.
num_arena_deaths: 0.
num_vsnodes_births: 10.
num_vsnodes_deaths: 0.
num_space_committed: 1179.
num_space_uncommitted: 0.
num_chunks_returned_to_freelist: 6.
num_chunks_taken_from_freelist: 3001.
num_chunk_merges: 6.
num_chunk_splits: 2438.
num_chunks_enlarged: 2174.
num_purges: 0.
num_inconsistent_stats: 0.

CodeHeap 'non-profiled nmethods': size=120000Kb used=6089Kb max_used=6474Kb free=113910Kb
 bounds [0x00000250a5840000, 0x00000250a5ea0000, 0x00000250acd70000]
CodeHeap 'profiled nmethods': size=120000Kb used=34163Kb max_used=36602Kb free=85836Kb
 bounds [0x000002509e310000, 0x00000250a06e0000, 0x00000250a5840000]
CodeHeap 'non-nmethods': size=5760Kb used=1389Kb max_used=1456Kb free=4370Kb
 bounds [0x000002509dd70000, 0x000002509dfe0000, 0x000002509e310000]
 total_blobs=12045 nmethods=11327 adapters=627
 compilation: enabled
              stopped_count=0, restarted_count=0
 full_count=0

Compilation events (20 events):
Event: 96.863 Thread 0x00000250b3ce7e20 13699       3       org.jetbrains.kotlin.codegen.inline.InlineCodegenUtilsKt::isSuspendMarker (47 bytes)
Event: 96.863 Thread 0x00000250b3ce7e20 nmethod 13699 0x000002509e719c90 code [0x000002509e719e60, 0x000002509e71a1a8]
Event: 96.868 Thread 0x00000250b3ce7e20 13700       3       org.jetbrains.org.objectweb.asm.MethodVisitor::visitInsn (16 bytes)
Event: 96.868 Thread 0x00000250b3ce7e20 nmethod 13700 0x000002509fd4a790 code [0x000002509fd4a940, 0x000002509fd4ab48]
Event: 96.869 Thread 0x00000250b3ce7e20 13701       1       org.jetbrains.org.objectweb.asm.tree.VarInsnNode::getType (2 bytes)
Event: 96.869 Thread 0x00000250b3ce7e20 nmethod 13701 0x00000250a5db9090 code [0x00000250a5db9220, 0x00000250a5db92f8]
Event: 96.871 Thread 0x00000250b3ce7e20 13702       1       org.jetbrains.org.objectweb.asm.tree.LabelNode::getType (3 bytes)
Event: 96.871 Thread 0x00000250b3ce7e20 nmethod 13702 0x00000250a5db2c90 code [0x00000250a5db2e20, 0x00000250a5db2ef8]
Event: 96.872 Thread 0x00000250b3ce7e20 13703       3       org.jetbrains.kotlin.types.AbstractTypeMapper::mapType (914 bytes)
Event: 96.890 Thread 0x00000250b3ce7e20 nmethod 13703 0x00000250a02f4690 code [0x00000250a02f5be0, 0x00000250a0303198]
Event: 96.961 Thread 0x00000250b3ce7e20 13704       3       org.jetbrains.kotlin.codegen.optimization.common.UtilKt::isStoreOperation (33 bytes)
Event: 96.962 Thread 0x00000250b3ce7e20 nmethod 13704 0x000002509ebdf410 code [0x000002509ebdf620, 0x000002509ebdfcf8]
Event: 96.963 Thread 0x00000250b3ce7e20 13705       3       org.jetbrains.kotlin.codegen.signature.JvmSignatureWriter::writeAsmType (73 bytes)
Event: 96.963 Thread 0x00000250b3ce7e20 nmethod 13705 0x000002509efe2910 code [0x000002509efe2b40, 0x000002509efe3278]
Event: 97.009 Thread 0x00000250b3ce7e20 13706       3       org.jetbrains.kotlin.ir.types.impl.IrSimpleTypeImpl::<init> (32 bytes)
Event: 97.010 Thread 0x00000250b3ce7e20 nmethod 13706 0x000002509ef44910 code [0x000002509ef44c20, 0x000002509ef45bc8]
Event: 97.011 Thread 0x00000250b3ce7e20 13707       1       org.jetbrains.kotlin.ir.declarations.impl.IrClassImpl::getAttributeOwnerId (5 bytes)
Event: 97.011 Thread 0x00000250b3ce7e20 nmethod 13707 0x00000250a5cc8510 code [0x00000250a5cc86a0, 0x00000250a5cc8778]
Event: 97.011 Thread 0x00000250b3ce7e20 13708       3       java.util.ArrayList::equals (62 bytes)
Event: 97.012 Thread 0x00000250b3ce7e20 nmethod 13708 0x000002509ef3ff90 code [0x000002509ef401a0, 0x000002509ef409a8]

GC Heap History (20 events):
Event: 78.681 GC heap before
{Heap before GC invocations=36 (full 0):
 garbage-first heap   total 92160K, used 72562K [0x0000000082200000, 0x0000000100000000)
  region size 1024K, 20 young (20480K), 2 survivors (2048K)
 Metaspace       used 59887K, committed 60160K, reserved 1105920K
  class space    used 6997K, committed 7104K, reserved 1048576K
}
Event: 78.691 GC heap after
{Heap after GC invocations=37 (full 0):
 garbage-first heap   total 92160K, used 54975K [0x0000000082200000, 0x0000000100000000)
  region size 1024K, 1 young (1024K), 1 survivors (1024K)
 Metaspace       used 59887K, committed 60160K, reserved 1105920K
  class space    used 6997K, committed 7104K, reserved 1048576K
}
Event: 79.014 GC heap before
{Heap before GC invocations=37 (full 0):
 garbage-first heap   total 92160K, used 57023K [0x0000000082200000, 0x0000000100000000)
  region size 1024K, 4 young (4096K), 1 survivors (1024K)
 Metaspace       used 60389K, committed 60672K, reserved 1105920K
  class space    used 7051K, committed 7168K, reserved 1048576K
}
Event: 79.023 GC heap after
{Heap after GC invocations=38 (full 0):
 garbage-first heap   total 92160K, used 55307K [0x0000000082200000, 0x0000000100000000)
  region size 1024K, 1 young (1024K), 1 survivors (1024K)
 Metaspace       used 60389K, committed 60672K, reserved 1105920K
  class space    used 7051K, committed 7168K, reserved 1048576K
}
Event: 81.833 GC heap before
{Heap before GC invocations=38 (full 0):
 garbage-first heap   total 92160K, used 74763K [0x0000000082200000, 0x0000000100000000)
  region size 1024K, 21 young (21504K), 1 survivors (1024K)
 Metaspace       used 63674K, committed 64000K, reserved 1105920K
  class space    used 7341K, committed 7488K, reserved 1048576K
}
Event: 81.841 GC heap after
{Heap after GC invocations=39 (full 0):
 garbage-first heap   total 92160K, used 56876K [0x0000000082200000, 0x0000000100000000)
  region size 1024K, 3 young (3072K), 3 survivors (3072K)
 Metaspace       used 63674K, committed 64000K, reserved 1105920K
  class space    used 7341K, committed 7488K, reserved 1048576K
}
Event: 84.994 GC heap before
{Heap before GC invocations=39 (full 0):
 garbage-first heap   total 92160K, used 75308K [0x0000000082200000, 0x0000000100000000)
  region size 1024K, 21 young (21504K), 3 survivors (3072K)
 Metaspace       used 64135K, committed 64384K, reserved 1105920K
  class space    used 7371K, committed 7488K, reserved 1048576K
}
Event: 85.010 GC heap after
{Heap after GC invocations=40 (full 0):
 garbage-first heap   total 92160K, used 59405K [0x0000000082200000, 0x0000000100000000)
  region size 1024K, 3 young (3072K), 3 survivors (3072K)
 Metaspace       used 64135K, committed 64384K, reserved 1105920K
  class space    used 7371K, committed 7488K, reserved 1048576K
}
Event: 87.242 GC heap before
{Heap before GC invocations=40 (full 0):
 garbage-first heap   total 92160K, used 75789K [0x0000000082200000, 0x0000000100000000)
  region size 1024K, 19 young (19456K), 3 survivors (3072K)
 Metaspace       used 65959K, committed 66240K, reserved 1114112K
  class space    used 7579K, committed 7680K, reserved 1048576K
}
Event: 87.256 GC heap after
{Heap after GC invocations=41 (full 0):
 garbage-first heap   total 92160K, used 61637K [0x0000000082200000, 0x0000000100000000)
  region size 1024K, 3 young (3072K), 3 survivors (3072K)
 Metaspace       used 65959K, committed 66240K, reserved 1114112K
  class space    used 7579K, committed 7680K, reserved 1048576K
}
Event: 88.957 GC heap before
{Heap before GC invocations=42 (full 0):
 garbage-first heap   total 107520K, used 73925K [0x0000000082200000, 0x0000000100000000)
  region size 1024K, 16 young (16384K), 3 survivors (3072K)
 Metaspace       used 69275K, committed 69568K, reserved 1114112K
  class space    used 7957K, committed 8064K, reserved 1048576K
}
Event: 88.970 GC heap after
{Heap after GC invocations=43 (full 0):
 garbage-first heap   total 107520K, used 62060K [0x0000000082200000, 0x0000000100000000)
  region size 1024K, 1 young (1024K), 1 survivors (1024K)
 Metaspace       used 69275K, committed 69568K, reserved 1114112K
  class space    used 7957K, committed 8064K, reserved 1048576K
}
Event: 89.476 GC heap before
{Heap before GC invocations=43 (full 0):
 garbage-first heap   total 107520K, used 65132K [0x0000000082200000, 0x0000000100000000)
  region size 1024K, 5 young (5120K), 1 survivors (1024K)
 Metaspace       used 70176K, committed 70464K, reserved 1114112K
  class space    used 8086K, committed 8192K, reserved 1048576K
}
Event: 89.483 GC heap after
{Heap after GC invocations=44 (full 0):
 garbage-first heap   total 107520K, used 61851K [0x0000000082200000, 0x0000000100000000)
  region size 1024K, 1 young (1024K), 1 survivors (1024K)
 Metaspace       used 70176K, committed 70464K, reserved 1114112K
  class space    used 8086K, committed 8192K, reserved 1048576K
}
Event: 92.204 GC heap before
{Heap before GC invocations=44 (full 0):
 garbage-first heap   total 107520K, used 88475K [0x0000000082200000, 0x0000000100000000)
  region size 1024K, 27 young (27648K), 1 survivors (1024K)
 Metaspace       used 72126K, committed 72384K, reserved 1114112K
  class space    used 8253K, committed 8384K, reserved 1048576K
}
Event: 92.218 GC heap after
{Heap after GC invocations=45 (full 0):
 garbage-first heap   total 107520K, used 64709K [0x0000000082200000, 0x0000000100000000)
  region size 1024K, 4 young (4096K), 4 survivors (4096K)
 Metaspace       used 72126K, committed 72384K, reserved 1114112K
  class space    used 8253K, committed 8384K, reserved 1048576K
}
Event: 94.498 GC heap before
{Heap before GC invocations=45 (full 0):
 garbage-first heap   total 107520K, used 88261K [0x0000000082200000, 0x0000000100000000)
  region size 1024K, 27 young (27648K), 4 survivors (4096K)
 Metaspace       used 72885K, committed 73152K, reserved 1114112K
  class space    used 8282K, committed 8384K, reserved 1048576K
}
Event: 94.516 GC heap after
{Heap after GC invocations=46 (full 0):
 garbage-first heap   total 107520K, used 65603K [0x0000000082200000, 0x0000000100000000)
  region size 1024K, 1 young (1024K), 1 survivors (1024K)
 Metaspace       used 72885K, committed 73152K, reserved 1114112K
  class space    used 8282K, committed 8384K, reserved 1048576K
}
Event: 96.964 GC heap before
{Heap before GC invocations=46 (full 0):
 garbage-first heap   total 107520K, used 88131K [0x0000000082200000, 0x0000000100000000)
  region size 1024K, 24 young (24576K), 1 survivors (1024K)
 Metaspace       used 75114K, committed 75392K, reserved 1122304K
  class space    used 8469K, committed 8576K, reserved 1048576K
}
Event: 96.974 GC heap after
{Heap after GC invocations=47 (full 0):
 garbage-first heap   total 107520K, used 66504K [0x0000000082200000, 0x0000000100000000)
  region size 1024K, 2 young (2048K), 2 survivors (2048K)
 Metaspace       used 75114K, committed 75392K, reserved 1122304K
  class space    used 8469K, committed 8576K, reserved 1048576K
}

Deoptimization events (20 events):
Event: 95.630 Thread 0x00000250964f8600 DEOPT PACKING pc=0x00000250a5e3199c sp=0x000000f2977fcae0
Event: 95.630 Thread 0x00000250964f8600 DEOPT UNPACKING pc=0x000002509ddc23a3 sp=0x000000f2977fc9b8 mode 2
Event: 95.630 Thread 0x00000250964f8600 Uncommon trap: trap_request=0xffffff45 fr.pc=0x00000250a5e62b94 relative=0x0000000000002cf4
Event: 95.630 Thread 0x00000250964f8600 Uncommon trap: reason=unstable_if action=reinterpret pc=0x00000250a5e62b94 method=org.jetbrains.kotlin.backend.jvm.caches.BridgeLoweringCache.canHaveSpecialBridge(Lorg/jetbrains/kotlin/ir/declarations/IrSimpleFunction;)Z @ 14 c2
Event: 95.630 Thread 0x00000250964f8600 DEOPT PACKING pc=0x00000250a5e62b94 sp=0x000000f2977fd6c0
Event: 95.630 Thread 0x00000250964f8600 DEOPT UNPACKING pc=0x000002509ddc23a3 sp=0x000000f2977fd688 mode 2
Event: 96.110 Thread 0x00000250964f8600 DEOPT PACKING pc=0x00000250a00b729c sp=0x000000f2977fd7a0
Event: 96.110 Thread 0x00000250964f8600 DEOPT UNPACKING pc=0x000002509ddc2b43 sp=0x000000f2977fccc0 mode 0
Event: 96.504 Thread 0x00000250964f8600 Uncommon trap: trap_request=0xffffffde fr.pc=0x00000250a5aecfdc relative=0x000000000000029c
Event: 96.504 Thread 0x00000250964f8600 Uncommon trap: reason=class_check action=maybe_recompile pc=0x00000250a5aecfdc method=org.jetbrains.kotlin.utils.ThreadLocalDelegate.getValue(Ljava/lang/Object;Lkotlin/reflect/KProperty;)Ljava/lang/Object; @ 42 c2
Event: 96.504 Thread 0x00000250964f8600 DEOPT PACKING pc=0x00000250a5aecfdc sp=0x000000f2977fda50
Event: 96.504 Thread 0x00000250964f8600 DEOPT UNPACKING pc=0x000002509ddc23a3 sp=0x000000f2977fd9f0 mode 2
Event: 96.504 Thread 0x00000250964f8600 Uncommon trap: trap_request=0xffffffde fr.pc=0x00000250a5aecfdc relative=0x000000000000029c
Event: 96.504 Thread 0x00000250964f8600 Uncommon trap: reason=class_check action=maybe_recompile pc=0x00000250a5aecfdc method=org.jetbrains.kotlin.utils.ThreadLocalDelegate.getValue(Ljava/lang/Object;Lkotlin/reflect/KProperty;)Ljava/lang/Object; @ 42 c2
Event: 96.504 Thread 0x00000250964f8600 DEOPT PACKING pc=0x00000250a5aecfdc sp=0x000000f2977fda50
Event: 96.504 Thread 0x00000250964f8600 DEOPT UNPACKING pc=0x000002509ddc23a3 sp=0x000000f2977fd9f0 mode 2
Event: 96.749 Thread 0x00000250964f8600 Uncommon trap: trap_request=0xffffff45 fr.pc=0x00000250a5e5bae4 relative=0x0000000000000264
Event: 96.749 Thread 0x00000250964f8600 Uncommon trap: reason=unstable_if action=reinterpret pc=0x00000250a5e5bae4 method=java.util.HashMap.clear()V @ 23 c2
Event: 96.749 Thread 0x00000250964f8600 DEOPT PACKING pc=0x00000250a5e5bae4 sp=0x000000f2977fda90
Event: 96.749 Thread 0x00000250964f8600 DEOPT UNPACKING pc=0x000002509ddc23a3 sp=0x000000f2977fda38 mode 2

Classes unloaded (0 events):
No events

Classes redefined (0 events):
No events

Internal exceptions (20 events):
Event: 40.724 Thread 0x00000250964f8600 Exception <a 'java/lang/IncompatibleClassChangeError'{0x00000000852d65e0}: Found class java.lang.Object, but interface was expected> (0x00000000852d65e0) 
thrown [s\open\src\hotspot\share\interpreter\linkResolver.cpp, line 826]
Event: 41.492 Thread 0x00000250964f8600 Exception <a 'java/lang/NoSuchMethodError'{0x0000000086927210}: 'int java.lang.invoke.DirectMethodHandle$Holder.invokeInterface(java.lang.Object, java.lang.Object)'> (0x0000000086927210) 
thrown [s\open\src\hotspot\share\interpreter\linkResolver.cpp, line 759]
Event: 47.377 Thread 0x00000250964f8600 Exception <a 'java/lang/NoSuchMethodError'{0x000000008672c6c0}: 'java.lang.Object java.lang.invoke.DirectMethodHandle$Holder.newInvokeSpecial(java.lang.Object, int, java.lang.Object)'> (0x000000008672c6c0) 
thrown [s\open\src\hotspot\share\interpreter\linkResolver.cpp, line 759]
Event: 50.257 Thread 0x00000250964f8600 Implicit null exception at 0x00000250a5918220 to 0x00000250a59183b0
Event: 50.258 Thread 0x00000250964f8600 Implicit null exception at 0x00000250a58a0960 to 0x00000250a58a09fa
Event: 52.707 Thread 0x00000250964f8600 Implicit null exception at 0x00000250a5b64960 to 0x00000250a5b65928
Event: 53.598 Thread 0x00000250964f8600 Implicit null exception at 0x00000250a5b7228f to 0x00000250a5b7b5b4
Event: 54.389 Thread 0x00000250964f8600 Exception <a 'java/lang/NoSuchMethodError'{0x00000000867b7750}: 'int java.lang.invoke.DirectMethodHandle$Holder.invokeStaticInit(java.lang.Object, int)'> (0x00000000867b7750) 
thrown [s\open\src\hotspot\share\interpreter\linkResolver.cpp, line 759]
Event: 55.013 Thread 0x00000250964f8600 Implicit null exception at 0x00000250a585a955 to 0x00000250a585af68
Event: 55.758 Thread 0x00000250964f8600 Implicit null exception at 0x00000250a58604d2 to 0x00000250a5860ab8
Event: 56.741 Thread 0x00000250964f8600 Exception <a 'java/lang/NoSuchMethodError'{0x0000000086c6c5a0}: 'java.lang.Object java.lang.invoke.DirectMethodHandle$Holder.invokeInterface(java.lang.Object, java.lang.Object, java.lang.Object)'> (0x0000000086c6c5a0) 
thrown [s\open\src\hotspot\share\interpreter\linkResolver.cpp, line 759]
Event: 56.742 Thread 0x00000250964f8600 Exception <a 'java/lang/IncompatibleClassChangeError'{0x0000000086c6ff10}: Found class java.lang.Object, but interface was expected> (0x0000000086c6ff10) 
thrown [s\open\src\hotspot\share\interpreter\linkResolver.cpp, line 826]
Event: 56.754 Thread 0x00000250964f8600 Exception <a 'java/lang/NoSuchMethodError'{0x0000000086ca82e0}: 'java.lang.Object java.lang.invoke.DirectMethodHandle$Holder.newInvokeSpecial(java.lang.Object, java.lang.Object, java.lang.Object, java.lang.Object, java.lang.Object, java.lang.Object, java.lang.Object)'> (0x0000000086ca82e0) 
thrown [s\open\src\hotspot\share\interpreter\linkResolver.cpp, line 759]
Event: 56.754 Thread 0x00000250964f8600 Exception <a 'java/lang/NoSuchMethodError'{0x0000000086cace98}: 'java.lang.Object java.lang.invoke.Invokers$Holder.linkToTargetMethod(java.lang.Object, java.lang.Object, java.lang.Object, java.lang.Object, java.lang.Object, java.lang.Object, java.lang.Object)'> (0x0000000086cace98) 
thrown [s\open\src\hotspot\share\interpreter\linkResolver.cpp, line 759]
Event: 65.669 Thread 0x00000250964f8600 Exception <a 'java/lang/NoSuchMethodError'{0x00000000871b4bf0}: 'void java.lang.invoke.DirectMethodHandle$Holder.invokeStatic(java.lang.Object, java.lang.Object, java.lang.Object)'> (0x00000000871b4bf0) 
thrown [s\open\src\hotspot\share\interpreter\linkResolver.cpp, line 759]
Event: 76.909 Thread 0x00000250964f8600 Implicit null exception at 0x00000250a59716e0 to 0x00000250a59719bc
Event: 77.938 Thread 0x00000250964f8600 Exception <a 'java/lang/NoSuchMethodError'{0x0000000086e9d190}: 'java.lang.Object java.lang.invoke.DirectMethodHandle$Holder.invokeStaticInit(java.lang.Object, java.lang.Object, java.lang.Object, java.lang.Object)'> (0x0000000086e9d190) 
thrown [s\open\src\hotspot\share\interpreter\linkResolver.cpp, line 759]
Event: 79.207 Thread 0x00000250964f8600 Exception <a 'java/lang/NoSuchMethodError'{0x0000000087ad8848}: 'int java.lang.invoke.DirectMethodHandle$Holder.invokeStaticInit(java.lang.Object, java.lang.Object, java.lang.Object, java.lang.Object)'> (0x0000000087ad8848) 
thrown [s\open\src\hotspot\share\interpreter\linkResolver.cpp, line 759]
Event: 80.056 Thread 0x00000250964f8600 Implicit null exception at 0x00000250a58a656f to 0x00000250a58a67c4
Event: 92.912 Thread 0x00000250964f8600 Implicit null exception at 0x00000250a5e38a35 to 0x00000250a5e38c9a

VM Operations (20 events):
Event: 95.257 Executing VM operation: ICBufferFull done
Event: 95.818 Executing VM operation: ICBufferFull
Event: 95.819 Executing VM operation: ICBufferFull done
Event: 96.238 Executing VM operation: HandshakeAllThreads
Event: 96.238 Executing VM operation: HandshakeAllThreads done
Event: 96.247 Executing VM operation: HandshakeAllThreads
Event: 96.247 Executing VM operation: HandshakeAllThreads done
Event: 96.250 Executing VM operation: HandshakeAllThreads
Event: 96.251 Executing VM operation: HandshakeAllThreads done
Event: 96.251 Executing VM operation: HandshakeAllThreads
Event: 96.251 Executing VM operation: HandshakeAllThreads done
Event: 96.390 Executing VM operation: HandshakeAllThreads
Event: 96.390 Executing VM operation: HandshakeAllThreads done
Event: 96.393 Executing VM operation: HandshakeAllThreads
Event: 96.393 Executing VM operation: HandshakeAllThreads done
Event: 96.749 Executing VM operation: HandshakeAllThreads
Event: 96.749 Executing VM operation: HandshakeAllThreads done
Event: 96.964 Executing VM operation: G1CollectForAllocation
Event: 96.978 Executing VM operation: G1CollectForAllocation done
Event: 97.216 Executing VM operation: G1Concurrent

Events (20 events):
Event: 96.781 Thread 0x00000250b3d502e0 flushing nmethod 0x00000250a02a0990
Event: 96.781 Thread 0x00000250b3d502e0 flushing nmethod 0x00000250a02ae590
Event: 96.781 Thread 0x00000250b3d502e0 flushing nmethod 0x00000250a02aee90
Event: 96.781 Thread 0x00000250b3d502e0 flushing nmethod 0x00000250a02af610
Event: 96.781 Thread 0x00000250b3d502e0 flushing nmethod 0x00000250a02afb90
Event: 96.781 Thread 0x00000250b3d502e0 flushing nmethod 0x00000250a02b8b10
Event: 96.781 Thread 0x00000250b3d502e0 flushing nmethod 0x00000250a02cc190
Event: 96.781 Thread 0x00000250b3d502e0 flushing nmethod 0x00000250a02f3710
Event: 96.781 Thread 0x00000250b3d502e0 flushing nmethod 0x00000250a030d690
Event: 96.781 Thread 0x00000250b3d502e0 flushing nmethod 0x00000250a030db90
Event: 96.781 Thread 0x00000250b3d502e0 flushing nmethod 0x00000250a0310510
Event: 96.781 Thread 0x00000250b3d502e0 flushing nmethod 0x00000250a0330a90
Event: 96.782 Thread 0x00000250b3d502e0 flushing nmethod 0x00000250a033b390
Event: 96.782 Thread 0x00000250b3d502e0 flushing nmethod 0x00000250a0340890
Event: 96.782 Thread 0x00000250b3d502e0 flushing nmethod 0x00000250a03f3e10
Event: 96.782 Thread 0x00000250b3d502e0 flushing nmethod 0x00000250a0408590
Event: 96.785 Thread 0x00000250b3d502e0 flushing nmethod 0x00000250a0633510
Event: 96.786 Thread 0x00000250b3d502e0 flushing nmethod 0x00000250a06ba690
Event: 96.849 loading class java/util/Vector$Itr
Event: 96.850 loading class java/util/Vector$Itr done


Dynamic libraries:
0x00007ff790e70000 - 0x00007ff790e80000 	C:\Program Files\Java\jdk-17.0.5\bin\java.exe
0x00007ffacf5f0000 - 0x00007ffacf7e8000 	C:\WINDOWS\SYSTEM32\ntdll.dll
0x00007ffaceaa0000 - 0x00007ffaceb5f000 	C:\WINDOWS\System32\KERNEL32.DLL
0x00007ffacd180000 - 0x00007ffacd452000 	C:\WINDOWS\System32\KERNELBASE.dll
0x00007ffaccdf0000 - 0x00007ffaccef0000 	C:\WINDOWS\System32\ucrtbase.dll
0x00007ffaac590000 - 0x00007ffaac5a8000 	C:\Program Files\Java\jdk-17.0.5\bin\jli.dll
0x00007ffacdb20000 - 0x00007ffacdbce000 	C:\WINDOWS\System32\ADVAPI32.dll
0x00007ffacefd0000 - 0x00007ffacf06e000 	C:\WINDOWS\System32\msvcrt.dll
0x00007ffacd720000 - 0x00007ffacd7bc000 	C:\WINDOWS\System32\sechost.dll
0x00007ffacf070000 - 0x00007ffacf195000 	C:\WINDOWS\System32\RPCRT4.dll
0x00007ffacd8d0000 - 0x00007ffacda71000 	C:\WINDOWS\System32\USER32.dll
0x00007ffaccff0000 - 0x00007ffacd012000 	C:\WINDOWS\System32\win32u.dll
0x00007fface850000 - 0x00007fface87b000 	C:\WINDOWS\System32\GDI32.dll
0x00007ffaccce0000 - 0x00007ffaccdef000 	C:\WINDOWS\System32\gdi32full.dll
0x00007ffacd020000 - 0x00007ffacd0bd000 	C:\WINDOWS\System32\msvcp_win.dll
0x00007ffaa4630000 - 0x00007ffaa464a000 	C:\Program Files\Java\jdk-17.0.5\bin\VCRUNTIME140.dll
0x00007ffaba8c0000 - 0x00007ffabab5a000 	C:\WINDOWS\WinSxS\amd64_microsoft.windows.common-controls_6595b64144ccf1df_6.0.19041.1110_none_60b5254171f9507e\COMCTL32.dll
0x00007ffac3f30000 - 0x00007ffac3f3a000 	C:\WINDOWS\SYSTEM32\VERSION.dll
0x00007ffacdae0000 - 0x00007ffacdb12000 	C:\WINDOWS\System32\IMM32.DLL
0x00007ffac4030000 - 0x00007ffac403c000 	C:\Program Files\Java\jdk-17.0.5\bin\vcruntime140_1.dll
0x00007ffa49ed0000 - 0x00007ffa49f5d000 	C:\Program Files\Java\jdk-17.0.5\bin\msvcp140.dll
0x00007ffa32d80000 - 0x00007ffa33942000 	C:\Program Files\Java\jdk-17.0.5\bin\server\jvm.dll
0x00007fface9b0000 - 0x00007fface9b8000 	C:\WINDOWS\System32\PSAPI.DLL
0x00007ffab1d90000 - 0x00007ffab1d99000 	C:\WINDOWS\SYSTEM32\WSOCK32.dll
0x00007ffacdbd0000 - 0x00007ffacdc3b000 	C:\WINDOWS\System32\WS2_32.dll
0x00007ffaba2b0000 - 0x00007ffaba2d7000 	C:\WINDOWS\SYSTEM32\WINMM.dll
0x00007ffacb540000 - 0x00007ffacb552000 	C:\WINDOWS\SYSTEM32\kernel.appcore.dll
0x00007ffaac580000 - 0x00007ffaac58a000 	C:\Program Files\Java\jdk-17.0.5\bin\jimage.dll
0x00007ffab2390000 - 0x00007ffab2574000 	C:\WINDOWS\SYSTEM32\DBGHELP.DLL
0x00007ffab0b60000 - 0x00007ffab0b95000 	C:\WINDOWS\SYSTEM32\dbgcore.DLL
0x00007ffacd0f0000 - 0x00007ffacd172000 	C:\WINDOWS\System32\bcryptPrimitives.dll
0x00007ffa85e20000 - 0x00007ffa85e45000 	C:\Program Files\Java\jdk-17.0.5\bin\java.dll
0x00007ffa45350000 - 0x00007ffa45426000 	C:\Program Files\Java\jdk-17.0.5\bin\jsvml.dll
0x00007fface100000 - 0x00007fface845000 	C:\WINDOWS\System32\SHELL32.dll
0x00007ffacab20000 - 0x00007ffacb2b2000 	C:\WINDOWS\SYSTEM32\windows.storage.dll
0x00007ffacf250000 - 0x00007ffacf5a5000 	C:\WINDOWS\System32\combase.dll
0x00007ffacc660000 - 0x00007ffacc690000 	C:\WINDOWS\SYSTEM32\Wldp.dll
0x00007ffacd7c0000 - 0x00007ffacd86d000 	C:\WINDOWS\System32\SHCORE.dll
0x00007ffacd6c0000 - 0x00007ffacd715000 	C:\WINDOWS\System32\shlwapi.dll
0x00007ffaccc20000 - 0x00007ffaccc3f000 	C:\WINDOWS\SYSTEM32\profapi.dll
0x00007ffa91400000 - 0x00007ffa91419000 	C:\Program Files\Java\jdk-17.0.5\bin\net.dll
0x00007ffac1f40000 - 0x00007ffac204c000 	C:\WINDOWS\SYSTEM32\WINHTTP.dll
0x00007ffacc440000 - 0x00007ffacc4aa000 	C:\WINDOWS\system32\mswsock.dll
0x00007ffa8ffb0000 - 0x00007ffa8ffc6000 	C:\Program Files\Java\jdk-17.0.5\bin\nio.dll
0x00007ffa8f430000 - 0x00007ffa8f448000 	C:\Program Files\Java\jdk-17.0.5\bin\zip.dll
0x00007ffaa7510000 - 0x00007ffaa7520000 	C:\Program Files\Java\jdk-17.0.5\bin\verify.dll

dbghelp: loaded successfully - version: 4.0.5 - missing functions: none
symbol engine: initialized successfully - sym options: 0x614 - pdb path: .;C:\Program Files\Java\jdk-17.0.5\bin;C:\WINDOWS\SYSTEM32;C:\WINDOWS\WinSxS\amd64_microsoft.windows.common-controls_6595b64144ccf1df_6.0.19041.1110_none_60b5254171f9507e;C:\Program Files\Java\jdk-17.0.5\bin\server

VM Arguments:
java_command: org.jetbrains.kotlin.cli.jvm.K2JVMCompiler @D:\Blueprint\sistema\node_modules\react-native-safe-area-context\android\build\20230224_16083263089710445282.compiler.options
java_class_path (initial): C:\Users\Harmit\.gradle\caches\modules-2\files-2.1\org.jetbrains.kotlin\kotlin-compiler-embeddable\1.6.20\18f66cca4301c12893ebe4ef47d65c3d9d2bff9b\kotlin-compiler-embeddable-1.6.20.jar;C:\Users\Harmit\.gradle\caches\modules-2\files-2.1\org.jetbrains.kotlin\kotlin-reflect\1.6.20\669965154723f1a712e8677af0cc5470dfdab81c\kotlin-reflect-1.6.20.jar;C:\Users\Harmit\.gradle\caches\modules-2\files-2.1\org.jetbrains.kotlin\kotlin-stdlib\1.6.20\6cedc143badbb4f1c6b7f5a340b04edff1743208\kotlin-stdlib-1.6.20.jar;C:\Users\Harmit\.gradle\caches\modules-2\files-2.1\org.jetbrains.kotlin\kotlin-script-runtime\1.6.20\a115c367e0fd9c8909293b208689afca0c88a6f1\kotlin-script-runtime-1.6.20.jar;C:\Users\Harmit\.gradle\caches\modules-2\files-2.1\org.jetbrains.kotlin\kotlin-daemon-embeddable\1.6.20\d4cac343029f48f106c57f457384771165d7deb5\kotlin-daemon-embeddable-1.6.20.jar;C:\Users\Harmit\.gradle\caches\modules-2\files-2.1\org.jetbrains.intellij.deps\trove4j\1.0.20200330\3afb14d5f9ceb459d724e907a21145e8ff394f02\trove4j-1.0.20200330.jar;C:\Users\Harmit\.gradle\caches\modules-2\files-2.1\net.java.dev.jna\jna\5.6.0\330f2244e9030119ab3030fc3fededc86713d9cc\jna-5.6.0.jar;C:\Users\Harmit\.gradle\caches\modules-2\files-2.1\org.jetbrains.kotlin\kotlin-stdlib-common\1.6.20\27b4562b6713d70f458c6d7ea39aadacb8e6a92b\kotlin-stdlib-common-1.6.20.jar;C:\Users\Harmit\.gradle\caches\modules-2\files-2.1\org.jetbrains\annotations\13.0\919f0dfe192fb4e063e7dacadee7f8bb9a2672a9\annotations-13.0.jar
Launcher Type: SUN_STANDARD

[Global flags]
     intx CICompilerCount                          = 3                                         {product} {ergonomic}
     uint ConcGCThreads                            = 1                                         {product} {ergonomic}
     uint G1ConcRefinementThreads                  = 4                                         {product} {ergonomic}
   size_t G1HeapRegionSize                         = 1048576                                   {product} {ergonomic}
    uintx GCDrainStackTargetSize                   = 64                                        {product} {ergonomic}
   size_t InitialHeapSize                          = 132120576                                 {product} {ergonomic}
   size_t MarkStackSize                            = 4194304                                   {product} {ergonomic}
   size_t MaxHeapSize                              = 2111832064                                {product} {ergonomic}
   size_t MaxNewSize                               = 1266679808                                {product} {ergonomic}
   size_t MinHeapDeltaBytes                        = 1048576                                   {product} {ergonomic}
   size_t MinHeapSize                              = 8388608                                   {product} {ergonomic}
    uintx NonNMethodCodeHeapSize                   = 5832780                                {pd product} {ergonomic}
    uintx NonProfiledCodeHeapSize                  = 122912730                              {pd product} {ergonomic}
    uintx ProfiledCodeHeapSize                     = 122912730                              {pd product} {ergonomic}
    uintx ReservedCodeCacheSize                    = 251658240                              {pd product} {ergonomic}
     bool SegmentedCodeCache                       = true                                      {product} {ergonomic}
   size_t SoftMaxHeapSize                          = 2111832064                             {manageable} {ergonomic}
     bool UseCompressedClassPointers               = true                           {product lp64_product} {ergonomic}
     bool UseCompressedOops                        = true                           {product lp64_product} {ergonomic}
     bool UseG1GC                                  = true                                      {product} {ergonomic}
     bool UseLargePagesIndividualAllocation        = false                                  {pd product} {ergonomic}

Logging:
Log output configuration:
 #0: stdout all=warning uptime,level,tags
 #1: stderr all=off uptime,level,tags

Environment Variables:
JAVA_HOME=C:\Program Files\Java\jdk-17.0.5
CLASSPATH=D:\Blueprint\sistema\android\\gradle\wrapper\gradle-wrapper.jar
PATH=D:\Blueprint\sistema\android\node_modules\.bin;D:\Blueprint\sistema\node_modules\.bin;D:\Blueprint\node_modules\.bin;D:\node_modules\.bin;C:\Program Files\nodejs;C:\Users\Harmit\AppData\Local\Temp\yarn--1677276390101-0.8600530462751097;D:\Blueprint\sistema\node_modules\.bin;C:\Users\Harmit\AppData\Local\Yarn\Data\link\node_modules\.bin;C:\Users\Harmit\AppData\Local\Yarn\bin;C:\Program Files\libexec\lib\node_modules\npm\bin\node-gyp-bin;C:\Program Files\lib\node_modules\npm\bin\node-gyp-bin;C:\Program Files\nodejs\node_modules\npm\bin\node-gyp-bin;C:\Program Files\Common Files\Oracle\Java\javapath;C:\Program Files (x86)\Common Files\Oracle\Java\javapath;C:\Program Files (x86)\Intel\iCLS Client\;C:\Program Files\Intel\iCLS Client\;C:\Windows\system32;C:\Windows;C:\Windows\System32\Wbem;C:\Windows\System32\WindowsPowerShell\v1.0\;C:\Program Files (x86)\Intel\Intel(R) Management Engine Components\DAL;C:\Program Files\Intel\Intel(R) Management Engine Components\DAL;C:\Program Files (x86)\Intel\Intel(R) Management Engine Components\IPT;C:\Program Files\Intel\Intel(R) Management Engine Components\IPT;C:\Program Files (x86)\Wireless Docking\;C:\Program Files (x86)\NVIDIA Corporation\PhysX\Common;C:\WINDOWS\system32;C:\WINDOWS;C:\WINDOWS\System32\Wbem;C:\WINDOWS\System32\WindowsPowerShell\v1.0\;C:\WINDOWS\System32\OpenSSH\;C:\Program Files (x86)\Codebox\BitMeterOS;C:\WINDOWS\system32;C:\WINDOWS;C:\WINDOWS\System32\Wbem;C:\WINDOWS\System32\WindowsPowerShell\v1.0\;C:\WINDOWS\System32\OpenSSH\;C:\Program Files\Git\cmd;C:\ProgramData\chocolatey\bin;C:\Program Files\nodejs\;C:\Program Files\dotnet\;D:\PuTTY\;C:\Program Files\MySQL\MySQL Shell 8.0\bin\;C:\Users\Harmit\AppData\Local\Microsoft\WindowsApps;D:\Microsoft VS Code\bin;D:\msys64\mingw64\bin;C:\Users\Harmit\AppData\Roaming\npm;C:\Users\Harmit\AppData\Local\Android\Sdk\platform-tools;
USERNAME=Harmit
OS=Windows_NT
PROCESSOR_IDENTIFIER=Intel64 Family 6 Model 78 Stepping 3, GenuineIntel



---------------  S Y S T E M  ---------------

OS:
 Windows 10 , 64 bit Build 19041 (10.0.19041.2546)
OS uptime: 3 days 21:44 hours
Hyper-V role detected

CPU: total 4 (initial active 4) (2 cores per cpu, 2 threads per core) family 6 model 78 stepping 3 microcode 0xcc, cx8, cmov, fxsr, ht, mmx, 3dnowpref, sse, sse2, sse3, ssse3, sse4.1, sse4.2, popcnt, lzcnt, tsc, tscinvbit, avx, avx2, aes, erms, clmul, bmi1, bmi2, adx, fma, vzeroupper, clflush, clflushopt, hv

Memory: 4k page, system-wide physical 8049M (223M free)
TotalPageFile size 17846M (AvailPageFile size 6M)
current process WorkingSet (physical memory assigned to process): 298M, peak: 314M
current process commit charge ("private bytes"): 334M, peak: 346M

vm_info: Java HotSpot(TM) 64-Bit Server VM (17.0.5+9-LTS-191) for windows-amd64 JRE (17.0.5+9-LTS-191), built on Sep 13 2022 17:31:43 by "mach5one" with MS VC++ 16.8 / 16.9 (VS2019)

END.
