#
# There is insufficient memory for the Java Runtime Environment to continue.
# Native memory allocation (mmap) failed to map 36700160 bytes for G1 virtual space
# Possible reasons:
#   The system is out of physical RAM or swap space
#   The process is running with CompressedOops enabled, and the Java Heap may be blocking the growth of the native heap
# Possible solutions:
#   Reduce memory load on the system
#   Increase physical memory or swap space
#   Check if swap backing store is full
#   Decrease Java heap size (-Xmx/-Xms)
#   Decrease number of Java threads
#   Decrease Java thread stack sizes (-Xss)
#   Set larger code cache with -XX:ReservedCodeCacheSize=
#   JVM is running with Unscaled Compressed Oops mode in which the Java heap is
#     placed in the first 4GB address space. The Java Heap base address is the
#     maximum limit for the native heap growth. Please use -XX:HeapBaseMinAddress
#     to set the Java Heap base and to place the Java Heap above 4GB virtual address.
# This output file may be truncated or incomplete.
#
#  Out of Memory Error (os_windows.cpp:3541), pid=39884, tid=24756
#
# JRE version: Java(TM) SE Runtime Environment (17.0.5+9) (build 17.0.5+9-LTS-191)
# Java VM: Java HotSpot(TM) 64-Bit Server VM (17.0.5+9-LTS-191, mixed mode, sharing, tiered, compressed oops, compressed class ptrs, g1 gc, windows-amd64)
# No core dump will be written. Minidumps are not enabled by default on client versions of Windows
#

---------------  S U M M A R Y ------------

Command Line: org.jetbrains.kotlin.cli.jvm.K2JVMCompiler @D:\Blueprint\sistema\node_modules\react-native-screens\android\build\20230224_15209393913249354146.compiler.options

Host: Intel(R) Core(TM) i7-6500U CPU @ 2.50GHz, 4 cores, 7G,  Windows 10 , 64 bit Build 19041 (10.0.19041.2546)
Time: Fri Feb 24 16:43:12 2023 Eastern Standard Time elapsed time: 174.666718 seconds (0d 0h 2m 54s)

---------------  T H R E A D  ---------------

Current thread (0x000001e233155dd0):  VMThread "VM Thread" [stack: 0x0000007618f00000,0x0000007619000000] [id=24756]

Stack: [0x0000007618f00000,0x0000007619000000]
Native frames: (J=compiled Java code, j=interpreted, Vv=VM code, C=native code)
V  [jvm.dll+0x672eea]
V  [jvm.dll+0x7d2a04]
V  [jvm.dll+0x7d41ae]
V  [jvm.dll+0x7d4813]
V  [jvm.dll+0x242c15]
V  [jvm.dll+0x66fe09]
V  [jvm.dll+0x664682]
V  [jvm.dll+0x300e8b]
V  [jvm.dll+0x308426]
V  [jvm.dll+0x357ffe]
V  [jvm.dll+0x35822f]
V  [jvm.dll+0x2d80a8]
V  [jvm.dll+0x2db126]
V  [jvm.dll+0x2e5778]
V  [jvm.dll+0x319600]
V  [jvm.dll+0x7d8ceb]
V  [jvm.dll+0x7d9a24]
V  [jvm.dll+0x7d9f3c]
V  [jvm.dll+0x7da314]
V  [jvm.dll+0x7da3e0]
V  [jvm.dll+0x782b4a]
V  [jvm.dll+0x671d75]
C  [ucrtbase.dll+0x21bb2]
C  [KERNEL32.DLL+0x17614]
C  [ntdll.dll+0x526a1]

VM_Operation (0x0000007618bff8a0): G1Concurrent, mode: safepoint, requested by thread 0x000001e2159f3280


---------------  P R O C E S S  ---------------

Threads class SMR info:
_java_thread_list=0x000001e2354109b0, length=12, elements={
0x000001e215988870, 0x000001e23315aa20, 0x000001e23315b890, 0x000001e233173a90,
0x000001e233174440, 0x000001e233174df0, 0x000001e2331757a0, 0x000001e233176480,
0x000001e233177f30, 0x000001e2331e5f10, 0x000001e233ca90f0, 0x000001e233cada20
}

Java Threads: ( => current thread )
  0x000001e215988870 JavaThread "main" [_thread_blocked, id=16324, stack(0x0000007618900000,0x0000007618a00000)]
  0x000001e23315aa20 JavaThread "Reference Handler" daemon [_thread_blocked, id=15444, stack(0x0000007619000000,0x0000007619100000)]
  0x000001e23315b890 JavaThread "Finalizer" daemon [_thread_blocked, id=40792, stack(0x0000007619100000,0x0000007619200000)]
  0x000001e233173a90 JavaThread "Signal Dispatcher" daemon [_thread_blocked, id=36708, stack(0x0000007619200000,0x0000007619300000)]
  0x000001e233174440 JavaThread "Attach Listener" daemon [_thread_blocked, id=41972, stack(0x0000007619300000,0x0000007619400000)]
  0x000001e233174df0 JavaThread "Service Thread" daemon [_thread_blocked, id=11108, stack(0x0000007619400000,0x0000007619500000)]
  0x000001e2331757a0 JavaThread "Monitor Deflation Thread" daemon [_thread_blocked, id=36128, stack(0x0000007619500000,0x0000007619600000)]
  0x000001e233176480 JavaThread "C2 CompilerThread0" daemon [_thread_blocked, id=39804, stack(0x0000007619600000,0x0000007619700000)]
  0x000001e233177f30 JavaThread "C1 CompilerThread0" daemon [_thread_blocked, id=19640, stack(0x0000007619700000,0x0000007619800000)]
  0x000001e2331e5f10 JavaThread "Sweeper thread" daemon [_thread_blocked, id=39172, stack(0x0000007619800000,0x0000007619900000)]
  0x000001e233ca90f0 JavaThread "Notification Thread" daemon [_thread_blocked, id=37664, stack(0x0000007619900000,0x0000007619a00000)]
  0x000001e233cada20 JavaThread "Common-Cleaner" daemon [_thread_blocked, id=9864, stack(0x0000007619b00000,0x0000007619c00000)]

Other Threads:
=>0x000001e233155dd0 VMThread "VM Thread" [stack: 0x0000007618f00000,0x0000007619000000] [id=24756]
  0x000001e233cab5d0 WatcherThread [stack: 0x0000007619a00000,0x0000007619b00000] [id=192]
  0x000001e2159e2780 GCTaskThread "GC Thread#0" [stack: 0x0000007618a00000,0x0000007618b00000] [id=42288]
  0x000001e23400d0c0 GCTaskThread "GC Thread#1" [stack: 0x0000007619c00000,0x0000007619d00000] [id=37804]
  0x000001e23400d370 GCTaskThread "GC Thread#2" [stack: 0x0000007619d00000,0x0000007619e00000] [id=11304]
  0x000001e233f47860 GCTaskThread "GC Thread#3" [stack: 0x0000007619e00000,0x0000007619f00000] [id=16448]
  0x000001e2159f3280 ConcurrentGCThread "G1 Main Marker" [stack: 0x0000007618b00000,0x0000007618c00000] [id=43172]
  0x000001e2159f3c90 ConcurrentGCThread "G1 Conc#0" [stack: 0x0000007618c00000,0x0000007618d00000] [id=22168]
  0x000001e215a59440 ConcurrentGCThread "G1 Refine#0" [stack: 0x0000007618d00000,0x0000007618e00000] [id=37720]
  0x000001e233010090 ConcurrentGCThread "G1 Service" [stack: 0x0000007618e00000,0x0000007618f00000] [id=4420]

Threads with active compile tasks:
C2 CompilerThread0   174743 15707       4       org.jetbrains.kotlin.ir.util.TypeTranslator::translateType (623 bytes)

VM state: at safepoint (normal execution)

VM Mutex/Monitor currently owned by a thread:  ([mutex/lock_event])
[0x000001e2159857d0] Threads_lock - owner thread: 0x000001e233155dd0
[0x000001e215984a50] Heap_lock - owner thread: 0x000001e2159f3280

Heap address: 0x0000000082200000, size: 2014 MB, Compressed Oops mode: 32-bit

CDS archive(s) mapped at: [0x0000000800000000-0x0000000800bd0000-0x0000000800bd0000), size 12386304, SharedBaseAddress: 0x0000000800000000, ArchiveRelocationMode: 0.
Compressed class space mapped at: 0x0000000800c00000-0x0000000840c00000, reserved size: 1073741824
Narrow klass base: 0x0000000800000000, Narrow klass shift: 0, Narrow klass range: 0x100000000

GC Precious Log:
 CPUs: 4 total, 4 available
 Memory: 8049M
 Large Page Support: Disabled
 NUMA Support: Disabled
 Compressed Oops: Enabled (32-bit)
 Heap Region Size: 1M
 Heap Min Capacity: 8M
 Heap Initial Capacity: 126M
 Heap Max Capacity: 2014M
 Pre-touch: Disabled
 Parallel Workers: 4
 Concurrent Workers: 1
 Concurrent Refinement Workers: 4
 Periodic GC: Disabled

Heap:
 garbage-first heap   total 148480K, used 108973K [0x0000000082200000, 0x0000000100000000)
  region size 1024K, 12 young (12288K), 4 survivors (4096K)
 Metaspace       used 67498K, committed 67840K, reserved 1114112K
  class space    used 7462K, committed 7616K, reserved 1048576K

Heap Regions: E=young(eden), S=young(survivor), O=old, HS=humongous(starts), HC=humongous(continues), CS=collection set, F=free, OA=open archive, CA=closed archive, TAMS=top-at-mark-start (previous, next)
|   0|0x0000000082200000, 0x0000000082300000, 0x0000000082300000|100%|HS|  |TAMS 0x0000000082300000, 0x0000000082200000| Complete 
|   1|0x0000000082300000, 0x0000000082400000, 0x0000000082400000|100%|HC|  |TAMS 0x0000000082400000, 0x0000000082300000| Complete 
|   2|0x0000000082400000, 0x0000000082500000, 0x0000000082500000|100%|HC|  |TAMS 0x0000000082500000, 0x0000000082400000| Complete 
|   3|0x0000000082500000, 0x0000000082600000, 0x0000000082600000|100%| O|  |TAMS 0x0000000082600000, 0x0000000082500000| Untracked 
|   4|0x0000000082600000, 0x0000000082700000, 0x0000000082700000|100%| O|  |TAMS 0x0000000082700000, 0x0000000082600000| Untracked 
|   5|0x0000000082700000, 0x0000000082800000, 0x0000000082800000|100%| O|  |TAMS 0x0000000082800000, 0x0000000082700000| Untracked 
|   6|0x0000000082800000, 0x0000000082900000, 0x0000000082900000|100%|HS|  |TAMS 0x0000000082900000, 0x0000000082800000| Complete 
|   7|0x0000000082900000, 0x0000000082a00000, 0x0000000082a00000|100%|HC|  |TAMS 0x0000000082a00000, 0x0000000082900000| Complete 
|   8|0x0000000082a00000, 0x0000000082b00000, 0x0000000082b00000|100%|HC|  |TAMS 0x0000000082b00000, 0x0000000082a00000| Complete 
|   9|0x0000000082b00000, 0x0000000082c00000, 0x0000000082c00000|100%| O|  |TAMS 0x0000000082c00000, 0x0000000082b00000| Untracked 
|  10|0x0000000082c00000, 0x0000000082d00000, 0x0000000082d00000|100%| O|  |TAMS 0x0000000082d00000, 0x0000000082c00000| Updating 
|  11|0x0000000082d00000, 0x0000000082e00000, 0x0000000082e00000|100%| O|  |TAMS 0x0000000082e00000, 0x0000000082d00000| Untracked 
|  12|0x0000000082e00000, 0x0000000082f00000, 0x0000000082f00000|100%| O|  |TAMS 0x0000000082f00000, 0x0000000082e00000| Updating 
|  13|0x0000000082f00000, 0x0000000083000000, 0x0000000083000000|100%| O|  |TAMS 0x0000000083000000, 0x0000000082f00000| Untracked 
|  14|0x0000000083000000, 0x0000000083100000, 0x0000000083100000|100%| O|  |TAMS 0x0000000083100000, 0x0000000083000000| Untracked 
|  15|0x0000000083100000, 0x0000000083200000, 0x0000000083200000|100%| O|  |TAMS 0x0000000083200000, 0x0000000083100000| Untracked 
|  16|0x0000000083200000, 0x0000000083300000, 0x0000000083300000|100%| O|  |TAMS 0x0000000083300000, 0x0000000083200000| Untracked 
|  17|0x0000000083300000, 0x0000000083400000, 0x0000000083400000|100%| O|  |TAMS 0x0000000083400000, 0x0000000083300000| Untracked 
|  18|0x0000000083400000, 0x0000000083500000, 0x0000000083500000|100%| O|  |TAMS 0x0000000083500000, 0x0000000083400000| Untracked 
|  19|0x0000000083500000, 0x0000000083600000, 0x0000000083600000|100%| O|  |TAMS 0x0000000083600000, 0x0000000083500000| Untracked 
|  20|0x0000000083600000, 0x0000000083700000, 0x0000000083700000|100%| O|  |TAMS 0x0000000083700000, 0x0000000083600000| Updating 
|  21|0x0000000083700000, 0x0000000083800000, 0x0000000083800000|100%| O|  |TAMS 0x0000000083800000, 0x0000000083700000| Updating 
|  22|0x0000000083800000, 0x0000000083900000, 0x0000000083900000|100%| O|  |TAMS 0x0000000083900000, 0x0000000083800000| Untracked 
|  23|0x0000000083900000, 0x0000000083a00000, 0x0000000083a00000|100%| O|  |TAMS 0x0000000083a00000, 0x0000000083900000| Untracked 
|  24|0x0000000083a00000, 0x0000000083b00000, 0x0000000083b00000|100%| O|  |TAMS 0x0000000083b00000, 0x0000000083a00000| Untracked 
|  25|0x0000000083b00000, 0x0000000083c00000, 0x0000000083c00000|100%| O|  |TAMS 0x0000000083c00000, 0x0000000083b00000| Untracked 
|  26|0x0000000083c00000, 0x0000000083d00000, 0x0000000083d00000|100%|HS|  |TAMS 0x0000000083d00000, 0x0000000083c00000| Complete 
|  27|0x0000000083d00000, 0x0000000083e00000, 0x0000000083e00000|100%|HC|  |TAMS 0x0000000083e00000, 0x0000000083d00000| Complete 
|  28|0x0000000083e00000, 0x0000000083f00000, 0x0000000083f00000|100%| O|  |TAMS 0x0000000083f00000, 0x0000000083e00000| Untracked 
|  29|0x0000000083f00000, 0x0000000084000000, 0x0000000084000000|100%| O|  |TAMS 0x0000000084000000, 0x0000000083f00000| Untracked 
|  30|0x0000000084000000, 0x0000000084100000, 0x0000000084100000|100%| O|  |TAMS 0x0000000084100000, 0x0000000084000000| Untracked 
|  31|0x0000000084100000, 0x0000000084200000, 0x0000000084200000|100%| O|  |TAMS 0x0000000084200000, 0x0000000084100000| Untracked 
|  32|0x0000000084200000, 0x0000000084300000, 0x0000000084300000|100%| O|  |TAMS 0x0000000084300000, 0x0000000084200000| Untracked 
|  33|0x0000000084300000, 0x0000000084400000, 0x0000000084400000|100%| O|  |TAMS 0x0000000084400000, 0x0000000084300000| Updating 
|  34|0x0000000084400000, 0x0000000084500000, 0x0000000084500000|100%| O|  |TAMS 0x0000000084500000, 0x0000000084400000| Updating 
|  35|0x0000000084500000, 0x0000000084600000, 0x0000000084600000|100%| O|  |TAMS 0x0000000084600000, 0x0000000084500000| Updating 
|  36|0x0000000084600000, 0x0000000084700000, 0x0000000084700000|100%| O|  |TAMS 0x0000000084700000, 0x0000000084600000| Untracked 
|  37|0x0000000084700000, 0x0000000084800000, 0x0000000084800000|100%| O|  |TAMS 0x0000000084800000, 0x0000000084700000| Untracked 
|  38|0x0000000084800000, 0x0000000084900000, 0x0000000084900000|100%| O|  |TAMS 0x0000000084900000, 0x0000000084800000| Untracked 
|  39|0x0000000084900000, 0x0000000084a00000, 0x0000000084a00000|100%| O|  |TAMS 0x0000000084a00000, 0x0000000084900000| Updating 
|  40|0x0000000084a00000, 0x0000000084b00000, 0x0000000084b00000|100%| O|  |TAMS 0x0000000084b00000, 0x0000000084a00000| Untracked 
|  41|0x0000000084b00000, 0x0000000084c00000, 0x0000000084c00000|100%| O|  |TAMS 0x0000000084c00000, 0x0000000084b00000| Untracked 
|  42|0x0000000084c00000, 0x0000000084d00000, 0x0000000084d00000|100%| O|  |TAMS 0x0000000084d00000, 0x0000000084c00000| Untracked 
|  43|0x0000000084d00000, 0x0000000084e00000, 0x0000000084e00000|100%| O|  |TAMS 0x0000000084e00000, 0x0000000084d00000| Untracked 
|  44|0x0000000084e00000, 0x0000000084f00000, 0x0000000084f00000|100%| O|  |TAMS 0x0000000084f00000, 0x0000000084e00000| Untracked 
|  45|0x0000000084f00000, 0x0000000085000000, 0x0000000085000000|100%| O|  |TAMS 0x0000000085000000, 0x0000000084f00000| Updating 
|  46|0x0000000085000000, 0x0000000085100000, 0x0000000085100000|100%| O|  |TAMS 0x0000000085100000, 0x0000000085000000| Untracked 
|  47|0x0000000085100000, 0x0000000085200000, 0x0000000085200000|100%| O|  |TAMS 0x0000000085200000, 0x0000000085100000| Updating 
|  48|0x0000000085200000, 0x0000000085300000, 0x0000000085300000|100%| O|  |TAMS 0x0000000085300000, 0x0000000085200000| Untracked 
|  49|0x0000000085300000, 0x0000000085400000, 0x0000000085400000|100%| O|  |TAMS 0x0000000085400000, 0x0000000085300000| Untracked 
|  50|0x0000000085400000, 0x0000000085500000, 0x0000000085500000|100%| O|  |TAMS 0x0000000085500000, 0x0000000085400000| Untracked 
|  51|0x0000000085500000, 0x0000000085600000, 0x0000000085600000|100%| O|  |TAMS 0x0000000085600000, 0x0000000085500000| Untracked 
|  52|0x0000000085600000, 0x0000000085700000, 0x0000000085700000|100%| O|  |TAMS 0x0000000085700000, 0x0000000085600000| Untracked 
|  53|0x0000000085700000, 0x0000000085800000, 0x0000000085800000|100%| O|  |TAMS 0x0000000085800000, 0x0000000085700000| Untracked 
|  54|0x0000000085800000, 0x0000000085900000, 0x0000000085900000|100%| O|  |TAMS 0x0000000085900000, 0x0000000085800000| Untracked 
|  55|0x0000000085900000, 0x0000000085a00000, 0x0000000085a00000|100%| O|  |TAMS 0x0000000085a00000, 0x0000000085900000| Untracked 
|  56|0x0000000085a00000, 0x0000000085b00000, 0x0000000085b00000|100%| O|  |TAMS 0x0000000085b00000, 0x0000000085a00000| Untracked 
|  57|0x0000000085b00000, 0x0000000085c00000, 0x0000000085c00000|100%| O|  |TAMS 0x0000000085c00000, 0x0000000085b00000| Untracked 
|  58|0x0000000085c00000, 0x0000000085d00000, 0x0000000085d00000|100%| O|  |TAMS 0x0000000085d00000, 0x0000000085c00000| Untracked 
|  59|0x0000000085d00000, 0x0000000085e00000, 0x0000000085e00000|100%| O|  |TAMS 0x0000000085e00000, 0x0000000085d00000| Untracked 
|  60|0x0000000085e00000, 0x0000000085f00000, 0x0000000085f00000|100%| O|  |TAMS 0x0000000085f00000, 0x0000000085e00000| Untracked 
|  61|0x0000000085f00000, 0x0000000086000000, 0x0000000086000000|100%| O|  |TAMS 0x0000000086000000, 0x0000000085f00000| Updating 
|  62|0x0000000086000000, 0x0000000086100000, 0x0000000086100000|100%| O|  |TAMS 0x0000000086100000, 0x0000000086000000| Untracked 
|  63|0x0000000086100000, 0x0000000086200000, 0x0000000086200000|100%| O|  |TAMS 0x0000000086200000, 0x0000000086100000| Untracked 
|  64|0x0000000086200000, 0x0000000086300000, 0x0000000086300000|100%| O|  |TAMS 0x0000000086300000, 0x0000000086200000| Untracked 
|  65|0x0000000086300000, 0x0000000086400000, 0x0000000086400000|100%| O|  |TAMS 0x0000000086400000, 0x0000000086300000| Untracked 
|  66|0x0000000086400000, 0x0000000086500000, 0x0000000086500000|100%| O|  |TAMS 0x0000000086500000, 0x0000000086400000| Untracked 
|  67|0x0000000086500000, 0x0000000086600000, 0x0000000086600000|100%| O|  |TAMS 0x0000000086600000, 0x0000000086500000| Updating 
|  68|0x0000000086600000, 0x0000000086700000, 0x0000000086700000|100%| O|  |TAMS 0x0000000086700000, 0x0000000086600000| Untracked 
|  69|0x0000000086700000, 0x0000000086800000, 0x0000000086800000|100%| O|  |TAMS 0x0000000086800000, 0x0000000086700000| Untracked 
|  70|0x0000000086800000, 0x0000000086900000, 0x0000000086900000|100%| O|  |TAMS 0x0000000086900000, 0x0000000086800000| Untracked 
|  71|0x0000000086900000, 0x0000000086a00000, 0x0000000086a00000|100%| O|  |TAMS 0x0000000086a00000, 0x0000000086900000| Untracked 
|  72|0x0000000086a00000, 0x0000000086b00000, 0x0000000086b00000|100%| O|  |TAMS 0x0000000086b00000, 0x0000000086a00000| Updating 
|  73|0x0000000086b00000, 0x0000000086c00000, 0x0000000086c00000|100%|HS|  |TAMS 0x0000000086c00000, 0x0000000086b00000| Complete 
|  74|0x0000000086c00000, 0x0000000086d00000, 0x0000000086d00000|100%|HC|  |TAMS 0x0000000086d00000, 0x0000000086c00000| Complete 
|  75|0x0000000086d00000, 0x0000000086e00000, 0x0000000086e00000|100%| O|  |TAMS 0x0000000086e00000, 0x0000000086d00000| Untracked 
|  76|0x0000000086e00000, 0x0000000086f00000, 0x0000000086f00000|100%| O|  |TAMS 0x0000000086f00000, 0x0000000086e00000| Untracked 
|  77|0x0000000086f00000, 0x0000000087000000, 0x0000000087000000|100%| O|  |TAMS 0x0000000087000000, 0x0000000086f00000| Untracked 
|  78|0x0000000087000000, 0x0000000087100000, 0x0000000087100000|100%| O|  |TAMS 0x0000000087100000, 0x0000000087000000| Untracked 
|  79|0x0000000087100000, 0x0000000087200000, 0x0000000087200000|100%| O|  |TAMS 0x0000000087200000, 0x0000000087100000| Updating 
|  80|0x0000000087200000, 0x0000000087300000, 0x0000000087300000|100%| O|  |TAMS 0x0000000087300000, 0x0000000087200000| Untracked 
|  81|0x0000000087300000, 0x0000000087400000, 0x0000000087400000|100%| O|  |TAMS 0x0000000087400000, 0x0000000087300000| Untracked 
|  82|0x0000000087400000, 0x0000000087500000, 0x0000000087500000|100%| O|  |TAMS 0x0000000087500000, 0x0000000087400000| Untracked 
|  83|0x0000000087500000, 0x0000000087600000, 0x0000000087600000|100%| O|  |TAMS 0x0000000087600000, 0x0000000087500000| Untracked 
|  84|0x0000000087600000, 0x0000000087700000, 0x0000000087700000|100%| O|  |TAMS 0x0000000087700000, 0x0000000087600000| Updating 
|  85|0x0000000087700000, 0x0000000087800000, 0x0000000087800000|100%| O|  |TAMS 0x0000000087800000, 0x0000000087700000| Untracked 
|  86|0x0000000087800000, 0x0000000087900000, 0x0000000087900000|100%| O|  |TAMS 0x0000000087900000, 0x0000000087800000| Untracked 
|  87|0x0000000087900000, 0x0000000087a00000, 0x0000000087a00000|100%| O|  |TAMS 0x0000000087a00000, 0x0000000087900000| Untracked 
|  88|0x0000000087a00000, 0x0000000087b00000, 0x0000000087b00000|100%| O|  |TAMS 0x0000000087b00000, 0x0000000087a00000| Untracked 
|  89|0x0000000087b00000, 0x0000000087c00000, 0x0000000087c00000|100%| O|  |TAMS 0x0000000087c00000, 0x0000000087b00000| Untracked 
|  90|0x0000000087c00000, 0x0000000087d00000, 0x0000000087d00000|100%| O|  |TAMS 0x0000000087d00000, 0x0000000087c00000| Untracked 
|  91|0x0000000087d00000, 0x0000000087e00000, 0x0000000087e00000|100%| O|  |TAMS 0x0000000087d3e000, 0x0000000087d00000| Untracked 
|  92|0x0000000087e00000, 0x0000000087f00000, 0x0000000087f00000|100%| O|  |TAMS 0x0000000087e00000, 0x0000000087e00000| Untracked 
|  93|0x0000000087f00000, 0x0000000088000000, 0x0000000088000000|100%| O|  |TAMS 0x0000000087f00000, 0x0000000087f00000| Untracked 
|  94|0x0000000088000000, 0x0000000088100000, 0x0000000088100000|100%| O|  |TAMS 0x0000000088000000, 0x0000000088000000| Untracked 
|  95|0x0000000088100000, 0x00000000881c2400, 0x0000000088200000| 75%| O|  |TAMS 0x0000000088100000, 0x0000000088100000| Updating 
|  96|0x0000000088200000, 0x0000000088200000, 0x0000000088300000|  0%| F|  |TAMS 0x0000000088200000, 0x0000000088200000| Untracked 
|  97|0x0000000088300000, 0x0000000088300000, 0x0000000088400000|  0%| F|  |TAMS 0x0000000088300000, 0x0000000088300000| Untracked 
|  98|0x0000000088400000, 0x0000000088400000, 0x0000000088500000|  0%| F|  |TAMS 0x0000000088400000, 0x0000000088400000| Untracked 
|  99|0x0000000088500000, 0x0000000088500000, 0x0000000088600000|  0%| F|  |TAMS 0x0000000088500000, 0x0000000088500000| Untracked 
| 100|0x0000000088600000, 0x0000000088600000, 0x0000000088700000|  0%| F|  |TAMS 0x0000000088600000, 0x0000000088600000| Untracked 
| 101|0x0000000088700000, 0x0000000088700000, 0x0000000088800000|  0%| F|  |TAMS 0x0000000088700000, 0x0000000088700000| Untracked 
| 102|0x0000000088800000, 0x0000000088800000, 0x0000000088900000|  0%| F|  |TAMS 0x0000000088800000, 0x0000000088800000| Untracked 
| 103|0x0000000088900000, 0x0000000088900000, 0x0000000088a00000|  0%| F|  |TAMS 0x0000000088900000, 0x0000000088900000| Untracked 
| 104|0x0000000088a00000, 0x0000000088a00000, 0x0000000088b00000|  0%| F|  |TAMS 0x0000000088a00000, 0x0000000088a00000| Untracked 
| 105|0x0000000088b00000, 0x0000000088b00000, 0x0000000088c00000|  0%| F|  |TAMS 0x0000000088b00000, 0x0000000088b00000| Untracked 
| 106|0x0000000088c00000, 0x0000000088c00000, 0x0000000088d00000|  0%| F|  |TAMS 0x0000000088c00000, 0x0000000088c00000| Untracked 
| 107|0x0000000088d00000, 0x0000000088d00000, 0x0000000088e00000|  0%| F|  |TAMS 0x0000000088d00000, 0x0000000088d00000| Untracked 
| 108|0x0000000088e00000, 0x0000000088e00000, 0x0000000088f00000|  0%| F|  |TAMS 0x0000000088e00000, 0x0000000088e00000| Untracked 
| 109|0x0000000088f00000, 0x0000000088f00000, 0x0000000089000000|  0%| F|  |TAMS 0x0000000088f00000, 0x0000000088f00000| Untracked 
| 110|0x0000000089000000, 0x0000000089000000, 0x0000000089100000|  0%| F|  |TAMS 0x0000000089000000, 0x0000000089000000| Untracked 
| 111|0x0000000089100000, 0x0000000089100000, 0x0000000089200000|  0%| F|  |TAMS 0x0000000089100000, 0x0000000089100000| Untracked 
| 112|0x0000000089200000, 0x0000000089200000, 0x0000000089300000|  0%| F|  |TAMS 0x0000000089200000, 0x0000000089200000| Untracked 
| 113|0x0000000089300000, 0x0000000089300000, 0x0000000089400000|  0%| F|  |TAMS 0x0000000089300000, 0x0000000089300000| Untracked 
| 114|0x0000000089400000, 0x0000000089400000, 0x0000000089500000|  0%| F|  |TAMS 0x0000000089400000, 0x0000000089400000| Untracked 
| 115|0x0000000089500000, 0x0000000089500000, 0x0000000089600000|  0%| F|  |TAMS 0x0000000089500000, 0x0000000089500000| Untracked 
| 116|0x0000000089600000, 0x00000000896a9090, 0x0000000089700000| 66%| S|CS|TAMS 0x0000000089600000, 0x0000000089600000| Complete 
| 117|0x0000000089700000, 0x0000000089800000, 0x0000000089800000|100%| S|CS|TAMS 0x0000000089700000, 0x0000000089700000| Complete 
| 118|0x0000000089800000, 0x0000000089900000, 0x0000000089900000|100%| S|CS|TAMS 0x0000000089800000, 0x0000000089800000| Complete 
| 119|0x0000000089900000, 0x0000000089a00000, 0x0000000089a00000|100%| S|CS|TAMS 0x0000000089900000, 0x0000000089900000| Complete 
| 120|0x0000000089a00000, 0x0000000089a00000, 0x0000000089b00000|  0%| F|  |TAMS 0x0000000089a00000, 0x0000000089a00000| Untracked 
| 121|0x0000000089b00000, 0x0000000089b00000, 0x0000000089c00000|  0%| F|  |TAMS 0x0000000089b00000, 0x0000000089b00000| Untracked 
| 122|0x0000000089c00000, 0x0000000089c00000, 0x0000000089d00000|  0%| F|  |TAMS 0x0000000089c00000, 0x0000000089c00000| Untracked 
| 123|0x0000000089d00000, 0x0000000089d00000, 0x0000000089e00000|  0%| F|  |TAMS 0x0000000089d00000, 0x0000000089d00000| Untracked 
| 124|0x0000000089e00000, 0x0000000089e00000, 0x0000000089f00000|  0%| F|  |TAMS 0x0000000089e00000, 0x0000000089e00000| Untracked 
| 125|0x0000000089f00000, 0x0000000089f00000, 0x000000008a000000|  0%| F|  |TAMS 0x0000000089f00000, 0x0000000089f00000| Untracked 
| 126|0x000000008a000000, 0x000000008a000000, 0x000000008a100000|  0%| F|  |TAMS 0x000000008a000000, 0x000000008a000000| Untracked 
| 127|0x000000008a100000, 0x000000008a100000, 0x000000008a200000|  0%| F|  |TAMS 0x000000008a100000, 0x000000008a100000| Untracked 
| 128|0x000000008a200000, 0x000000008a200000, 0x000000008a300000|  0%| F|  |TAMS 0x000000008a200000, 0x000000008a200000| Untracked 
| 129|0x000000008a300000, 0x000000008a300000, 0x000000008a400000|  0%| F|  |TAMS 0x000000008a300000, 0x000000008a300000| Untracked 
| 130|0x000000008a400000, 0x000000008a400000, 0x000000008a500000|  0%| F|  |TAMS 0x000000008a400000, 0x000000008a400000| Untracked 
| 131|0x000000008a500000, 0x000000008a500000, 0x000000008a600000|  0%| F|  |TAMS 0x000000008a500000, 0x000000008a500000| Untracked 
| 132|0x000000008a600000, 0x000000008a600000, 0x000000008a700000|  0%| F|  |TAMS 0x000000008a600000, 0x000000008a600000| Untracked 
| 133|0x000000008a700000, 0x000000008a700000, 0x000000008a800000|  0%| F|  |TAMS 0x000000008a700000, 0x000000008a700000| Untracked 
| 134|0x000000008a800000, 0x000000008a800000, 0x000000008a900000|  0%| F|  |TAMS 0x000000008a800000, 0x000000008a800000| Untracked 
| 135|0x000000008a900000, 0x000000008a900000, 0x000000008aa00000|  0%| F|  |TAMS 0x000000008a900000, 0x000000008a900000| Untracked 
| 136|0x000000008aa00000, 0x000000008aa00000, 0x000000008ab00000|  0%| F|  |TAMS 0x000000008aa00000, 0x000000008aa00000| Untracked 
| 137|0x000000008ab00000, 0x000000008ab70cf0, 0x000000008ac00000| 44%| E|  |TAMS 0x000000008ab00000, 0x000000008ab00000| Complete 
| 138|0x000000008ac00000, 0x000000008ad00000, 0x000000008ad00000|100%| E|CS|TAMS 0x000000008ac00000, 0x000000008ac00000| Complete 
| 139|0x000000008ad00000, 0x000000008ae00000, 0x000000008ae00000|100%| E|CS|TAMS 0x000000008ad00000, 0x000000008ad00000| Complete 
| 140|0x000000008ae00000, 0x000000008af00000, 0x000000008af00000|100%| E|CS|TAMS 0x000000008ae00000, 0x000000008ae00000| Complete 
| 141|0x000000008af00000, 0x000000008b000000, 0x000000008b000000|100%| E|CS|TAMS 0x000000008af00000, 0x000000008af00000| Complete 
| 142|0x000000008b000000, 0x000000008b100000, 0x000000008b100000|100%| E|CS|TAMS 0x000000008b000000, 0x000000008b000000| Complete 
| 143|0x000000008b100000, 0x000000008b200000, 0x000000008b200000|100%| E|CS|TAMS 0x000000008b100000, 0x000000008b100000| Complete 
| 144|0x000000008b200000, 0x000000008b300000, 0x000000008b300000|100%| E|CS|TAMS 0x000000008b200000, 0x000000008b200000| Complete 

Card table byte_map: [0x000001e22c5f0000,0x000001e22c9e0000] _byte_map_base: 0x000001e22c1df000

Marking Bits (Prev, Next): (CMBitMap*) 0x000001e2159e2d90, (CMBitMap*) 0x000001e2159e2dd0
 Prev Bits: [0x000001e22cdd0000, 0x000001e22ed48000)
 Next Bits: [0x000001e22ed50000, 0x000001e230cc8000)

Polling page: 0x000001e2138d0000

Metaspace:

Usage:
  Non-class:     58.63 MB used.
      Class:      7.29 MB used.
       Both:     65.92 MB used.

Virtual space:
  Non-class space:       64.00 MB reserved,      58.81 MB ( 92%) committed,  8 nodes.
      Class space:        1.00 GB reserved,       7.44 MB ( <1%) committed,  1 nodes.
             Both:        1.06 GB reserved,      66.25 MB (  6%) committed. 

Chunk freelists:
   Non-Class:  784.00 KB
       Class:  560.00 KB
        Both:  1.31 MB

MaxMetaspaceSize: unlimited
CompressedClassSpaceSize: 1.00 GB
Initial GC threshold: 21.00 MB
Current GC threshold: 99.94 MB
CDS: on
MetaspaceReclaimPolicy: balanced
 - commit_granule_bytes: 65536.
 - commit_granule_words: 8192.
 - virtual_space_node_default_size: 1048576.
 - enlarge_chunks_in_place: 1.
 - new_chunks_are_fully_committed: 0.
 - uncommit_free_chunks: 1.
 - use_allocation_guard: 0.
 - handle_deallocations: 1.


Internal statistics:

num_allocs_failed_limit: 6.
num_arena_births: 378.
num_arena_deaths: 0.
num_vsnodes_births: 9.
num_vsnodes_deaths: 0.
num_space_committed: 1058.
num_space_uncommitted: 0.
num_chunks_returned_to_freelist: 6.
num_chunks_taken_from_freelist: 2867.
num_chunk_merges: 6.
num_chunk_splits: 2221.
num_chunks_enlarged: 1921.
num_purges: 0.
num_inconsistent_stats: 0.

CodeHeap 'non-profiled nmethods': size=120000Kb used=10408Kb max_used=10408Kb free=109591Kb
 bounds [0x000001e224cd0000, 0x000001e225710000, 0x000001e22c200000]
CodeHeap 'profiled nmethods': size=120000Kb used=37138Kb max_used=37168Kb free=82861Kb
 bounds [0x000001e21d7a0000, 0x000001e21fc00000, 0x000001e224cd0000]
CodeHeap 'non-nmethods': size=5760Kb used=1375Kb max_used=1477Kb free=4384Kb
 bounds [0x000001e21d200000, 0x000001e21d470000, 0x000001e21d7a0000]
 total_blobs=13377 nmethods=12679 adapters=607
 compilation: enabled
              stopped_count=0, restarted_count=0
 full_count=0

Compilation events (20 events):
Event: 174.389 Thread 0x000001e233177f30 15747       3       org.jetbrains.kotlin.psi2ir.generators.AnnotationGenerator::visitWhen (13 bytes)
Event: 174.390 Thread 0x000001e233177f30 nmethod 15747 0x000001e21fbf3310 code [0x000001e21fbf3600, 0x000001e21fbf44e8]
Event: 174.399 Thread 0x000001e233177f30 15749       1       org.jetbrains.kotlin.ir.declarations.impl.IrPropertyCommonImpl::setMetadata (6 bytes)
Event: 174.400 Thread 0x000001e233177f30 nmethod 15749 0x000001e225574510 code [0x000001e2255746a0, 0x000001e2255747b8]
Event: 174.401 Thread 0x000001e233177f30 15750       3       org.jetbrains.kotlin.ir.expressions.impl.IrCallImpl::<init> (41 bytes)
Event: 174.402 Thread 0x000001e233177f30 nmethod 15750 0x000001e21fa1cb10 code [0x000001e21fa1ccc0, 0x000001e21fa1cec8]
Event: 174.402 Thread 0x000001e233177f30 15751       1       org.jetbrains.kotlin.ir.types.impl.IrSimpleTypeImpl::getClassifier (5 bytes)
Event: 174.402 Thread 0x000001e233177f30 nmethod 15751 0x000001e225574210 code [0x000001e2255743a0, 0x000001e225574478]
Event: 174.403 Thread 0x000001e233177f30 15752       3       org.jetbrains.kotlin.ir.util.ConstantValueGenerator::generateConstantValueAsExpression (20 bytes)
Event: 174.404 Thread 0x000001e233177f30 nmethod 15752 0x000001e21fbf4a10 code [0x000001e21fbf4ca0, 0x000001e21fbf5758]
Event: 174.514 Thread 0x000001e233176480 nmethod 15699 0x000001e2256f1190 code [0x000001e2256f1a40, 0x000001e2256fa1f0]
Event: 174.515 Thread 0x000001e233176480 15748       4       java.util.LinkedHashMap::get (29 bytes)
Event: 174.521 Thread 0x000001e233176480 nmethod 15748 0x000001e225573a90 code [0x000001e225573c20, 0x000001e225573f58]
Event: 174.521 Thread 0x000001e233176480 15707       4       org.jetbrains.kotlin.ir.util.TypeTranslator::translateType (623 bytes)
Event: 174.568 Thread 0x000001e233177f30 15753       3       org.jetbrains.kotlin.ir.util.PatchDeclarationParentsVisitor::visitProperty (13 bytes)
Event: 174.569 Thread 0x000001e233177f30 nmethod 15753 0x000001e21fbf5b10 code [0x000001e21fbf5dc0, 0x000001e21fbf69e8]
Event: 174.569 Thread 0x000001e233177f30 15754       3       org.jetbrains.kotlin.ir.util.PatchDeclarationParentsVisitor::visitProperty (7 bytes)
Event: 174.570 Thread 0x000001e233177f30 nmethod 15754 0x000001e21fbf6e10 code [0x000001e21fbf70a0, 0x000001e21fbf7b68]
Event: 174.570 Thread 0x000001e233177f30 15755       3       org.jetbrains.kotlin.ir.declarations.impl.IrPropertyImpl::getDescriptor (8 bytes)
Event: 174.570 Thread 0x000001e233177f30 nmethod 15755 0x000001e21fbf7f90 code [0x000001e21fbf8180, 0x000001e21fbf8878]

GC Heap History (20 events):
Event: 116.240 GC heap before
{Heap before GC invocations=47 (full 0):
 garbage-first heap   total 138240K, used 114716K [0x0000000082200000, 0x0000000100000000)
  region size 1024K, 38 young (38912K), 2 survivors (2048K)
 Metaspace       used 59832K, committed 60096K, reserved 1105920K
  class space    used 6868K, committed 6976K, reserved 1048576K
}
Event: 116.250 GC heap after
{Heap after GC invocations=48 (full 0):
 garbage-first heap   total 138240K, used 80493K [0x0000000082200000, 0x0000000100000000)
  region size 1024K, 4 young (4096K), 4 survivors (4096K)
 Metaspace       used 59832K, committed 60096K, reserved 1105920K
  class space    used 6868K, committed 6976K, reserved 1048576K
}
Event: 117.364 GC heap before
{Heap before GC invocations=48 (full 0):
 garbage-first heap   total 138240K, used 82541K [0x0000000082200000, 0x0000000100000000)
  region size 1024K, 6 young (6144K), 4 survivors (4096K)
 Metaspace       used 59850K, committed 60160K, reserved 1105920K
  class space    used 6868K, committed 6976K, reserved 1048576K
}
Event: 117.375 GC heap after
{Heap after GC invocations=49 (full 0):
 garbage-first heap   total 138240K, used 80734K [0x0000000082200000, 0x0000000100000000)
  region size 1024K, 1 young (1024K), 1 survivors (1024K)
 Metaspace       used 59850K, committed 60160K, reserved 1105920K
  class space    used 6868K, committed 6976K, reserved 1048576K
}
Event: 129.963 GC heap before
{Heap before GC invocations=49 (full 0):
 garbage-first heap   total 138240K, used 113502K [0x0000000082200000, 0x0000000100000000)
  region size 1024K, 33 young (33792K), 1 survivors (1024K)
 Metaspace       used 60132K, committed 60480K, reserved 1105920K
  class space    used 6872K, committed 7040K, reserved 1048576K
}
Event: 129.973 GC heap after
{Heap after GC invocations=50 (full 0):
 garbage-first heap   total 138240K, used 83678K [0x0000000082200000, 0x0000000100000000)
  region size 1024K, 4 young (4096K), 4 survivors (4096K)
 Metaspace       used 60132K, committed 60480K, reserved 1105920K
  class space    used 6872K, committed 7040K, reserved 1048576K
}
Event: 145.360 GC heap before
{Heap before GC invocations=50 (full 0):
 garbage-first heap   total 138240K, used 114398K [0x0000000082200000, 0x0000000100000000)
  region size 1024K, 34 young (34816K), 4 survivors (4096K)
 Metaspace       used 60473K, committed 60800K, reserved 1105920K
  class space    used 6880K, committed 7040K, reserved 1048576K
}
Event: 145.375 GC heap after
{Heap after GC invocations=51 (full 0):
 garbage-first heap   total 138240K, used 86628K [0x0000000082200000, 0x0000000100000000)
  region size 1024K, 3 young (3072K), 3 survivors (3072K)
 Metaspace       used 60473K, committed 60800K, reserved 1105920K
  class space    used 6880K, committed 7040K, reserved 1048576K
}
Event: 151.837 GC heap before
{Heap before GC invocations=51 (full 0):
 garbage-first heap   total 138240K, used 115300K [0x0000000082200000, 0x0000000100000000)
  region size 1024K, 31 young (31744K), 3 survivors (3072K)
 Metaspace       used 61111K, committed 61376K, reserved 1105920K
  class space    used 6918K, committed 7040K, reserved 1048576K
}
Event: 151.850 GC heap after
{Heap after GC invocations=52 (full 0):
 garbage-first heap   total 138240K, used 87466K [0x0000000082200000, 0x0000000100000000)
  region size 1024K, 1 young (1024K), 1 survivors (1024K)
 Metaspace       used 61111K, committed 61376K, reserved 1105920K
  class space    used 6918K, committed 7040K, reserved 1048576K
}
Event: 160.789 GC heap before
{Heap before GC invocations=53 (full 0):
 garbage-first heap   total 148480K, used 115114K [0x0000000082200000, 0x0000000100000000)
  region size 1024K, 28 young (28672K), 1 survivors (1024K)
 Metaspace       used 65213K, committed 65536K, reserved 1114112K
  class space    used 7290K, committed 7424K, reserved 1048576K
}
Event: 160.796 GC heap after
{Heap after GC invocations=54 (full 0):
 garbage-first heap   total 148480K, used 88483K [0x0000000082200000, 0x0000000100000000)
  region size 1024K, 2 young (2048K), 2 survivors (2048K)
 Metaspace       used 65213K, committed 65536K, reserved 1114112K
  class space    used 7290K, committed 7424K, reserved 1048576K
}
Event: 162.654 GC heap before
{Heap before GC invocations=54 (full 0):
 garbage-first heap   total 148480K, used 93603K [0x0000000082200000, 0x0000000100000000)
  region size 1024K, 7 young (7168K), 2 survivors (2048K)
 Metaspace       used 65960K, committed 66304K, reserved 1114112K
  class space    used 7371K, committed 7488K, reserved 1048576K
}
Event: 162.665 GC heap after
{Heap after GC invocations=55 (full 0):
 garbage-first heap   total 148480K, used 88617K [0x0000000082200000, 0x0000000100000000)
  region size 1024K, 1 young (1024K), 1 survivors (1024K)
 Metaspace       used 65960K, committed 66304K, reserved 1114112K
  class space    used 7371K, committed 7488K, reserved 1048576K
}
Event: 168.925 GC heap before
{Heap before GC invocations=55 (full 0):
 garbage-first heap   total 148480K, used 124457K [0x0000000082200000, 0x0000000100000000)
  region size 1024K, 36 young (36864K), 1 survivors (1024K)
 Metaspace       used 67159K, committed 67456K, reserved 1114112K
  class space    used 7451K, committed 7552K, reserved 1048576K
}
Event: 168.945 GC heap after
{Heap after GC invocations=56 (full 0):
 garbage-first heap   total 148480K, used 93432K [0x0000000082200000, 0x0000000100000000)
  region size 1024K, 5 young (5120K), 5 survivors (5120K)
 Metaspace       used 67159K, committed 67456K, reserved 1114112K
  class space    used 7451K, committed 7552K, reserved 1048576K
}
Event: 172.915 GC heap before
{Heap before GC invocations=56 (full 0):
 garbage-first heap   total 148480K, used 124152K [0x0000000082200000, 0x0000000100000000)
  region size 1024K, 35 young (35840K), 5 survivors (5120K)
 Metaspace       used 67404K, committed 67776K, reserved 1114112K
  class space    used 7458K, committed 7616K, reserved 1048576K
}
Event: 172.931 GC heap after
{Heap after GC invocations=57 (full 0):
 garbage-first heap   total 148480K, used 98058K [0x0000000082200000, 0x0000000100000000)
  region size 1024K, 5 young (5120K), 5 survivors (5120K)
 Metaspace       used 67404K, committed 67776K, reserved 1114112K
  class space    used 7458K, committed 7616K, reserved 1048576K
}
Event: 174.272 GC heap before
{Heap before GC invocations=57 (full 0):
 garbage-first heap   total 148480K, used 123658K [0x0000000082200000, 0x0000000100000000)
  region size 1024K, 30 young (30720K), 5 survivors (5120K)
 Metaspace       used 67486K, committed 67840K, reserved 1114112K
  class space    used 7462K, committed 7616K, reserved 1048576K
}
Event: 174.289 GC heap after
{Heap after GC invocations=58 (full 0):
 garbage-first heap   total 148480K, used 101805K [0x0000000082200000, 0x0000000100000000)
  region size 1024K, 4 young (4096K), 4 survivors (4096K)
 Metaspace       used 67486K, committed 67840K, reserved 1114112K
  class space    used 7462K, committed 7616K, reserved 1048576K
}

Deoptimization events (20 events):
Event: 172.410 Thread 0x000001e215988870 Uncommon trap: trap_request=0xffffffc6 fr.pc=0x000001e225125a98 relative=0x00000000000000f8
Event: 172.410 Thread 0x000001e215988870 Uncommon trap: reason=bimorphic_or_optimized_type_check action=maybe_recompile pc=0x000001e225125a98 method=org.jetbrains.kotlin.types.FlexibleType.isMarkedNullable()Z @ 4 c2
Event: 172.410 Thread 0x000001e215988870 DEOPT PACKING pc=0x000001e225125a98 sp=0x00000076189fbf30
Event: 172.410 Thread 0x000001e215988870 DEOPT UNPACKING pc=0x000001e21d2523a3 sp=0x00000076189fbec8 mode 2
Event: 172.713 Thread 0x000001e215988870 Uncommon trap: trap_request=0xffffff45 fr.pc=0x000001e225674c24 relative=0x0000000000004004
Event: 172.713 Thread 0x000001e215988870 Uncommon trap: reason=unstable_if action=reinterpret pc=0x000001e225674c24 method=org.jetbrains.kotlin.ir.util.TypeTranslator.translateType(Lorg/jetbrains/kotlin/types/KotlinType;Lorg/jetbrains/kotlin/types/Variance;)Lorg/jetbrains/kotlin/ir/types/IrTypeP
Event: 172.713 Thread 0x000001e215988870 DEOPT PACKING pc=0x000001e225674c24 sp=0x00000076189fcec0
Event: 172.713 Thread 0x000001e215988870 DEOPT UNPACKING pc=0x000001e21d2523a3 sp=0x00000076189fced0 mode 2
Event: 173.324 Thread 0x000001e215988870 Uncommon trap: trap_request=0xffffffde fr.pc=0x000001e2256af534 relative=0x0000000000003614
Event: 173.324 Thread 0x000001e215988870 Uncommon trap: reason=class_check action=maybe_recompile pc=0x000001e2256af534 method=org.jetbrains.kotlin.backend.jvm.serialization.JvmIdSignatureDescriptor$JvmDescriptorBasedSignatureBuilder.keepTrackOfOverridesForPossiblyClashingFakeOverride(Lorg/jetbr
Event: 173.324 Thread 0x000001e215988870 DEOPT PACKING pc=0x000001e2256af534 sp=0x00000076189fdb50
Event: 173.324 Thread 0x000001e215988870 DEOPT UNPACKING pc=0x000001e21d2523a3 sp=0x00000076189fdb30 mode 2
Event: 174.264 Thread 0x000001e215988870 Uncommon trap: trap_request=0xffffffc6 fr.pc=0x000001e22568269c relative=0x00000000000040fc
Event: 174.264 Thread 0x000001e215988870 Uncommon trap: reason=bimorphic_or_optimized_type_check action=maybe_recompile pc=0x000001e22568269c method=org.jetbrains.kotlin.backend.jvm.serialization.JvmIdSignatureDescriptor$JvmDescriptorBasedSignatureBuilder.keepTrackOfOverridesForPossiblyClashingF
Event: 174.264 Thread 0x000001e215988870 DEOPT PACKING pc=0x000001e22568269c sp=0x00000076189fddb0
Event: 174.264 Thread 0x000001e215988870 DEOPT UNPACKING pc=0x000001e21d2523a3 sp=0x00000076189fdc38 mode 2
Event: 174.264 Thread 0x000001e215988870 Uncommon trap: trap_request=0xffffffde fr.pc=0x000001e225692350 relative=0x0000000000001df0
Event: 174.264 Thread 0x000001e215988870 Uncommon trap: reason=class_check action=maybe_recompile pc=0x000001e225692350 method=org.jetbrains.kotlin.backend.common.serialization.signature.IdSignatureBuilder.build()Lorg/jetbrains/kotlin/ir/util/IdSignature; @ 67 c2
Event: 174.264 Thread 0x000001e215988870 DEOPT PACKING pc=0x000001e225692350 sp=0x00000076189fddf0
Event: 174.264 Thread 0x000001e215988870 DEOPT UNPACKING pc=0x000001e21d2523a3 sp=0x00000076189fdd70 mode 2

Classes unloaded (0 events):
No events

Classes redefined (0 events):
No events

Internal exceptions (20 events):
Event: 65.054 Thread 0x000001e215988870 Exception <a 'java/lang/NoSuchMethodError'{0x0000000089004dc8}: 'java.lang.Object java.lang.invoke.Invokers$Holder.linkToTargetMethod(java.lang.Object, java.lang.Object, java.lang.Object, java.lang.Object, java.lang.Object, java.lang.Object, java.lang.Object)'> (0x0000000089004dc8) 
thrown [s\open\src\hotspot\share\interpreter\linkResolver.cpp, line 759]
Event: 68.011 Thread 0x000001e215988870 Implicit null exception at 0x000001e224ff8d60 to 0x000001e224ffc80c
Event: 68.177 Thread 0x000001e215988870 Implicit null exception at 0x000001e22513c043 to 0x000001e22513c301
Event: 71.604 Thread 0x000001e215988870 Exception <a 'java/lang/NoSuchMethodError'{0x0000000087e1a560}: 'int java.lang.invoke.DirectMethodHandle$Holder.invokeStaticInit(java.lang.Object, int)'> (0x0000000087e1a560) 
thrown [s\open\src\hotspot\share\interpreter\linkResolver.cpp, line 759]
Event: 71.802 Thread 0x000001e215988870 Implicit null exception at 0x000001e2250f1763 to 0x000001e2250f289c
Event: 72.053 Thread 0x000001e215988870 Exception <a 'java/lang/NoSuchMethodError'{0x0000000089f03338}: 'java.lang.Object java.lang.invoke.DirectMethodHandle$Holder.invokeInterface(java.lang.Object, java.lang.Object, java.lang.Object)'> (0x0000000089f03338) 
thrown [s\open\src\hotspot\share\interpreter\linkResolver.cpp, line 759]
Event: 72.053 Thread 0x000001e215988870 Exception <a 'java/lang/IncompatibleClassChangeError'{0x0000000089f06ca8}: Found class java.lang.Object, but interface was expected> (0x0000000089f06ca8) 
thrown [s\open\src\hotspot\share\interpreter\linkResolver.cpp, line 826]
Event: 72.722 Thread 0x000001e215988870 Implicit null exception at 0x000001e225021487 to 0x000001e225021ed4
Event: 78.588 Thread 0x000001e215988870 Implicit null exception at 0x000001e224cebd55 to 0x000001e224cec368
Event: 78.700 Thread 0x000001e215988870 Implicit null exception at 0x000001e224ced5d2 to 0x000001e224cedbb8
Event: 83.203 Thread 0x000001e215988870 Implicit null exception at 0x000001e22525bfc0 to 0x000001e225261004
Event: 89.930 Thread 0x000001e215988870 Implicit null exception at 0x000001e224fd15e0 to 0x000001e224fd25c8
Event: 91.041 Thread 0x000001e215988870 Implicit null exception at 0x000001e224d2f7e0 to 0x000001e224d2f87a
Event: 92.995 Thread 0x000001e215988870 Implicit null exception at 0x000001e224fe2956 to 0x000001e224fe2c1c
Event: 94.596 Thread 0x000001e215988870 Exception <a 'java/lang/NoSuchMethodError'{0x000000008891c6f0}: 'void java.lang.invoke.DirectMethodHandle$Holder.invokeStatic(java.lang.Object, java.lang.Object, java.lang.Object)'> (0x000000008891c6f0) 
thrown [s\open\src\hotspot\share\interpreter\linkResolver.cpp, line 759]
Event: 146.642 Thread 0x000001e215988870 Implicit null exception at 0x000001e224d61e6f to 0x000001e224d62040
Event: 157.631 Thread 0x000001e215988870 Implicit null exception at 0x000001e2255103b3 to 0x000001e225510528
Event: 158.058 Thread 0x000001e215988870 Exception <a 'java/lang/NoSuchMethodError'{0x000000008a68b528}: 'java.lang.Object java.lang.invoke.DirectMethodHandle$Holder.invokeStaticInit(java.lang.Object, java.lang.Object, java.lang.Object, java.lang.Object)'> (0x000000008a68b528) 
thrown [s\open\src\hotspot\share\interpreter\linkResolver.cpp, line 759]
Event: 160.111 Thread 0x000001e215988870 Exception <a 'java/lang/NoSuchMethodError'{0x0000000089bad940}: 'int java.lang.invoke.DirectMethodHandle$Holder.invokeStaticInit(java.lang.Object, java.lang.Object, java.lang.Object, java.lang.Object)'> (0x0000000089bad940) 
thrown [s\open\src\hotspot\share\interpreter\linkResolver.cpp, line 759]
Event: 166.475 Thread 0x000001e215988870 Implicit null exception at 0x000001e224d3756f to 0x000001e224d377c0

VM Operations (20 events):
Event: 168.115 Executing VM operation: ICBufferFull done
Event: 168.925 Executing VM operation: G1CollectForAllocation
Event: 168.950 Executing VM operation: G1CollectForAllocation done
Event: 169.675 Executing VM operation: ICBufferFull
Event: 169.676 Executing VM operation: ICBufferFull done
Event: 170.497 Executing VM operation: ICBufferFull
Event: 170.497 Executing VM operation: ICBufferFull done
Event: 171.307 Executing VM operation: ICBufferFull
Event: 171.307 Executing VM operation: ICBufferFull done
Event: 172.322 Executing VM operation: Cleanup
Event: 172.402 Executing VM operation: Cleanup done
Event: 172.915 Executing VM operation: G1CollectForAllocation
Event: 172.931 Executing VM operation: G1CollectForAllocation done
Event: 173.714 Executing VM operation: HandshakeAllThreads
Event: 173.715 Executing VM operation: HandshakeAllThreads done
Event: 174.249 Executing VM operation: ICBufferFull
Event: 174.249 Executing VM operation: ICBufferFull done
Event: 174.271 Executing VM operation: G1CollectForAllocation
Event: 174.289 Executing VM operation: G1CollectForAllocation done
Event: 174.620 Executing VM operation: G1Concurrent

Events (20 events):
Event: 166.693 Thread 0x000001e2331e5f10 flushing nmethod 0x000001e21f9f5910
Event: 166.694 Thread 0x000001e2331e5f10 flushing nmethod 0x000001e21f9fcc10
Event: 166.694 Thread 0x000001e2331e5f10 flushing nmethod 0x000001e21f9fd190
Event: 166.694 Thread 0x000001e2331e5f10 flushing nmethod 0x000001e21f9fe290
Event: 166.694 Thread 0x000001e2331e5f10 flushing nmethod 0x000001e21fa03b10
Event: 166.694 Thread 0x000001e2331e5f10 flushing nmethod 0x000001e21fa0a390
Event: 166.694 Thread 0x000001e2331e5f10 flushing nmethod 0x000001e21fa1b110
Event: 166.694 Thread 0x000001e2331e5f10 flushing nmethod 0x000001e21fa2a310
Event: 166.694 Thread 0x000001e2331e5f10 flushing nmethod 0x000001e21fa31b10
Event: 166.694 Thread 0x000001e2331e5f10 flushing nmethod 0x000001e21fa37490
Event: 166.694 Thread 0x000001e2331e5f10 flushing nmethod 0x000001e21fb36c90
Event: 166.694 Thread 0x000001e2331e5f10 flushing nmethod 0x000001e21fb41690
Event: 166.694 Thread 0x000001e2331e5f10 flushing nmethod 0x000001e21fb45c90
Event: 173.721 Thread 0x000001e2331e5f10 flushing nmethod 0x000001e22556d310
Event: 173.756 Thread 0x000001e2331e5f10 flushing nmethod 0x000001e21f9daf10
Event: 173.756 Thread 0x000001e2331e5f10 flushing nmethod 0x000001e21f9eaa90
Event: 173.756 Thread 0x000001e2331e5f10 flushing nmethod 0x000001e21f9f0c10
Event: 173.756 Thread 0x000001e2331e5f10 flushing nmethod 0x000001e21fa1cb10
Event: 173.756 Thread 0x000001e2331e5f10 flushing nmethod 0x000001e21fa36c90
Event: 173.757 Thread 0x000001e2331e5f10 flushing nmethod 0x000001e21fb44b10


Dynamic libraries:
0x00007ff790e70000 - 0x00007ff790e80000 	C:\Program Files\Java\jdk-17.0.5\bin\java.exe
0x00007ffacf5f0000 - 0x00007ffacf7e8000 	C:\WINDOWS\SYSTEM32\ntdll.dll
0x00007ffaceaa0000 - 0x00007ffaceb5f000 	C:\WINDOWS\System32\KERNEL32.DLL
0x00007ffacd180000 - 0x00007ffacd452000 	C:\WINDOWS\System32\KERNELBASE.dll
0x00007ffaccdf0000 - 0x00007ffaccef0000 	C:\WINDOWS\System32\ucrtbase.dll
0x00007ffaac590000 - 0x00007ffaac5a8000 	C:\Program Files\Java\jdk-17.0.5\bin\jli.dll
0x00007ffacdb20000 - 0x00007ffacdbce000 	C:\WINDOWS\System32\ADVAPI32.dll
0x00007ffacefd0000 - 0x00007ffacf06e000 	C:\WINDOWS\System32\msvcrt.dll
0x00007ffacd720000 - 0x00007ffacd7bc000 	C:\WINDOWS\System32\sechost.dll
0x00007ffacf070000 - 0x00007ffacf195000 	C:\WINDOWS\System32\RPCRT4.dll
0x00007ffacd8d0000 - 0x00007ffacda71000 	C:\WINDOWS\System32\USER32.dll
0x00007ffaccff0000 - 0x00007ffacd012000 	C:\WINDOWS\System32\win32u.dll
0x00007fface850000 - 0x00007fface87b000 	C:\WINDOWS\System32\GDI32.dll
0x00007ffaccce0000 - 0x00007ffaccdef000 	C:\WINDOWS\System32\gdi32full.dll
0x00007ffacd020000 - 0x00007ffacd0bd000 	C:\WINDOWS\System32\msvcp_win.dll
0x00007ffaba8c0000 - 0x00007ffabab5a000 	C:\WINDOWS\WinSxS\amd64_microsoft.windows.common-controls_6595b64144ccf1df_6.0.19041.1110_none_60b5254171f9507e\COMCTL32.dll
0x00007ffac3f30000 - 0x00007ffac3f3a000 	C:\WINDOWS\SYSTEM32\VERSION.dll
0x00007ffaa4630000 - 0x00007ffaa464a000 	C:\Program Files\Java\jdk-17.0.5\bin\VCRUNTIME140.dll
0x00007ffacdae0000 - 0x00007ffacdb12000 	C:\WINDOWS\System32\IMM32.DLL
0x00007ffac4030000 - 0x00007ffac403c000 	C:\Program Files\Java\jdk-17.0.5\bin\vcruntime140_1.dll
0x00007ffa49ed0000 - 0x00007ffa49f5d000 	C:\Program Files\Java\jdk-17.0.5\bin\msvcp140.dll
0x00007ffa32d80000 - 0x00007ffa33942000 	C:\Program Files\Java\jdk-17.0.5\bin\server\jvm.dll
0x00007fface9b0000 - 0x00007fface9b8000 	C:\WINDOWS\System32\PSAPI.DLL
0x00007ffab1d90000 - 0x00007ffab1d99000 	C:\WINDOWS\SYSTEM32\WSOCK32.dll
0x00007ffacdbd0000 - 0x00007ffacdc3b000 	C:\WINDOWS\System32\WS2_32.dll
0x00007ffaba2b0000 - 0x00007ffaba2d7000 	C:\WINDOWS\SYSTEM32\WINMM.dll
0x00007ffacb540000 - 0x00007ffacb552000 	C:\WINDOWS\SYSTEM32\kernel.appcore.dll
0x00007ffaac580000 - 0x00007ffaac58a000 	C:\Program Files\Java\jdk-17.0.5\bin\jimage.dll
0x00007ffab2390000 - 0x00007ffab2574000 	C:\WINDOWS\SYSTEM32\DBGHELP.DLL
0x00007ffab0b60000 - 0x00007ffab0b95000 	C:\WINDOWS\SYSTEM32\dbgcore.DLL
0x00007ffacd0f0000 - 0x00007ffacd172000 	C:\WINDOWS\System32\bcryptPrimitives.dll
0x00007ffa85e20000 - 0x00007ffa85e45000 	C:\Program Files\Java\jdk-17.0.5\bin\java.dll
0x00007ffa45350000 - 0x00007ffa45426000 	C:\Program Files\Java\jdk-17.0.5\bin\jsvml.dll
0x00007fface100000 - 0x00007fface845000 	C:\WINDOWS\System32\SHELL32.dll
0x00007ffacab20000 - 0x00007ffacb2b2000 	C:\WINDOWS\SYSTEM32\windows.storage.dll
0x00007ffacf250000 - 0x00007ffacf5a5000 	C:\WINDOWS\System32\combase.dll
0x00007ffacc660000 - 0x00007ffacc690000 	C:\WINDOWS\SYSTEM32\Wldp.dll
0x00007ffacd7c0000 - 0x00007ffacd86d000 	C:\WINDOWS\System32\SHCORE.dll
0x00007ffacd6c0000 - 0x00007ffacd715000 	C:\WINDOWS\System32\shlwapi.dll
0x00007ffaccc20000 - 0x00007ffaccc3f000 	C:\WINDOWS\SYSTEM32\profapi.dll
0x00007ffa91400000 - 0x00007ffa91419000 	C:\Program Files\Java\jdk-17.0.5\bin\net.dll
0x00007ffac1f40000 - 0x00007ffac204c000 	C:\WINDOWS\SYSTEM32\WINHTTP.dll
0x00007ffacc440000 - 0x00007ffacc4aa000 	C:\WINDOWS\system32\mswsock.dll
0x00007ffa8ffb0000 - 0x00007ffa8ffc6000 	C:\Program Files\Java\jdk-17.0.5\bin\nio.dll
0x00007ffa8f430000 - 0x00007ffa8f448000 	C:\Program Files\Java\jdk-17.0.5\bin\zip.dll
0x00007ffaa7510000 - 0x00007ffaa7520000 	C:\Program Files\Java\jdk-17.0.5\bin\verify.dll

dbghelp: loaded successfully - version: 4.0.5 - missing functions: none
symbol engine: initialized successfully - sym options: 0x614 - pdb path: .;C:\Program Files\Java\jdk-17.0.5\bin;C:\WINDOWS\SYSTEM32;C:\WINDOWS\WinSxS\amd64_microsoft.windows.common-controls_6595b64144ccf1df_6.0.19041.1110_none_60b5254171f9507e;C:\Program Files\Java\jdk-17.0.5\bin\server

VM Arguments:
java_command: org.jetbrains.kotlin.cli.jvm.K2JVMCompiler @D:\Blueprint\sistema\node_modules\react-native-screens\android\build\20230224_15209393913249354146.compiler.options
java_class_path (initial): C:\Users\Harmit\.gradle\caches\modules-2\files-2.1\org.jetbrains.kotlin\kotlin-compiler-embeddable\1.6.21\97bdd5a752ce73b58ef16c17bc7f0ea2faff7a2e\kotlin-compiler-embeddable-1.6.21.jar;C:\Users\Harmit\.gradle\caches\modules-2\files-2.1\org.jetbrains.kotlin\kotlin-reflect\1.6.21\5dc3574d9b7bebfcb4ec6b10ada4aaa9e140bd0b\kotlin-reflect-1.6.21.jar;C:\Users\Harmit\.gradle\caches\modules-2\files-2.1\org.jetbrains.kotlin\kotlin-stdlib\1.6.21\11ef67f1900634fd951bad28c53ec957fabbe5b8\kotlin-stdlib-1.6.21.jar;C:\Users\Harmit\.gradle\caches\modules-2\files-2.1\org.jetbrains.kotlin\kotlin-script-runtime\1.6.21\99c6675100da5d6d5b1c5a1032f27f28008d101b\kotlin-script-runtime-1.6.21.jar;C:\Users\Harmit\.gradle\caches\modules-2\files-2.1\org.jetbrains.kotlin\kotlin-daemon-embeddable\1.6.21\46b78cf392e1c4f10854c3cadba44abb7b82250f\kotlin-daemon-embeddable-1.6.21.jar;C:\Users\Harmit\.gradle\caches\modules-2\files-2.1\org.jetbrains.intellij.deps\trove4j\1.0.20200330\3afb14d5f9ceb459d724e907a21145e8ff394f02\trove4j-1.0.20200330.jar;C:\Users\Harmit\.gradle\caches\modules-2\files-2.1\net.java.dev.jna\jna\5.6.0\330f2244e9030119ab3030fc3fededc86713d9cc\jna-5.6.0.jar;C:\Users\Harmit\.gradle\caches\modules-2\files-2.1\org.jetbrains.kotlin\kotlin-stdlib-common\1.6.21\5e5b55c26dbc80372a920aef60eb774b714559b8\kotlin-stdlib-common-1.6.21.jar;C:\Users\Harmit\.gradle\caches\modules-2\files-2.1\org.jetbrains\annotations\13.0\919f0dfe192fb4e063e7dacadee7f8bb9a2672a9\annotations-13.0.jar
Launcher Type: SUN_STANDARD

[Global flags]
     intx CICompilerCount                          = 3                                         {product} {ergonomic}
     uint ConcGCThreads                            = 1                                         {product} {ergonomic}
     uint G1ConcRefinementThreads                  = 4                                         {product} {ergonomic}
   size_t G1HeapRegionSize                         = 1048576                                   {product} {ergonomic}
    uintx GCDrainStackTargetSize                   = 64                                        {product} {ergonomic}
   size_t InitialHeapSize                          = 132120576                                 {product} {ergonomic}
   size_t MarkStackSize                            = 4194304                                   {product} {ergonomic}
   size_t MaxHeapSize                              = 2111832064                                {product} {ergonomic}
   size_t MaxNewSize                               = 1266679808                                {product} {ergonomic}
   size_t MinHeapDeltaBytes                        = 1048576                                   {product} {ergonomic}
   size_t MinHeapSize                              = 8388608                                   {product} {ergonomic}
    uintx NonNMethodCodeHeapSize                   = 5832780                                {pd product} {ergonomic}
    uintx NonProfiledCodeHeapSize                  = 122912730                              {pd product} {ergonomic}
    uintx ProfiledCodeHeapSize                     = 122912730                              {pd product} {ergonomic}
    uintx ReservedCodeCacheSize                    = 251658240                              {pd product} {ergonomic}
     bool SegmentedCodeCache                       = true                                      {product} {ergonomic}
   size_t SoftMaxHeapSize                          = 2111832064                             {manageable} {ergonomic}
     bool UseCompressedClassPointers               = true                           {product lp64_product} {ergonomic}
     bool UseCompressedOops                        = true                           {product lp64_product} {ergonomic}
     bool UseG1GC                                  = true                                      {product} {ergonomic}
     bool UseLargePagesIndividualAllocation        = false                                  {pd product} {ergonomic}

Logging:
Log output configuration:
 #0: stdout all=warning uptime,level,tags
 #1: stderr all=off uptime,level,tags

Environment Variables:
JAVA_HOME=C:\Program Files\Java\jdk-17.0.5
CLASSPATH=D:\Blueprint\sistema\android\\gradle\wrapper\gradle-wrapper.jar
PATH=D:\Blueprint\sistema\android\node_modules\.bin;D:\Blueprint\sistema\node_modules\.bin;D:\Blueprint\node_modules\.bin;D:\node_modules\.bin;C:\Program Files\nodejs;C:\Users\Harmit\AppData\Local\Temp\yarn--1677274561811-0.7202502774463366;D:\Blueprint\sistema\node_modules\.bin;C:\Users\Harmit\AppData\Local\Yarn\Data\link\node_modules\.bin;C:\Users\Harmit\AppData\Local\Yarn\bin;C:\Program Files\libexec\lib\node_modules\npm\bin\node-gyp-bin;C:\Program Files\lib\node_modules\npm\bin\node-gyp-bin;C:\Program Files\nodejs\node_modules\npm\bin\node-gyp-bin;C:\Program Files\Common Files\Oracle\Java\javapath;C:\Program Files (x86)\Common Files\Oracle\Java\javapath;C:\Program Files (x86)\Intel\iCLS Client\;C:\Program Files\Intel\iCLS Client\;C:\Windows\system32;C:\Windows;C:\Windows\System32\Wbem;C:\Windows\System32\WindowsPowerShell\v1.0\;C:\Program Files (x86)\Intel\Intel(R) Management Engine Components\DAL;C:\Program Files\Intel\Intel(R) Management Engine Components\DAL;C:\Program Files (x86)\Intel\Intel(R) Management Engine Components\IPT;C:\Program Files\Intel\Intel(R) Management Engine Components\IPT;C:\Program Files (x86)\Wireless Docking\;C:\Program Files (x86)\NVIDIA Corporation\PhysX\Common;C:\WINDOWS\system32;C:\WINDOWS;C:\WINDOWS\System32\Wbem;C:\WINDOWS\System32\WindowsPowerShell\v1.0\;C:\WINDOWS\System32\OpenSSH\;C:\Program Files (x86)\Codebox\BitMeterOS;C:\WINDOWS\system32;C:\WINDOWS;C:\WINDOWS\System32\Wbem;C:\WINDOWS\System32\WindowsPowerShell\v1.0\;C:\WINDOWS\System32\OpenSSH\;C:\Program Files\Git\cmd;C:\ProgramData\chocolatey\bin;C:\Program Files\nodejs\;C:\Program Files\dotnet\;D:\PuTTY\;C:\Program Files\MySQL\MySQL Shell 8.0\bin\;C:\Users\Harmit\AppData\Local\Microsoft\WindowsApps;D:\Microsoft VS Code\bin;D:\msys64\mingw64\bin;C:\Users\Harmit\AppData\Roaming\npm;C:\Users\Harmit\AppData\Local\Android\Sdk\platform-tools;
USERNAME=Harmit
OS=Windows_NT
PROCESSOR_IDENTIFIER=Intel64 Family 6 Model 78 Stepping 3, GenuineIntel



---------------  S Y S T E M  ---------------

OS:
 Windows 10 , 64 bit Build 19041 (10.0.19041.2546)
OS uptime: 3 days 21:13 hours
Hyper-V role detected

CPU: total 4 (initial active 4) (2 cores per cpu, 2 threads per core) family 6 model 78 stepping 3 microcode 0xcc, cx8, cmov, fxsr, ht, mmx, 3dnowpref, sse, sse2, sse3, ssse3, sse4.1, sse4.2, popcnt, lzcnt, tsc, tscinvbit, avx, avx2, aes, erms, clmul, bmi1, bmi2, adx, fma, vzeroupper, clflush, clflushopt, hv

Memory: 4k page, system-wide physical 8049M (319M free)
TotalPageFile size 17846M (AvailPageFile size 17M)
current process WorkingSet (physical memory assigned to process): 358M, peak: 374M
current process commit charge ("private bytes"): 389M, peak: 424M

vm_info: Java HotSpot(TM) 64-Bit Server VM (17.0.5+9-LTS-191) for windows-amd64 JRE (17.0.5+9-LTS-191), built on Sep 13 2022 17:31:43 by "mach5one" with MS VC++ 16.8 / 16.9 (VS2019)

END.
