#
# There is insufficient memory for the Java Runtime Environment to continue.
# Native memory allocation (malloc) failed to allocate 32744 bytes for ChunkPool::allocate
# Possible reasons:
#   The system is out of physical RAM or swap space
#   The process is running with CompressedOops enabled, and the Java Heap may be blocking the growth of the native heap
# Possible solutions:
#   Reduce memory load on the system
#   Increase physical memory or swap space
#   Check if swap backing store is full
#   Decrease Java heap size (-Xmx/-Xms)
#   Decrease number of Java threads
#   Decrease Java thread stack sizes (-Xss)
#   Set larger code cache with -XX:ReservedCodeCacheSize=
#   JVM is running with Unscaled Compressed Oops mode in which the Java heap is
#     placed in the first 4GB address space. The Java Heap base address is the
#     maximum limit for the native heap growth. Please use -XX:HeapBaseMinAddress
#     to set the Java Heap base and to place the Java Heap above 4GB virtual address.
# This output file may be truncated or incomplete.
#
#  Out of Memory Error (arena.cpp:78), pid=12780, tid=53984
#
# JRE version: Java(TM) SE Runtime Environment (17.0.5+9) (build 17.0.5+9-LTS-191)
# Java VM: Java HotSpot(TM) 64-Bit Server VM (17.0.5+9-LTS-191, mixed mode, sharing, tiered, compressed oops, compressed class ptrs, g1 gc, windows-amd64)
# No core dump will be written. Minidumps are not enabled by default on client versions of Windows
#

---------------  S U M M A R Y ------------

Command Line: -Xmx64m -Xms64m -Dorg.gradle.appname=gradlew org.gradle.wrapper.GradleWrapperMain app:installDebug -PreactNativeDevServerPort=8081

Host: Intel(R) Core(TM) i7-6500U CPU @ 2.50GHz, 4 cores, 7G,  Windows 10 , 64 bit Build 19041 (10.0.19041.1202)
Time: Tue Feb 14 21:43:37 2023 Eastern Standard Time elapsed time: 320.647414 seconds (0d 0h 5m 20s)

---------------  T H R E A D  ---------------

Current thread (0x00000158dda86d20):  JavaThread "C2 CompilerThread0" daemon [_thread_in_native, id=53984, stack(0x0000003e46200000,0x0000003e46300000)]


Current CompileTask:
C2: 320647 1979       4       org.fusesource.jansi.Ansi::flushAttributes (94 bytes)

Stack: [0x0000003e46200000,0x0000003e46300000]
Native frames: (J=compiled Java code, j=interpreted, Vv=VM code, C=native code)
V  [jvm.dll+0x672eea]
V  [jvm.dll+0x7d2a04]
V  [jvm.dll+0x7d41ae]
V  [jvm.dll+0x7d4813]
V  [jvm.dll+0x242c15]
V  [jvm.dll+0xaa7c0]
V  [jvm.dll+0xaab0c]
V  [jvm.dll+0xaa68b]
V  [jvm.dll+0x651576]
V  [jvm.dll+0x64fed4]
V  [jvm.dll+0x613c6b]
V  [jvm.dll+0x60d03e]
V  [jvm.dll+0x33bea9]
V  [jvm.dll+0x33999e]
V  [jvm.dll+0x5447e7]
V  [jvm.dll+0x554033]
V  [jvm.dll+0x5419d3]
V  [jvm.dll+0x2a8b94]
V  [jvm.dll+0x68b395]
V  [jvm.dll+0x68334b]
V  [jvm.dll+0x682987]
V  [jvm.dll+0x680882]
V  [jvm.dll+0x1a4b0c]
V  [jvm.dll+0x2a8b94]
V  [jvm.dll+0x68b395]
V  [jvm.dll+0x68334b]
V  [jvm.dll+0x682987]
V  [jvm.dll+0x680882]
V  [jvm.dll+0x1a4b0c]
V  [jvm.dll+0x1a56d6]
V  [jvm.dll+0x2a8b94]
V  [jvm.dll+0x68b395]
V  [jvm.dll+0x68334b]
V  [jvm.dll+0x682987]
V  [jvm.dll+0x680882]
V  [jvm.dll+0x1a4b0c]
V  [jvm.dll+0x2a8b94]
V  [jvm.dll+0x68b395]
V  [jvm.dll+0x68334b]
V  [jvm.dll+0x682987]
V  [jvm.dll+0x680882]
V  [jvm.dll+0x1a4b0c]
V  [jvm.dll+0x1a56d6]
V  [jvm.dll+0x2a8b94]
V  [jvm.dll+0x68b395]
V  [jvm.dll+0x68334b]
V  [jvm.dll+0x682987]
V  [jvm.dll+0x680882]
V  [jvm.dll+0x1a4b0c]
V  [jvm.dll+0x214ca8]
V  [jvm.dll+0x1a18ed]
V  [jvm.dll+0x22493a]
V  [jvm.dll+0x222aa5]
V  [jvm.dll+0x7885db]
V  [jvm.dll+0x782b4a]
V  [jvm.dll+0x671d75]
C  [ucrtbase.dll+0x21bb2]
C  [KERNEL32.DLL+0x17034]
C  [ntdll.dll+0x52651]


---------------  P R O C E S S  ---------------

Threads class SMR info:
_java_thread_list=0x00000158def3a760, length=15, elements={
0x00000158c4bd5370, 0x00000158c4caa240, 0x00000158c4cab0b0, 0x00000158dda7d480,
0x00000158dda80f60, 0x00000158dda83a20, 0x00000158dda84b70, 0x00000158dda86d20,
0x00000158dda8c3a0, 0x00000158ddad9ca0, 0x00000158de52b450, 0x00000158de531bd0,
0x00000158dee78eb0, 0x00000158df0f2950, 0x00000158df242be0
}

Java Threads: ( => current thread )
  0x00000158c4bd5370 JavaThread "main" [_thread_in_native, id=53152, stack(0x0000003e45500000,0x0000003e45600000)]
  0x00000158c4caa240 JavaThread "Reference Handler" daemon [_thread_blocked, id=53564, stack(0x0000003e45c00000,0x0000003e45d00000)]
  0x00000158c4cab0b0 JavaThread "Finalizer" daemon [_thread_blocked, id=54236, stack(0x0000003e45d00000,0x0000003e45e00000)]
  0x00000158dda7d480 JavaThread "Signal Dispatcher" daemon [_thread_blocked, id=296, stack(0x0000003e45e00000,0x0000003e45f00000)]
  0x00000158dda80f60 JavaThread "Attach Listener" daemon [_thread_blocked, id=52528, stack(0x0000003e45f00000,0x0000003e46000000)]
  0x00000158dda83a20 JavaThread "Service Thread" daemon [_thread_blocked, id=53944, stack(0x0000003e46000000,0x0000003e46100000)]
  0x00000158dda84b70 JavaThread "Monitor Deflation Thread" daemon [_thread_blocked, id=52936, stack(0x0000003e46100000,0x0000003e46200000)]
=>0x00000158dda86d20 JavaThread "C2 CompilerThread0" daemon [_thread_in_native, id=53984, stack(0x0000003e46200000,0x0000003e46300000)]
  0x00000158dda8c3a0 JavaThread "C1 CompilerThread0" daemon [_thread_blocked, id=51456, stack(0x0000003e46300000,0x0000003e46400000)]
  0x00000158ddad9ca0 JavaThread "Sweeper thread" daemon [_thread_blocked, id=54100, stack(0x0000003e46400000,0x0000003e46500000)]
  0x00000158de52b450 JavaThread "Notification Thread" daemon [_thread_blocked, id=48512, stack(0x0000003e46500000,0x0000003e46600000)]
  0x00000158de531bd0 JavaThread "Common-Cleaner" daemon [_thread_blocked, id=53172, stack(0x0000003e46700000,0x0000003e46800000)]
  0x00000158dee78eb0 JavaThread "pool-1-thread-1" [_thread_in_native, id=15424, stack(0x0000003e46b00000,0x0000003e46c00000)]
  0x00000158df0f2950 JavaThread "DisconnectableInputStream source reader" daemon [_thread_in_native, id=2580, stack(0x0000003e46d00000,0x0000003e46e00000)]
  0x00000158df242be0 JavaThread "Forward input" [_thread_blocked, id=53200, stack(0x0000003e46e00000,0x0000003e46f00000)]

Other Threads:
  0x00000158c4ca35e0 VMThread "VM Thread" [stack: 0x0000003e45b00000,0x0000003e45c00000] [id=54248]
  0x00000158de531940 WatcherThread [stack: 0x0000003e46600000,0x0000003e46700000] [id=29268]
  0x00000158c4bf5100 GCTaskThread "GC Thread#0" [stack: 0x0000003e45600000,0x0000003e45700000] [id=55228]
  0x00000158de6cc7d0 GCTaskThread "GC Thread#1" [stack: 0x0000003e46800000,0x0000003e46900000] [id=15736]
  0x00000158de904450 GCTaskThread "GC Thread#2" [stack: 0x0000003e46900000,0x0000003e46a00000] [id=52696]
  0x00000158de904700 GCTaskThread "GC Thread#3" [stack: 0x0000003e46a00000,0x0000003e46b00000] [id=15540]
  0x00000158c4bf6840 ConcurrentGCThread "G1 Main Marker" [stack: 0x0000003e45700000,0x0000003e45800000] [id=52708]
  0x00000158c4bf7250 ConcurrentGCThread "G1 Conc#0" [stack: 0x0000003e45800000,0x0000003e45900000] [id=12272]
  0x00000158c4c42d80 ConcurrentGCThread "G1 Refine#0" [stack: 0x0000003e45900000,0x0000003e45a00000] [id=48628]
  0x00000158c4c44f50 ConcurrentGCThread "G1 Service" [stack: 0x0000003e45a00000,0x0000003e45b00000] [id=50328]

Threads with active compile tasks:
C2 CompilerThread0   320781 1979       4       org.fusesource.jansi.Ansi::flushAttributes (94 bytes)

VM state: not at safepoint (normal execution)

VM Mutex/Monitor currently owned by a thread: None

Heap address: 0x00000000fc000000, size: 64 MB, Compressed Oops mode: 32-bit

CDS archive(s) mapped at: [0x0000000800000000-0x0000000800bd0000-0x0000000800bd0000), size 12386304, SharedBaseAddress: 0x0000000800000000, ArchiveRelocationMode: 0.
Compressed class space mapped at: 0x0000000800c00000-0x0000000840c00000, reserved size: 1073741824
Narrow klass base: 0x0000000800000000, Narrow klass shift: 0, Narrow klass range: 0x100000000

GC Precious Log:
 CPUs: 4 total, 4 available
 Memory: 8049M
 Large Page Support: Disabled
 NUMA Support: Disabled
 Compressed Oops: Enabled (32-bit)
 Heap Region Size: 1M
 Heap Min Capacity: 64M
 Heap Initial Capacity: 64M
 Heap Max Capacity: 64M
 Pre-touch: Disabled
 Parallel Workers: 4
 Concurrent Workers: 1
 Concurrent Refinement Workers: 4
 Periodic GC: Disabled

Heap:
 garbage-first heap   total 65536K, used 31127K [0x00000000fc000000, 0x0000000100000000)
  region size 1024K, 25 young (25600K), 3 survivors (3072K)
 Metaspace       used 9772K, committed 9984K, reserved 1064960K
  class space    used 1260K, committed 1344K, reserved 1048576K

Heap Regions: E=young(eden), S=young(survivor), O=old, HS=humongous(starts), HC=humongous(continues), CS=collection set, F=free, OA=open archive, CA=closed archive, TAMS=top-at-mark-start (previous, next)
|   0|0x00000000fc000000, 0x00000000fc100000, 0x00000000fc100000|100%|HS|  |TAMS 0x00000000fc000000, 0x00000000fc000000| Complete 
|   1|0x00000000fc100000, 0x00000000fc200000, 0x00000000fc200000|100%|HC|  |TAMS 0x00000000fc100000, 0x00000000fc100000| Complete 
|   2|0x00000000fc200000, 0x00000000fc300000, 0x00000000fc300000|100%|HC|  |TAMS 0x00000000fc200000, 0x00000000fc200000| Complete 
|   3|0x00000000fc300000, 0x00000000fc400000, 0x00000000fc400000|100%| O|  |TAMS 0x00000000fc300000, 0x00000000fc300000| Untracked 
|   4|0x00000000fc400000, 0x00000000fc500000, 0x00000000fc500000|100%| O|  |TAMS 0x00000000fc400000, 0x00000000fc400000| Untracked 
|   5|0x00000000fc500000, 0x00000000fc600000, 0x00000000fc600000|100%| O|  |TAMS 0x00000000fc500000, 0x00000000fc500000| Untracked 
|   6|0x00000000fc600000, 0x00000000fc665e00, 0x00000000fc700000| 39%| O|  |TAMS 0x00000000fc600000, 0x00000000fc600000| Untracked 
|   7|0x00000000fc700000, 0x00000000fc700000, 0x00000000fc800000|  0%| F|  |TAMS 0x00000000fc700000, 0x00000000fc700000| Untracked 
|   8|0x00000000fc800000, 0x00000000fc800000, 0x00000000fc900000|  0%| F|  |TAMS 0x00000000fc800000, 0x00000000fc800000| Untracked 
|   9|0x00000000fc900000, 0x00000000fc900000, 0x00000000fca00000|  0%| F|  |TAMS 0x00000000fc900000, 0x00000000fc900000| Untracked 
|  10|0x00000000fca00000, 0x00000000fca00000, 0x00000000fcb00000|  0%| F|  |TAMS 0x00000000fca00000, 0x00000000fca00000| Untracked 
|  11|0x00000000fcb00000, 0x00000000fcb00000, 0x00000000fcc00000|  0%| F|  |TAMS 0x00000000fcb00000, 0x00000000fcb00000| Untracked 
|  12|0x00000000fcc00000, 0x00000000fcc00000, 0x00000000fcd00000|  0%| F|  |TAMS 0x00000000fcc00000, 0x00000000fcc00000| Untracked 
|  13|0x00000000fcd00000, 0x00000000fcd00000, 0x00000000fce00000|  0%| F|  |TAMS 0x00000000fcd00000, 0x00000000fcd00000| Untracked 
|  14|0x00000000fce00000, 0x00000000fce00000, 0x00000000fcf00000|  0%| F|  |TAMS 0x00000000fce00000, 0x00000000fce00000| Untracked 
|  15|0x00000000fcf00000, 0x00000000fcf00000, 0x00000000fd000000|  0%| F|  |TAMS 0x00000000fcf00000, 0x00000000fcf00000| Untracked 
|  16|0x00000000fd000000, 0x00000000fd000000, 0x00000000fd100000|  0%| F|  |TAMS 0x00000000fd000000, 0x00000000fd000000| Untracked 
|  17|0x00000000fd100000, 0x00000000fd100000, 0x00000000fd200000|  0%| F|  |TAMS 0x00000000fd100000, 0x00000000fd100000| Untracked 
|  18|0x00000000fd200000, 0x00000000fd200000, 0x00000000fd300000|  0%| F|  |TAMS 0x00000000fd200000, 0x00000000fd200000| Untracked 
|  19|0x00000000fd300000, 0x00000000fd300000, 0x00000000fd400000|  0%| F|  |TAMS 0x00000000fd300000, 0x00000000fd300000| Untracked 
|  20|0x00000000fd400000, 0x00000000fd400000, 0x00000000fd500000|  0%| F|  |TAMS 0x00000000fd400000, 0x00000000fd400000| Untracked 
|  21|0x00000000fd500000, 0x00000000fd500000, 0x00000000fd600000|  0%| F|  |TAMS 0x00000000fd500000, 0x00000000fd500000| Untracked 
|  22|0x00000000fd600000, 0x00000000fd600000, 0x00000000fd700000|  0%| F|  |TAMS 0x00000000fd600000, 0x00000000fd600000| Untracked 
|  23|0x00000000fd700000, 0x00000000fd700000, 0x00000000fd800000|  0%| F|  |TAMS 0x00000000fd700000, 0x00000000fd700000| Untracked 
|  24|0x00000000fd800000, 0x00000000fd800000, 0x00000000fd900000|  0%| F|  |TAMS 0x00000000fd800000, 0x00000000fd800000| Untracked 
|  25|0x00000000fd900000, 0x00000000fd900000, 0x00000000fda00000|  0%| F|  |TAMS 0x00000000fd900000, 0x00000000fd900000| Untracked 
|  26|0x00000000fda00000, 0x00000000fda00000, 0x00000000fdb00000|  0%| F|  |TAMS 0x00000000fda00000, 0x00000000fda00000| Untracked 
|  27|0x00000000fdb00000, 0x00000000fdb00000, 0x00000000fdc00000|  0%| F|  |TAMS 0x00000000fdb00000, 0x00000000fdb00000| Untracked 
|  28|0x00000000fdc00000, 0x00000000fdc00000, 0x00000000fdd00000|  0%| F|  |TAMS 0x00000000fdc00000, 0x00000000fdc00000| Untracked 
|  29|0x00000000fdd00000, 0x00000000fdd00000, 0x00000000fde00000|  0%| F|  |TAMS 0x00000000fdd00000, 0x00000000fdd00000| Untracked 
|  30|0x00000000fde00000, 0x00000000fde00000, 0x00000000fdf00000|  0%| F|  |TAMS 0x00000000fde00000, 0x00000000fde00000| Untracked 
|  31|0x00000000fdf00000, 0x00000000fdf00000, 0x00000000fe000000|  0%| F|  |TAMS 0x00000000fdf00000, 0x00000000fdf00000| Untracked 
|  32|0x00000000fe000000, 0x00000000fe000000, 0x00000000fe100000|  0%| F|  |TAMS 0x00000000fe000000, 0x00000000fe000000| Untracked 
|  33|0x00000000fe100000, 0x00000000fe100000, 0x00000000fe200000|  0%| F|  |TAMS 0x00000000fe100000, 0x00000000fe100000| Untracked 
|  34|0x00000000fe200000, 0x00000000fe200000, 0x00000000fe300000|  0%| F|  |TAMS 0x00000000fe200000, 0x00000000fe200000| Untracked 
|  35|0x00000000fe300000, 0x00000000fe300000, 0x00000000fe400000|  0%| F|  |TAMS 0x00000000fe300000, 0x00000000fe300000| Untracked 
|  36|0x00000000fe400000, 0x00000000fe400000, 0x00000000fe500000|  0%| F|  |TAMS 0x00000000fe400000, 0x00000000fe400000| Untracked 
|  37|0x00000000fe500000, 0x00000000fe500000, 0x00000000fe600000|  0%| F|  |TAMS 0x00000000fe500000, 0x00000000fe500000| Untracked 
|  38|0x00000000fe600000, 0x00000000fe600000, 0x00000000fe700000|  0%| F|  |TAMS 0x00000000fe600000, 0x00000000fe600000| Untracked 
|  39|0x00000000fe700000, 0x00000000fe7478c8, 0x00000000fe800000| 27%| E|  |TAMS 0x00000000fe700000, 0x00000000fe700000| Complete 
|  40|0x00000000fe800000, 0x00000000fe900000, 0x00000000fe900000|100%| E|CS|TAMS 0x00000000fe800000, 0x00000000fe800000| Complete 
|  41|0x00000000fe900000, 0x00000000fea00000, 0x00000000fea00000|100%| E|CS|TAMS 0x00000000fe900000, 0x00000000fe900000| Complete 
|  42|0x00000000fea00000, 0x00000000feb00000, 0x00000000feb00000|100%| E|CS|TAMS 0x00000000fea00000, 0x00000000fea00000| Complete 
|  43|0x00000000feb00000, 0x00000000fec00000, 0x00000000fec00000|100%| S|CS|TAMS 0x00000000feb00000, 0x00000000feb00000| Complete 
|  44|0x00000000fec00000, 0x00000000fed00000, 0x00000000fed00000|100%| S|CS|TAMS 0x00000000fec00000, 0x00000000fec00000| Complete 
|  45|0x00000000fed00000, 0x00000000fee00000, 0x00000000fee00000|100%| S|CS|TAMS 0x00000000fed00000, 0x00000000fed00000| Complete 
|  46|0x00000000fee00000, 0x00000000fef00000, 0x00000000fef00000|100%| E|CS|TAMS 0x00000000fee00000, 0x00000000fee00000| Complete 
|  47|0x00000000fef00000, 0x00000000ff000000, 0x00000000ff000000|100%| E|CS|TAMS 0x00000000fef00000, 0x00000000fef00000| Complete 
|  48|0x00000000ff000000, 0x00000000ff100000, 0x00000000ff100000|100%| E|CS|TAMS 0x00000000ff000000, 0x00000000ff000000| Complete 
|  49|0x00000000ff100000, 0x00000000ff200000, 0x00000000ff200000|100%| E|CS|TAMS 0x00000000ff100000, 0x00000000ff100000| Complete 
|  50|0x00000000ff200000, 0x00000000ff300000, 0x00000000ff300000|100%| E|CS|TAMS 0x00000000ff200000, 0x00000000ff200000| Complete 
|  51|0x00000000ff300000, 0x00000000ff400000, 0x00000000ff400000|100%| E|CS|TAMS 0x00000000ff300000, 0x00000000ff300000| Complete 
|  52|0x00000000ff400000, 0x00000000ff500000, 0x00000000ff500000|100%| E|CS|TAMS 0x00000000ff400000, 0x00000000ff400000| Complete 
|  53|0x00000000ff500000, 0x00000000ff600000, 0x00000000ff600000|100%| E|CS|TAMS 0x00000000ff500000, 0x00000000ff500000| Complete 
|  54|0x00000000ff600000, 0x00000000ff700000, 0x00000000ff700000|100%| E|CS|TAMS 0x00000000ff600000, 0x00000000ff600000| Complete 
|  55|0x00000000ff700000, 0x00000000ff800000, 0x00000000ff800000|100%| E|CS|TAMS 0x00000000ff700000, 0x00000000ff700000| Complete 
|  56|0x00000000ff800000, 0x00000000ff900000, 0x00000000ff900000|100%| E|CS|TAMS 0x00000000ff800000, 0x00000000ff800000| Complete 
|  57|0x00000000ff900000, 0x00000000ffa00000, 0x00000000ffa00000|100%| E|CS|TAMS 0x00000000ff900000, 0x00000000ff900000| Complete 
|  58|0x00000000ffa00000, 0x00000000ffb00000, 0x00000000ffb00000|100%| E|CS|TAMS 0x00000000ffa00000, 0x00000000ffa00000| Complete 
|  59|0x00000000ffb00000, 0x00000000ffc00000, 0x00000000ffc00000|100%| E|CS|TAMS 0x00000000ffb00000, 0x00000000ffb00000| Complete 
|  60|0x00000000ffc00000, 0x00000000ffd00000, 0x00000000ffd00000|100%| E|CS|TAMS 0x00000000ffc00000, 0x00000000ffc00000| Complete 
|  61|0x00000000ffd00000, 0x00000000ffe00000, 0x00000000ffe00000|100%| E|CS|TAMS 0x00000000ffd00000, 0x00000000ffd00000| Complete 
|  62|0x00000000ffe00000, 0x00000000fff00000, 0x00000000fff00000|100%| E|CS|TAMS 0x00000000ffe00000, 0x00000000ffe00000| Complete 
|  63|0x00000000fff00000, 0x0000000100000000, 0x0000000100000000|100%| E|CS|TAMS 0x00000000fff00000, 0x00000000fff00000| Complete 

Card table byte_map: [0x00000158c49f0000,0x00000158c4a10000] _byte_map_base: 0x00000158c4210000

Marking Bits (Prev, Next): (CMBitMap*) 0x00000158c4bf5710, (CMBitMap*) 0x00000158c4bf5750
 Prev Bits: [0x00000158c4a30000, 0x00000158c4b30000)
 Next Bits: [0x00000158db450000, 0x00000158db550000)

Polling page: 0x00000158c2ae0000

Metaspace:

Usage:
  Non-class:      8.31 MB used.
      Class:      1.23 MB used.
       Both:      9.54 MB used.

Virtual space:
  Non-class space:       16.00 MB reserved,       8.44 MB ( 53%) committed,  2 nodes.
      Class space:        1.00 GB reserved,       1.31 MB ( <1%) committed,  1 nodes.
             Both:        1.02 GB reserved,       9.75 MB ( <1%) committed. 

Chunk freelists:
   Non-Class:  2.70 MB
       Class:  2.58 MB
        Both:  5.28 MB

MaxMetaspaceSize: unlimited
CompressedClassSpaceSize: 1.00 GB
Initial GC threshold: 21.00 MB
Current GC threshold: 21.00 MB
CDS: on
MetaspaceReclaimPolicy: balanced
 - commit_granule_bytes: 65536.
 - commit_granule_words: 8192.
 - virtual_space_node_default_size: 1048576.
 - enlarge_chunks_in_place: 1.
 - new_chunks_are_fully_committed: 0.
 - uncommit_free_chunks: 1.
 - use_allocation_guard: 0.
 - handle_deallocations: 1.


Internal statistics:

num_allocs_failed_limit: 0.
num_arena_births: 92.
num_arena_deaths: 0.
num_vsnodes_births: 3.
num_vsnodes_deaths: 0.
num_space_committed: 156.
num_space_uncommitted: 0.
num_chunks_returned_to_freelist: 0.
num_chunks_taken_from_freelist: 337.
num_chunk_merges: 0.
num_chunk_splits: 227.
num_chunks_enlarged: 193.
num_purges: 0.
num_inconsistent_stats: 0.

CodeHeap 'non-profiled nmethods': size=120000Kb used=985Kb max_used=985Kb free=119014Kb
 bounds [0x00000158d3f20000, 0x00000158d4190000, 0x00000158db450000]
CodeHeap 'profiled nmethods': size=120000Kb used=3803Kb max_used=3803Kb free=116196Kb
 bounds [0x00000158cc9f0000, 0x00000158ccdb0000, 0x00000158d3f20000]
CodeHeap 'non-nmethods': size=5760Kb used=1178Kb max_used=1247Kb free=4582Kb
 bounds [0x00000158cc450000, 0x00000158cc6c0000, 0x00000158cc9f0000]
 total_blobs=2456 nmethods=1978 adapters=391
 compilation: enabled
              stopped_count=0, restarted_count=0
 full_count=0

Compilation events (20 events):
Event: 317.198 Thread 0x00000158dda8c3a0 nmethod 1969 0x00000158ccda2790 code [0x00000158ccda2980, 0x00000158ccda2e68]
Event: 318.588 Thread 0x00000158dda8c3a0 1970       3       java.util.Collections::singletonIterator (9 bytes)
Event: 318.589 Thread 0x00000158dda8c3a0 nmethod 1970 0x00000158ccda3010 code [0x00000158ccda31c0, 0x00000158ccda3438]
Event: 318.592 Thread 0x00000158dda8c3a0 1971       3       java.util.Collections$1::next (25 bytes)
Event: 318.592 Thread 0x00000158dda8c3a0 nmethod 1971 0x00000158ccda3510 code [0x00000158ccda36c0, 0x00000158ccda38e8]
Event: 318.710 Thread 0x00000158dda8c3a0 1972       1       org.gradle.internal.logging.text.AbstractLineChoppingStyledTextOutput::access$100 (5 bytes)
Event: 318.710 Thread 0x00000158dda8c3a0 nmethod 1972 0x00000158d4015c90 code [0x00000158d4015e20, 0x00000158d4015ed8]
Event: 318.711 Thread 0x00000158dda8c3a0 1973       1       org.gradle.internal.logging.text.AbstractLineChoppingStyledTextOutput::access$200 (5 bytes)
Event: 318.711 Thread 0x00000158dda8c3a0 nmethod 1973 0x00000158d4015f90 code [0x00000158d4016120, 0x00000158d40161d8]
Event: 318.712 Thread 0x00000158dda8c3a0 1974       1       org.gradle.internal.logging.text.AbstractLineChoppingStyledTextOutput::access$300 (5 bytes)
Event: 318.712 Thread 0x00000158dda8c3a0 nmethod 1974 0x00000158d4016290 code [0x00000158d4016420, 0x00000158d40164d8]
Event: 318.887 Thread 0x00000158dda8c3a0 1975       3       java.util.ArrayList::rangeCheckForAdd (26 bytes)
Event: 318.888 Thread 0x00000158dda8c3a0 nmethod 1975 0x00000158ccda3a10 code [0x00000158ccda3c40, 0x00000158ccda42e8]
Event: 318.889 Thread 0x00000158dda8c3a0 1976       3       java.util.Collections$SingletonList::iterator (8 bytes)
Event: 318.889 Thread 0x00000158dda8c3a0 nmethod 1976 0x00000158ccda4590 code [0x00000158ccda4740, 0x00000158ccda4a18]
Event: 319.039 Thread 0x00000158dda8c3a0 1977       3       org.gradle.internal.logging.console.BuildLogLevelFilterRenderer::onOutput (53 bytes)
Event: 319.040 Thread 0x00000158dda8c3a0 nmethod 1977 0x00000158ccda4b10 code [0x00000158ccda4d00, 0x00000158ccda5418]
Event: 319.359 Thread 0x00000158dda8c3a0 1978       3       org.gradle.internal.logging.sink.GroupingProgressLogEventGenerator::onOutput (108 bytes)
Event: 319.360 Thread 0x00000158dda8c3a0 nmethod 1978 0x00000158ccda5590 code [0x00000158ccda5840, 0x00000158ccda6a58]
Event: 320.557 Thread 0x00000158dda86d20 1979       4       org.fusesource.jansi.Ansi::flushAttributes (94 bytes)

GC Heap History (4 events):
Event: 1.863 GC heap before
{Heap before GC invocations=0 (full 0):
 garbage-first heap   total 65536K, used 15360K [0x00000000fc000000, 0x0000000100000000)
  region size 1024K, 13 young (13312K), 0 survivors (0K)
 Metaspace       used 1781K, committed 1920K, reserved 1056768K
  class space    used 161K, committed 192K, reserved 1048576K
}
Event: 1.877 GC heap after
{Heap after GC invocations=1 (full 0):
 garbage-first heap   total 65536K, used 2996K [0x00000000fc000000, 0x0000000100000000)
  region size 1024K, 2 young (2048K), 2 survivors (2048K)
 Metaspace       used 1781K, committed 1920K, reserved 1056768K
  class space    used 161K, committed 192K, reserved 1048576K
}
Event: 3.374 GC heap before
{Heap before GC invocations=1 (full 0):
 garbage-first heap   total 65536K, used 21428K [0x00000000fc000000, 0x0000000100000000)
  region size 1024K, 18 young (18432K), 2 survivors (2048K)
 Metaspace       used 5375K, committed 5568K, reserved 1056768K
  class space    used 730K, committed 832K, reserved 1048576K
}
Event: 3.385 GC heap after
{Heap after GC invocations=2 (full 0):
 garbage-first heap   total 65536K, used 9623K [0x00000000fc000000, 0x0000000100000000)
  region size 1024K, 3 young (3072K), 3 survivors (3072K)
 Metaspace       used 5375K, committed 5568K, reserved 1056768K
  class space    used 730K, committed 832K, reserved 1048576K
}

Deoptimization events (20 events):
Event: 282.255 Thread 0x00000158dee78eb0 Uncommon trap: trap_request=0xffffffde fr.pc=0x00000158d3fe4fbc relative=0x0000000000000a3c
Event: 282.255 Thread 0x00000158dee78eb0 Uncommon trap: reason=class_check action=maybe_recompile pc=0x00000158d3fe4fbc method=org.gradle.internal.logging.sink.GroupingProgressLogEventGenerator.onOutput(Lorg/gradle/internal/logging/events/OutputEvent;)V @ 27 c2
Event: 282.255 Thread 0x00000158dee78eb0 DEOPT PACKING pc=0x00000158d3fe4fbc sp=0x0000003e46bff1c0
Event: 282.255 Thread 0x00000158dee78eb0 DEOPT UNPACKING pc=0x00000158cc4a23a3 sp=0x0000003e46bff0c0 mode 2
Event: 282.255 Thread 0x00000158dee78eb0 Uncommon trap: trap_request=0xffffffde fr.pc=0x00000158d3fe4fbc relative=0x0000000000000a3c
Event: 282.255 Thread 0x00000158dee78eb0 Uncommon trap: reason=class_check action=maybe_recompile pc=0x00000158d3fe4fbc method=org.gradle.internal.logging.sink.GroupingProgressLogEventGenerator.onOutput(Lorg/gradle/internal/logging/events/OutputEvent;)V @ 27 c2
Event: 282.255 Thread 0x00000158dee78eb0 DEOPT PACKING pc=0x00000158d3fe4fbc sp=0x0000003e46bff1c0
Event: 282.255 Thread 0x00000158dee78eb0 DEOPT UNPACKING pc=0x00000158cc4a23a3 sp=0x0000003e46bff0c0 mode 2
Event: 282.262 Thread 0x00000158dee78eb0 Uncommon trap: trap_request=0xffffff45 fr.pc=0x00000158d3fe4f84 relative=0x0000000000000a04
Event: 282.262 Thread 0x00000158dee78eb0 Uncommon trap: reason=unstable_if action=reinterpret pc=0x00000158d3fe4f84 method=org.gradle.internal.logging.sink.GroupingProgressLogEventGenerator$OperationGroup.maybeFlushOutput(J)V @ 26 c2
Event: 282.262 Thread 0x00000158dee78eb0 DEOPT PACKING pc=0x00000158d3fe4f84 sp=0x0000003e46bff1c0
Event: 282.262 Thread 0x00000158dee78eb0 DEOPT UNPACKING pc=0x00000158cc4a23a3 sp=0x0000003e46bfefe0 mode 2
Event: 310.524 Thread 0x00000158dee78eb0 Uncommon trap: trap_request=0xffffff45 fr.pc=0x00000158d3fd14f4 relative=0x00000000000007b4
Event: 310.524 Thread 0x00000158dee78eb0 Uncommon trap: reason=unstable_if action=reinterpret pc=0x00000158d3fd14f4 method=org.gradle.internal.logging.sink.GroupingProgressLogEventGenerator$OperationGroup.maybeFlushOutput(J)V @ 26 c2
Event: 310.524 Thread 0x00000158dee78eb0 DEOPT PACKING pc=0x00000158d3fd14f4 sp=0x0000003e46bff170
Event: 310.524 Thread 0x00000158dee78eb0 DEOPT UNPACKING pc=0x00000158cc4a23a3 sp=0x0000003e46bfeff8 mode 2
Event: 312.708 Thread 0x00000158dee78eb0 Uncommon trap: trap_request=0xffffff45 fr.pc=0x00000158d3fd3018 relative=0x00000000000006f8
Event: 312.708 Thread 0x00000158dee78eb0 Uncommon trap: reason=unstable_if action=reinterpret pc=0x00000158d3fd3018 method=org.gradle.internal.logging.sink.GroupingProgressLogEventGenerator$OperationGroup.maybeFlushOutput(J)V @ 26 c2
Event: 312.709 Thread 0x00000158dee78eb0 DEOPT PACKING pc=0x00000158d3fd3018 sp=0x0000003e46bff0e0
Event: 312.709 Thread 0x00000158dee78eb0 DEOPT UNPACKING pc=0x00000158cc4a23a3 sp=0x0000003e46bfefe8 mode 2

Classes unloaded (0 events):
No events

Classes redefined (0 events):
No events

Internal exceptions (20 events):
Event: 2.829 Thread 0x00000158c4bd5370 Exception <a 'java/lang/NoClassDefFoundError'{0x00000000ff79c740}: org/slf4j/impl/StaticMarkerBinder> (0x00000000ff79c740) 
thrown [s\open\src\hotspot\share\classfile\systemDictionary.cpp, line 245]
Event: 2.871 Thread 0x00000158c4bd5370 Exception <a 'java/lang/NoSuchMethodError'{0x00000000ff6391a0}: 'java.lang.Object java.lang.invoke.DirectMethodHandle$Holder.invokeVirtual(java.lang.Object, java.lang.Object, java.lang.Object, java.lang.Object, java.lang.Object, java.lang.Object, java.lang.Object)'> (0x00000000ff6391a0) 
thrown [s\open\src\hotspot\share\interpreter\linkResolver.cpp, line 759]
Event: 2.875 Thread 0x00000158c4bd5370 Exception <a 'java/lang/NoSuchMethodError'{0x00000000ff64a7b0}: 'java.lang.Object java.lang.invoke.Invokers$Holder.invoker(java.lang.Object, java.lang.Object, java.lang.Object)'> (0x00000000ff64a7b0) 
thrown [s\open\src\hotspot\share\interpreter\linkResolver.cpp, line 759]
Event: 2.880 Thread 0x00000158c4bd5370 Exception <a 'java/lang/NoSuchMethodError'{0x00000000ff653af0}: 'java.lang.Object java.lang.invoke.DirectMethodHandle$Holder.invokeStatic(java.lang.Object, java.lang.Object, int)'> (0x00000000ff653af0) 
thrown [s\open\src\hotspot\share\interpreter\linkResolver.cpp, line 759]
Event: 2.884 Thread 0x00000158c4bd5370 Exception <a 'java/lang/NoSuchMethodError'{0x00000000ff65f7e0}: 'void java.lang.invoke.DelegatingMethodHandle$Holder.delegate(java.lang.Object, java.lang.Object, int, java.lang.Object)'> (0x00000000ff65f7e0) 
thrown [s\open\src\hotspot\share\interpreter\linkResolver.cpp, line 759]
Event: 2.886 Thread 0x00000158c4bd5370 Exception <a 'java/lang/NoSuchMethodError'{0x00000000ff663928}: 'int java.lang.invoke.DirectMethodHandle$Holder.invokeSpecial(java.lang.Object, java.lang.Object, java.lang.Object)'> (0x00000000ff663928) 
thrown [s\open\src\hotspot\share\interpreter\linkResolver.cpp, line 759]
Event: 2.892 Thread 0x00000158c4bd5370 Exception <a 'java/lang/NoSuchMethodError'{0x00000000ff676a70}: 'java.lang.Object java.lang.invoke.Invokers$Holder.invokeExact_MT(java.lang.Object, java.lang.Object, java.lang.Object, java.lang.Object)'> (0x00000000ff676a70) 
thrown [s\open\src\hotspot\share\interpreter\linkResolver.cpp, line 759]
Event: 3.297 Thread 0x00000158c4bd5370 Exception <a 'java/lang/NoSuchMethodError'{0x00000000fee2b880}: 'java.lang.Object java.lang.invoke.DirectMethodHandle$Holder.invokeInterface(java.lang.Object, java.lang.Object, java.lang.Object)'> (0x00000000fee2b880) 
thrown [s\open\src\hotspot\share\interpreter\linkResolver.cpp, line 759]
Event: 3.309 Thread 0x00000158c4bd5370 Exception <a 'java/lang/NoSuchMethodError'{0x00000000fee4d2e8}: 'void java.lang.invoke.DirectMethodHandle$Holder.invokeSpecial(java.lang.Object, java.lang.Object, java.lang.Object)'> (0x00000000fee4d2e8) 
thrown [s\open\src\hotspot\share\interpreter\linkResolver.cpp, line 759]
Event: 3.349 Thread 0x00000158c4bd5370 Implicit null exception at 0x00000158d3f73193 to 0x00000158d3f735ec
Event: 3.349 Thread 0x00000158c4bd5370 Implicit null exception at 0x00000158d3f5fa91 to 0x00000158d3f5fec8
Event: 3.431 Thread 0x00000158c4bd5370 Exception <a 'java/lang/NoSuchMethodError'{0x00000000fffafc90}: 'java.lang.Object java.lang.invoke.DirectMethodHandle$Holder.invokeStaticInit(java.lang.Object)'> (0x00000000fffafc90) 
thrown [s\open\src\hotspot\share\interpreter\linkResolver.cpp, line 759]
Event: 3.769 Thread 0x00000158c4bd5370 Exception <a 'java/lang/NoSuchMethodError'{0x00000000ffb9d548}: 'java.lang.Object java.lang.invoke.DirectMethodHandle$Holder.invokeStaticInit(java.lang.Object, int, int, int, int)'> (0x00000000ffb9d548) 
thrown [s\open\src\hotspot\share\interpreter\linkResolver.cpp, line 759]
Event: 4.045 Thread 0x00000158c4bd5370 Exception <a 'java/lang/NoSuchMethodError'{0x00000000ffa03608}: 'java.lang.Object java.lang.invoke.DirectMethodHandle$Holder.invokeStaticInit(java.lang.Object, java.lang.Object, int, int, int, int)'> (0x00000000ffa03608) 
thrown [s\open\src\hotspot\share\interpreter\linkResolver.cpp, line 759]
Event: 5.449 Thread 0x00000158c4bd5370 Exception <a 'java/lang/NoSuchMethodError'{0x00000000ffa31950}: 'void java.lang.invoke.DirectMethodHandle$Holder.invokeStatic(java.lang.Object, java.lang.Object, java.lang.Object)'> (0x00000000ffa31950) 
thrown [s\open\src\hotspot\share\interpreter\linkResolver.cpp, line 759]
Event: 5.987 Thread 0x00000158de5f5820 Exception <a 'java/lang/NoSuchMethodError'{0x00000000ff40d998}: 'void java.lang.invoke.DirectMethodHandle$Holder.invokeStatic(java.lang.Object, long)'> (0x00000000ff40d998) 
thrown [s\open\src\hotspot\share\interpreter\linkResolver.cpp, line 759]
Event: 5.988 Thread 0x00000158de5f5820 Exception <a 'java/lang/NoSuchMethodError'{0x00000000ff413048}: 'java.lang.Object java.lang.invoke.DirectMethodHandle$Holder.newInvokeSpecial(java.lang.Object, long)'> (0x00000000ff413048) 
thrown [s\open\src\hotspot\share\interpreter\linkResolver.cpp, line 759]
Event: 5.992 Thread 0x00000158de5f5820 Exception <a 'java/lang/NoSuchMethodError'{0x00000000ff41dbf0}: 'java.lang.Object java.lang.invoke.DirectMethodHandle$Holder.invokeStaticInit(java.lang.Object, java.lang.Object, long, java.lang.Object)'> (0x00000000ff41dbf0) 
thrown [s\open\src\hotspot\share\interpreter\linkResolver.cpp, line 759]
Event: 5.993 Thread 0x00000158de5f5820 Exception <a 'java/lang/NoSuchMethodError'{0x00000000ff424278}: 'java.lang.Object java.lang.invoke.DirectMethodHandle$Holder.newInvokeSpecial(java.lang.Object, java.lang.Object, long)'> (0x00000000ff424278) 
thrown [s\open\src\hotspot\share\interpreter\linkResolver.cpp, line 759]
Event: 6.010 Thread 0x00000158de5f5820 Exception <a 'java/lang/NoSuchMethodError'{0x00000000ff428568}: 'java.lang.Object java.lang.invoke.Invokers$Holder.linkToTargetMethod(java.lang.Object, long, java.lang.Object)'> (0x00000000ff428568) 
thrown [s\open\src\hotspot\share\interpreter\linkResolver.cpp, line 759]

VM Operations (20 events):
Event: 275.370 Executing VM operation: Cleanup
Event: 275.371 Executing VM operation: Cleanup done
Event: 282.374 Executing VM operation: Cleanup
Event: 282.374 Executing VM operation: Cleanup done
Event: 284.375 Executing VM operation: Cleanup
Event: 284.375 Executing VM operation: Cleanup done
Event: 288.376 Executing VM operation: Cleanup
Event: 288.376 Executing VM operation: Cleanup done
Event: 289.377 Executing VM operation: Cleanup
Event: 289.377 Executing VM operation: Cleanup done
Event: 296.380 Executing VM operation: Cleanup
Event: 296.380 Executing VM operation: Cleanup done
Event: 312.390 Executing VM operation: Cleanup
Event: 312.390 Executing VM operation: Cleanup done
Event: 317.390 Executing VM operation: Cleanup
Event: 317.390 Executing VM operation: Cleanup done
Event: 319.391 Executing VM operation: Cleanup
Event: 319.391 Executing VM operation: Cleanup done
Event: 320.391 Executing VM operation: Cleanup
Event: 320.391 Executing VM operation: Cleanup done

Events (20 events):
Event: 140.038 loading class jdk/internal/logger/LazyLoggers$1
Event: 140.038 loading class jdk/internal/logger/LazyLoggers$1 done
Event: 140.038 loading class jdk/internal/logger/LazyLoggers$LazyLoggerFactories
Event: 140.038 loading class jdk/internal/logger/LazyLoggers$LazyLoggerFactories done
Event: 140.039 loading class jdk/internal/logger/LoggerFinderLoader
Event: 140.039 loading class jdk/internal/logger/LoggerFinderLoader done
Event: 140.040 loading class sun/util/logging/internal/LoggingProviderImpl$JULWrapper
Event: 140.041 loading class sun/util/logging/PlatformLogger$ConfigurableBridge$LoggerConfiguration
Event: 140.042 loading class sun/util/logging/PlatformLogger$ConfigurableBridge$LoggerConfiguration done
Event: 140.042 loading class sun/util/logging/internal/LoggingProviderImpl$JULWrapper done
Event: 140.042 loading class java/io/ObjectInputFilter
Event: 140.042 loading class java/io/ObjectInputFilter done
Event: 140.043 loading class java/io/ObjectInputFilter$Config$BuiltinFilterFactory
Event: 140.043 loading class java/io/ObjectInputFilter$Config$BuiltinFilterFactory done
Event: 140.044 loading class jdk/internal/access/JavaObjectInputFilterAccess
Event: 140.044 loading class jdk/internal/access/JavaObjectInputFilterAccess done
Event: 140.044 loading class java/lang/System$Logger$Level
Event: 140.045 loading class java/lang/System$Logger$Level done
Event: 140.045 loading class java/io/Bits
Event: 140.045 loading class java/io/Bits done


Dynamic libraries:
0x00007ff6e7330000 - 0x00007ff6e7340000 	C:\Program Files\Java\jdk-17.0.5\bin\java.exe
0x00007ff961350000 - 0x00007ff961545000 	C:\WINDOWS\SYSTEM32\ntdll.dll
0x00007ff961060000 - 0x00007ff96111e000 	C:\WINDOWS\System32\KERNEL32.DLL
0x00007ff95eaa0000 - 0x00007ff95ed69000 	C:\WINDOWS\System32\KERNELBASE.dll
0x00007ff95f030000 - 0x00007ff95f130000 	C:\WINDOWS\System32\ucrtbase.dll
0x00007ff94d1c0000 - 0x00007ff94d1d8000 	C:\Program Files\Java\jdk-17.0.5\bin\jli.dll
0x00007ff95f980000 - 0x00007ff95fa2c000 	C:\WINDOWS\System32\ADVAPI32.dll
0x00007ff95ffe0000 - 0x00007ff96007e000 	C:\WINDOWS\System32\msvcrt.dll
0x00007ff9611a0000 - 0x00007ff96123b000 	C:\WINDOWS\System32\sechost.dll
0x00007ff960f30000 - 0x00007ff96105a000 	C:\WINDOWS\System32\RPCRT4.dll
0x00007ff95f5e0000 - 0x00007ff95f781000 	C:\WINDOWS\System32\USER32.dll
0x00007ff95ea70000 - 0x00007ff95ea92000 	C:\WINDOWS\System32\win32u.dll
0x00007ff960090000 - 0x00007ff9600bb000 	C:\WINDOWS\System32\GDI32.dll
0x00007ff95f290000 - 0x00007ff95f39b000 	C:\WINDOWS\System32\gdi32full.dll
0x00007ff95eea0000 - 0x00007ff95ef3d000 	C:\WINDOWS\System32\msvcp_win.dll
0x00007ff94d1a0000 - 0x00007ff94d1ba000 	C:\Program Files\Java\jdk-17.0.5\bin\VCRUNTIME140.dll
0x00007ff94c7a0000 - 0x00007ff94ca3a000 	C:\WINDOWS\WinSxS\amd64_microsoft.windows.common-controls_6595b64144ccf1df_6.0.19041.1110_none_60b5254171f9507e\COMCTL32.dll
0x00007ff956d70000 - 0x00007ff956d7a000 	C:\WINDOWS\SYSTEM32\VERSION.dll
0x00007ff960e50000 - 0x00007ff960e80000 	C:\WINDOWS\System32\IMM32.DLL
0x00007ff94d150000 - 0x00007ff94d15c000 	C:\Program Files\Java\jdk-17.0.5\bin\vcruntime140_1.dll
0x00007ff93b990000 - 0x00007ff93ba1d000 	C:\Program Files\Java\jdk-17.0.5\bin\msvcp140.dll
0x00007ff906050000 - 0x00007ff906c12000 	C:\Program Files\Java\jdk-17.0.5\bin\server\jvm.dll
0x00007ff95f5d0000 - 0x00007ff95f5d8000 	C:\WINDOWS\System32\PSAPI.DLL
0x00007ff943330000 - 0x00007ff943339000 	C:\WINDOWS\SYSTEM32\WSOCK32.dll
0x00007ff95f790000 - 0x00007ff95f7fb000 	C:\WINDOWS\System32\WS2_32.dll
0x00007ff94ca40000 - 0x00007ff94ca67000 	C:\WINDOWS\SYSTEM32\WINMM.dll
0x00007ff95d2b0000 - 0x00007ff95d2c2000 	C:\WINDOWS\SYSTEM32\kernel.appcore.dll
0x00007ff94d140000 - 0x00007ff94d14a000 	C:\Program Files\Java\jdk-17.0.5\bin\jimage.dll
0x00007ff9437f0000 - 0x00007ff9439d4000 	C:\WINDOWS\SYSTEM32\DBGHELP.DLL
0x00007ff943070000 - 0x00007ff94309c000 	C:\WINDOWS\SYSTEM32\dbgcore.DLL
0x00007ff95efa0000 - 0x00007ff95f023000 	C:\WINDOWS\System32\bcryptPrimitives.dll
0x00007ff945f10000 - 0x00007ff945f35000 	C:\Program Files\Java\jdk-17.0.5\bin\java.dll
0x00007ff939d20000 - 0x00007ff939df6000 	C:\Program Files\Java\jdk-17.0.5\bin\jsvml.dll
0x00007ff960420000 - 0x00007ff960b5f000 	C:\WINDOWS\System32\SHELL32.dll
0x00007ff95cb10000 - 0x00007ff95d2a0000 	C:\WINDOWS\SYSTEM32\windows.storage.dll
0x00007ff9600c0000 - 0x00007ff960415000 	C:\WINDOWS\System32\combase.dll
0x00007ff95e3e0000 - 0x00007ff95e40c000 	C:\WINDOWS\SYSTEM32\Wldp.dll
0x00007ff960e80000 - 0x00007ff960f2d000 	C:\WINDOWS\System32\SHCORE.dll
0x00007ff960b60000 - 0x00007ff960bb5000 	C:\WINDOWS\System32\shlwapi.dll
0x00007ff95e9b0000 - 0x00007ff95e9cf000 	C:\WINDOWS\SYSTEM32\profapi.dll
0x00007ff946190000 - 0x00007ff9461a9000 	C:\Program Files\Java\jdk-17.0.5\bin\net.dll
0x00007ff954f60000 - 0x00007ff955068000 	C:\WINDOWS\SYSTEM32\WINHTTP.dll
0x00007ff95e1c0000 - 0x00007ff95e22a000 	C:\WINDOWS\system32\mswsock.dll
0x00007ff9452e0000 - 0x00007ff9452f6000 	C:\Program Files\Java\jdk-17.0.5\bin\nio.dll
0x00007ff93baa0000 - 0x00007ff93bab8000 	C:\Program Files\Java\jdk-17.0.5\bin\zip.dll
0x00007ff93ba90000 - 0x00007ff93baa0000 	C:\Program Files\Java\jdk-17.0.5\bin\verify.dll
0x00007ff93b950000 - 0x00007ff93b977000 	C:\Users\Harmit\.gradle\native\e1d6ef7f7dcc3fd88c89a11ec53ec762bb8ba0a96d01ffa2cd45eb1d1d8dd5c5\windows-amd64\native-platform.dll
0x00007ff93ba80000 - 0x00007ff93ba8a000 	C:\Users\Harmit\.gradle\native\jansi\1.18\windows64\jansi.dll
0x00007ff93ba70000 - 0x00007ff93ba79000 	C:\Program Files\Java\jdk-17.0.5\bin\management.dll
0x00007ff93b800000 - 0x00007ff93b80b000 	C:\Program Files\Java\jdk-17.0.5\bin\management_ext.dll
0x00007ff95e420000 - 0x00007ff95e438000 	C:\WINDOWS\SYSTEM32\CRYPTSP.dll
0x00007ff95daf0000 - 0x00007ff95db24000 	C:\WINDOWS\system32\rsaenh.dll
0x00007ff95edc0000 - 0x00007ff95ede7000 	C:\WINDOWS\System32\bcrypt.dll
0x00007ff95e970000 - 0x00007ff95e99e000 	C:\WINDOWS\SYSTEM32\USERENV.dll
0x00007ff95e350000 - 0x00007ff95e35c000 	C:\WINDOWS\SYSTEM32\CRYPTBASE.dll
0x00007ff95de80000 - 0x00007ff95debb000 	C:\WINDOWS\SYSTEM32\IPHLPAPI.DLL
0x00007ff95f8b0000 - 0x00007ff95f8b8000 	C:\WINDOWS\System32\NSI.dll
0x00007ff953eb0000 - 0x00007ff953ec7000 	C:\WINDOWS\SYSTEM32\dhcpcsvc6.DLL
0x00007ff954f40000 - 0x00007ff954f5d000 	C:\WINDOWS\SYSTEM32\dhcpcsvc.DLL
0x00007ff95ded0000 - 0x00007ff95df9c000 	C:\WINDOWS\SYSTEM32\DNSAPI.dll
0x00007ff958f80000 - 0x00007ff958f8e000 	C:\Program Files\Java\jdk-17.0.5\bin\sunmscapi.dll
0x00007ff95f130000 - 0x00007ff95f286000 	C:\WINDOWS\System32\CRYPT32.dll
0x00007ff95e530000 - 0x00007ff95e557000 	C:\WINDOWS\SYSTEM32\ncrypt.dll
0x00007ff95e4f0000 - 0x00007ff95e52b000 	C:\WINDOWS\SYSTEM32\NTASN1.dll
0x00007ff9586a0000 - 0x00007ff9586a7000 	C:\WINDOWS\system32\wshunix.dll

dbghelp: loaded successfully - version: 4.0.5 - missing functions: none
symbol engine: initialized successfully - sym options: 0x614 - pdb path: .;C:\Program Files\Java\jdk-17.0.5\bin;C:\WINDOWS\SYSTEM32;C:\WINDOWS\WinSxS\amd64_microsoft.windows.common-controls_6595b64144ccf1df_6.0.19041.1110_none_60b5254171f9507e;C:\Program Files\Java\jdk-17.0.5\bin\server;C:\Users\Harmit\.gradle\native\e1d6ef7f7dcc3fd88c89a11ec53ec762bb8ba0a96d01ffa2cd45eb1d1d8dd5c5\windows-amd64;C:\Users\Harmit\.gradle\native\jansi\1.18\windows64

VM Arguments:
jvm_args: -Xmx64m -Xms64m -Dorg.gradle.appname=gradlew 
java_command: org.gradle.wrapper.GradleWrapperMain app:installDebug -PreactNativeDevServerPort=8081
java_class_path (initial): D:\Blueprint\sistema\android\\gradle\wrapper\gradle-wrapper.jar
Launcher Type: SUN_STANDARD

[Global flags]
     intx CICompilerCount                          = 3                                         {product} {ergonomic}
     uint ConcGCThreads                            = 1                                         {product} {ergonomic}
     uint G1ConcRefinementThreads                  = 4                                         {product} {ergonomic}
   size_t G1HeapRegionSize                         = 1048576                                   {product} {ergonomic}
    uintx GCDrainStackTargetSize                   = 64                                        {product} {ergonomic}
   size_t InitialHeapSize                          = 67108864                                  {product} {command line}
   size_t MarkStackSize                            = 4194304                                   {product} {ergonomic}
   size_t MaxHeapSize                              = 67108864                                  {product} {command line}
   size_t MaxNewSize                               = 39845888                                  {product} {ergonomic}
   size_t MinHeapDeltaBytes                        = 1048576                                   {product} {ergonomic}
   size_t MinHeapSize                              = 67108864                                  {product} {command line}
    uintx NonNMethodCodeHeapSize                   = 5832780                                {pd product} {ergonomic}
    uintx NonProfiledCodeHeapSize                  = 122912730                              {pd product} {ergonomic}
    uintx ProfiledCodeHeapSize                     = 122912730                              {pd product} {ergonomic}
    uintx ReservedCodeCacheSize                    = 251658240                              {pd product} {ergonomic}
     bool SegmentedCodeCache                       = true                                      {product} {ergonomic}
   size_t SoftMaxHeapSize                          = 67108864                               {manageable} {ergonomic}
     bool UseCompressedClassPointers               = true                           {product lp64_product} {ergonomic}
     bool UseCompressedOops                        = true                           {product lp64_product} {ergonomic}
     bool UseG1GC                                  = true                                      {product} {ergonomic}
     bool UseLargePagesIndividualAllocation        = false                                  {pd product} {ergonomic}

Logging:
Log output configuration:
 #0: stdout all=warning uptime,level,tags
 #1: stderr all=off uptime,level,tags

Environment Variables:
JAVA_HOME=C:\Program Files\Java\jdk-17.0.5
CLASSPATH=D:\Blueprint\sistema\android\\gradle\wrapper\gradle-wrapper.jar
PATH=D:\Blueprint\sistema\android\node_modules\.bin;D:\Blueprint\sistema\node_modules\.bin;D:\Blueprint\node_modules\.bin;D:\node_modules\.bin;C:\Program Files\nodejs;C:\Users\Harmit\AppData\Local\Temp\yarn--1676428678351-0.44658530619767856;D:\Blueprint\sistema\node_modules\.bin;C:\Users\Harmit\AppData\Local\Yarn\Data\link\node_modules\.bin;C:\Users\Harmit\AppData\Local\Yarn\bin;C:\Program Files\libexec\lib\node_modules\npm\bin\node-gyp-bin;C:\Program Files\lib\node_modules\npm\bin\node-gyp-bin;C:\Program Files\nodejs\node_modules\npm\bin\node-gyp-bin;C:\Program Files\Common Files\Oracle\Java\javapath;C:\Program Files (x86)\Common Files\Oracle\Java\javapath;C:\Program Files (x86)\Intel\iCLS Client\;C:\Program Files\Intel\iCLS Client\;C:\Windows\system32;C:\Windows;C:\Windows\System32\Wbem;C:\Windows\System32\WindowsPowerShell\v1.0\;C:\Program Files (x86)\Intel\Intel(R) Management Engine Components\DAL;C:\Program Files\Intel\Intel(R) Management Engine Components\DAL;C:\Program Files (x86)\Intel\Intel(R) Management Engine Components\IPT;C:\Program Files\Intel\Intel(R) Management Engine Components\IPT;C:\Program Files (x86)\Wireless Docking\;C:\Program Files (x86)\NVIDIA Corporation\PhysX\Common;C:\WINDOWS\system32;C:\WINDOWS;C:\WINDOWS\System32\Wbem;C:\WINDOWS\System32\WindowsPowerShell\v1.0\;C:\WINDOWS\System32\OpenSSH\;C:\Program Files (x86)\Codebox\BitMeterOS;C:\WINDOWS\system32;C:\WINDOWS;C:\WINDOWS\System32\Wbem;C:\WINDOWS\System32\WindowsPowerShell\v1.0\;C:\WINDOWS\System32\OpenSSH\;C:\Program Files\Git\cmd;C:\ProgramData\chocolatey\bin;C:\Program Files\nodejs\;C:\Program Files\dotnet\;D:\PuTTY\;C:\Program Files\MySQL\MySQL Shell 8.0\bin\;C:\Users\Harmit\AppData\Local\Microsoft\WindowsApps;D:\Microsoft VS Code\bin;D:\msys64\mingw64\bin;C:\Users\Harmit\AppData\Roaming\npm;C:\Users\Harmit\AppData\Local\Android\Sdk\platform-tools;
USERNAME=Harmit
OS=Windows_NT
PROCESSOR_IDENTIFIER=Intel64 Family 6 Model 78 Stepping 3, GenuineIntel



---------------  S Y S T E M  ---------------

OS:
 Windows 10 , 64 bit Build 19041 (10.0.19041.1202)
OS uptime: 2 days 10:41 hours
Hyper-V role detected

CPU: total 4 (initial active 4) (2 cores per cpu, 2 threads per core) family 6 model 78 stepping 3 microcode 0xcc, cx8, cmov, fxsr, ht, mmx, 3dnowpref, sse, sse2, sse3, ssse3, sse4.1, sse4.2, popcnt, lzcnt, tsc, tscinvbit, avx, avx2, aes, erms, clmul, bmi1, bmi2, adx, fma, vzeroupper, clflush, clflushopt, hv

Memory: 4k page, system-wide physical 8049M (353M free)
TotalPageFile size 17846M (AvailPageFile size 0M)
current process WorkingSet (physical memory assigned to process): 44M, peak: 91M
current process commit charge ("private bytes"): 155M, peak: 181M

vm_info: Java HotSpot(TM) 64-Bit Server VM (17.0.5+9-LTS-191) for windows-amd64 JRE (17.0.5+9-LTS-191), built on Sep 13 2022 17:31:43 by "mach5one" with MS VC++ 16.8 / 16.9 (VS2019)

END.
